2025-06-06 12:12:40,889 WARNING log Not Found: /favicon.ico
2025-06-07 03:20:10,067 WARNING log Not Found: /robots.txt
2025-06-07 06:23:54,012 WARNING log Not Found: /favicon.ico
2025-06-07 06:24:40,185 WARNING log Not Found: /favicon.ico
2025-06-07 10:02:41,376 WARNING log Not Found: /favicon.ico
2025-06-08 02:06:00,664 WARNING log Not Found: /.env
2025-06-08 02:06:00,762 WARNING log Not Found: /phpinfo/
2025-06-08 02:06:00,811 WARNING log Not Found: /phpinfo.php
2025-06-08 02:06:00,859 WARNING log Not Found: /portal/.env
2025-06-08 02:06:00,908 WARNING log Not Found: /env/.env
2025-06-08 02:06:00,956 WARNING log Not Found: /api/.env
2025-06-08 02:06:01,005 WARNING log Not Found: /app/.env
2025-06-08 02:06:01,053 WARNING log Not Found: /dev/.env
2025-06-08 02:06:01,101 WARNING log Not Found: /new/.env
2025-06-08 02:06:01,149 WARNING log Not Found: /new/.env.local
2025-06-08 02:06:01,197 WARNING log Not Found: /new/.env.production
2025-06-08 02:06:01,246 WARNING log Not Found: /new/.env.staging
2025-06-08 02:06:01,294 WARNING log Not Found: /_phpinfo.php
2025-06-08 02:06:01,342 WARNING log Not Found: /_profiler/phpinfo
2025-06-08 02:06:01,390 WARNING log Not Found: /_profiler/phpinfo/info.php
2025-06-08 02:06:01,443 WARNING log Not Found: /_profiler/phpinfo/phpinfo.php
2025-06-08 02:06:01,540 WARNING log Not Found: /wp-config/
2025-06-08 02:06:01,588 WARNING log Not Found: /aws-secret.yaml
2025-06-08 02:06:01,636 WARNING log Not Found: /awstats/.env
2025-06-08 02:06:01,685 WARNING log Not Found: /conf/.env
2025-06-08 02:06:01,733 WARNING log Not Found: /cron/.env
2025-06-08 02:06:01,781 WARNING log Not Found: /www/.env
2025-06-08 02:06:01,830 WARNING log Not Found: /docker/.env
2025-06-08 02:06:01,878 WARNING log Not Found: /docker/app/.env
2025-06-08 02:06:01,926 WARNING log Not Found: /env.backup
2025-06-08 02:06:01,974 WARNING log Not Found: /xampp/phpinfo.php
2025-06-08 02:06:02,023 WARNING log Not Found: /lara/info.php
2025-06-08 02:06:02,072 WARNING log Not Found: /lara/phpinfo.php
2025-06-08 02:06:02,120 WARNING log Not Found: /laravel/info.php
2025-06-08 02:06:02,168 WARNING log Not Found: /.vscode/.env
2025-06-08 02:06:02,217 WARNING log Not Found: /js/.env
2025-06-08 02:06:02,265 WARNING log Not Found: /laravel/.env
2025-06-08 02:06:02,313 WARNING log Not Found: /laravel/core/.env
2025-06-08 02:06:02,361 WARNING log Not Found: /mail/.env
2025-06-08 02:06:02,410 WARNING log Not Found: /mailer/.env
2025-06-08 02:06:02,458 WARNING log Not Found: /nginx/.env
2025-06-08 02:06:02,506 WARNING log Not Found: /public/.env
2025-06-08 02:06:02,554 WARNING log Not Found: /site/.env
2025-06-08 02:06:02,603 WARNING log Not Found: /xampp/.env
2025-06-08 02:06:02,651 WARNING log Not Found: /.docker/laravel/app/.env
2025-06-08 02:06:03,034 WARNING log Not Found: /laravel/.env.local
2025-06-08 02:06:03,082 WARNING log Not Found: /laravel/.env.production
2025-06-08 02:06:03,130 WARNING log Not Found: /laravel/.env.staging
2025-06-08 02:06:03,220 WARNING log Not Found: /laravel/core/.env.local
2025-06-08 02:06:03,268 WARNING log Not Found: /laravel/core/.env.production
2025-06-08 02:06:03,317 WARNING log Not Found: /laravel/core/.env.staging
2025-06-08 02:06:03,364 WARNING log Not Found: /main/.env
2025-06-08 02:06:03,415 WARNING log Not Found: /node_modules/.env
2025-06-08 02:06:03,463 WARNING log Not Found: /_profiler/phpinfo
2025-06-08 02:06:03,511 WARNING log Not Found: /_profiler/phpinfo.php
2025-06-08 02:06:03,609 WARNING log Not Found: /phpinfo/
2025-06-08 02:06:03,658 WARNING log Not Found: /phpinfo.php
2025-06-08 02:06:03,755 WARNING log Not Found: /info/
2025-06-08 02:06:03,803 WARNING log Not Found: /info.php
2025-06-08 02:06:03,852 WARNING log Not Found: /.env
2025-06-08 02:06:03,901 WARNING log Not Found: /app/.env
2025-06-08 02:06:03,949 WARNING log Not Found: /.env.bak
2025-06-08 02:06:03,997 WARNING log Not Found: /.env.example
2025-06-08 02:06:04,046 WARNING log Not Found: /.env.local
2025-06-08 02:06:04,094 WARNING log Not Found: /.env.old
2025-06-08 02:06:04,142 WARNING log Not Found: /.env.prod
2025-06-08 02:06:04,189 WARNING log Not Found: /.env.production.local
2025-06-08 02:06:04,238 WARNING log Not Found: /.env.stage
2025-06-08 02:06:14,540 WARNING log Not Found: /apps/.env
2025-06-08 02:06:14,586 WARNING log Not Found: /.git/config
2025-06-08 10:08:07,805 WARNING log Not Found: /favicon.ico
2025-06-08 10:08:50,312 WARNING log Not Found: /favicon.ico
2025-06-08 10:09:14,175 WARNING log Not Found: /favicon.ico
2025-06-08 17:52:36,969 WARNING log Not Found: /favicon.ico
2025-06-08 17:53:24,258 WARNING log Not Found: /favicon.ico
2025-06-08 22:50:35,541 WARNING log Not Found: /favicon.ico
2025-06-08 22:51:45,922 WARNING log Not Found: /favicon.ico
2025-06-08 22:52:17,365 WARNING log Not Found: /favicon.ico
2025-06-09 11:10:15,974 WARNING log Not Found: /favicon.ico
2025-06-09 11:10:37,160 WARNING log Not Found: /favicon.ico
2025-06-09 11:36:18,136 WARNING log Not Found: /favicon.ico
2025-06-09 11:36:57,052 WARNING log Not Found: /favicon.ico
2025-06-09 14:23:21,673 WARNING log Not Found: /favicon.ico
2025-06-09 14:23:41,947 WARNING log Not Found: /favicon.ico
2025-06-10 07:13:36,185 WARNING log Not Found: /robots.txt
2025-06-11 08:40:47,234 WARNING log Not Found: /.env
2025-06-12 01:23:19,680 WARNING log Not Found: /.env
2025-06-12 01:23:21,082 WARNING log Not Found: /api/.env
2025-06-12 01:23:26,618 WARNING log Not Found: /info.php
2025-06-13 02:21:18,857 WARNING log Not Found: //.env
2025-06-13 20:19:16,251 WARNING log Not Found: /robots.txt
2025-06-13 20:19:16,910 WARNING log Not Found: /robots.txt
2025-06-13 20:50:50,402 WARNING log Not Found: /robots.txt
2025-06-14 00:19:16,920 WARNING log Not Found: /robots.txt
2025-06-14 00:50:50,406 WARNING log Not Found: /robots.txt
2025-06-14 04:04:59,378 WARNING log Not Found: /:6443/../api/v1/namespaces/default/secrets
2025-06-14 04:05:00,400 WARNING log Not Found: /login_up.php
2025-06-14 04:05:02,397 WARNING log Not Found: /pms/
2025-06-14 04:05:04,294 WARNING log Not Found: /cacti/cmd_realtime.php
2025-06-14 04:05:05,888 WARNING log Not Found: /wp-content/plugins/wp-file-manager/lib/php/connector.minimal.php
2025-06-14 04:05:06,143 WARNING log Not Found: /cacti/cmd_realtime.php
2025-06-14 04:05:07,540 WARNING log Not Found: /root/.aws/credentials
2025-06-14 04:05:07,911 WARNING log Not Found: /index.php
2025-06-14 04:05:09,261 WARNING log Not Found: /index.php
2025-06-14 04:05:09,574 WARNING log Not Found: /home/superset/.superset/superset_config.py
2025-06-14 04:05:10,850 WARNING log Not Found: /ajax_dashboard.php
2025-06-14 04:05:11,115 WARNING log Not Found: /remote/fgt_lang
2025-06-14 04:05:12,555 WARNING log Not Found: /root/.aws/credentials
2025-06-14 04:05:12,760 WARNING log Not Found: /mgmt/shared/authn/login/~../~../~../~../root/.aws/credentials
2025-06-14 04:05:14,168 WARNING log Not Found: /root/.aws/credentials
2025-06-14 04:05:14,583 WARNING log Not Found: /index.php/core/preview
2025-06-14 04:05:15,994 WARNING log Not Found: /.env
2025-06-14 04:05:16,527 WARNING log Not Found: /.env.local
2025-06-14 04:05:18,068 WARNING log Not Found: /.env.production
2025-06-14 04:05:18,473 WARNING log Not Found: /blog.env
2025-06-14 04:05:19,769 WARNING log Not Found: /wp-content/.env
2025-06-14 04:05:20,159 WARNING log Not Found: /application/.env
2025-06-14 04:05:23,899 WARNING log Not Found: /app/.env
2025-06-14 04:05:24,205 WARNING log Not Found: /config/.env
2025-06-14 04:05:26,008 WARNING log Not Found: /api/.env
2025-06-14 04:05:27,727 WARNING log Not Found: /config.json
2025-06-14 04:05:29,483 WARNING log Not Found: /laravel/.env
2025-06-14 04:05:31,190 WARNING log Not Found: /library/.env
2025-06-14 04:05:32,969 WARNING log Not Found: /nextjs-app/.env
2025-06-14 04:05:34,904 WARNING log Not Found: /node-api/.env
2025-06-14 04:05:36,921 WARNING log Not Found: /vendor/.env
2025-06-14 04:05:38,840 WARNING log Not Found: /.aws/credentials
2025-06-14 04:05:40,730 WARNING log Not Found: /backend/.env
2025-06-14 04:05:42,833 WARNING log Not Found: /home/user/.aws/credentials
2025-06-14 04:05:44,616 WARNING log Not Found: /myproject/.env
2025-06-14 04:05:46,640 WARNING log Not Found: /.envs/.production/.django
2025-06-14 04:05:48,392 WARNING log Not Found: /react-app/.env
2025-06-14 04:05:50,373 WARNING log Not Found: /react-app/.env.production
2025-06-14 04:05:52,082 WARNING log Not Found: /config/secrets.json
2025-06-14 04:05:54,123 WARNING log Not Found: /config/settings.json
2025-06-14 04:05:56,394 WARNING log Not Found: /config.yaml
2025-06-14 04:05:58,828 WARNING log Not Found: /config.yml
2025-06-14 04:06:04,110 WARNING log Not Found: /config.py
2025-06-14 04:06:07,315 WARNING log Not Found: /phpinfo/
2025-06-14 04:06:08,978 WARNING log Not Found: /_profiler/phpinfo
2025-06-14 04:06:10,793 WARNING log Not Found: /phpinfo.php
2025-06-14 04:06:12,504 WARNING log Not Found: /info.php
2025-06-14 04:06:14,297 WARNING log Not Found: /wp-content/plugins/wp-cloud/endpoint.php
2025-06-14 04:06:16,489 WARNING log Not Found: /index.php
2025-06-14 04:06:18,559 WARNING log Not Found: /etc/passwd
2025-06-14 04:06:23,365 WARNING log Not Found: /etc/passwd
2025-06-14 04:06:25,493 WARNING log Not Found: /pdf-generator/
2025-06-14 04:06:27,220 WARNING log Not Found: /download.cgi
2025-06-14 04:06:30,324 WARNING log Not Found: /somepath/
2025-06-14 04:06:32,018 WARNING log Not Found: /root/.aws/credentials
2025-06-14 04:06:42,748 WARNING log Not Found: /download/
2025-06-14 04:06:47,292 WARNING log Not Found: /fileviewer/
2025-06-14 04:06:52,084 WARNING log Not Found: /api/v1/resources
2025-06-14 04:06:56,893 WARNING log Not Found: /api/v1/logs
2025-06-14 04:06:59,958 WARNING log Not Found: /download/
2025-06-14 04:07:05,243 WARNING log Not Found: /report/
2025-06-14 04:07:06,752 WARNING log Not Found: /config/download
2025-06-14 04:07:08,422 WARNING log Not Found: /file.php
2025-06-14 04:07:10,269 WARNING log Not Found: /download_file.php
2025-06-14 04:07:12,012 WARNING log Not Found: /getfile.php
2025-06-14 04:07:13,588 WARNING log Not Found: /logs/read
2025-06-14 04:07:17,575 WARNING log Not Found: /download_attachment/
2025-06-14 04:07:19,397 WARNING log Not Found: /plugin/download
2025-06-14 04:07:21,072 WARNING log Not Found: /assets/download
2025-06-14 04:07:22,603 WARNING log Not Found: /fileserver/download
2025-06-14 04:07:24,246 WARNING log Not Found: /user/download
2025-06-14 04:07:26,008 WARNING log Not Found: /docker-dashboard/api/files
2025-06-14 04:07:27,597 WARNING log Not Found: /docker-dashboard/api/files
2025-06-14 04:07:29,319 WARNING log Not Found: /docker-ui/api/download
2025-06-14 04:07:31,029 WARNING log Not Found: /docker-ui/api/download
2025-06-14 04:07:32,826 WARNING log Not Found: /volumes/download
2025-06-14 04:07:34,885 WARNING log Not Found: /volumes/download
2025-06-14 04:07:37,187 WARNING log Not Found: /docker/config
2025-06-14 04:07:39,895 WARNING log Not Found: /docker/config
2025-06-14 04:07:41,561 WARNING log Not Found: /docker/config
2025-06-14 04:07:43,365 WARNING log Not Found: /api/v1/download
2025-06-14 04:07:45,043 WARNING log Not Found: /api/v1/download
2025-06-14 04:07:48,489 WARNING log Not Found: /docker-logs/
2025-06-14 04:07:54,342 WARNING log Not Found: /docker-logs/
2025-06-14 04:07:55,769 WARNING log Not Found: /volumes/download
2025-06-14 04:07:57,357 WARNING log Not Found: /volumes/download
2025-06-14 13:52:43,861 WARNING log Not Found: /ads.txt
2025-06-15 10:03:25,607 WARNING log Not Found: /sftp-config.json
2025-06-15 10:03:29,612 WARNING log Not Found: /.vscode/sftp.json
2025-06-16 18:56:29,592 WARNING log Not Found: /favicon.ico
2025-06-16 20:34:46,086 WARNING log Not Found: /favicon.ico
2025-06-16 23:19:01,584 WARNING log Not Found: /favicon.ico
2025-06-17 14:31:07,825 WARNING log Not Found: /robots.txt
2025-06-18 21:55:44,606 WARNING log Not Found: /wordpress/
2025-06-18 21:55:44,699 WARNING log Not Found: /wp-admin/setup-config.php
2025-06-18 21:55:44,797 WARNING log Not Found: /wp-admin/install.php
2025-06-18 21:55:44,989 WARNING log Not Found: /wp/
2025-06-18 21:55:45,133 WARNING log Not Found: /blog/
2025-06-18 21:55:45,272 WARNING log Not Found: /new/
2025-06-18 21:55:45,415 WARNING log Not Found: /old/
2025-06-18 21:55:45,576 WARNING log Not Found: /newsite/
2025-06-18 21:55:45,729 WARNING log Not Found: /test/
2025-06-18 21:55:45,872 WARNING log Not Found: /main/
2025-06-18 21:55:46,022 WARNING log Not Found: /testing/
2025-06-18 21:55:46,167 WARNING log Not Found: /site/
2025-06-18 21:55:46,324 WARNING log Not Found: /backup/
2025-06-18 21:55:46,476 WARNING log Not Found: /demo/
2025-06-18 21:55:46,627 WARNING log Not Found: /home/
2025-06-18 21:55:46,771 WARNING log Not Found: /tmp/
2025-06-18 21:55:46,927 WARNING log Not Found: /dev/
2025-06-18 21:55:47,071 WARNING log Not Found: /cms/
2025-06-18 21:55:47,218 WARNING log Not Found: /portal/
2025-06-18 21:55:47,365 WARNING log Not Found: /web/
2025-06-19 15:19:08,376 WARNING log Not Found: /favicon.ico
2025-06-19 15:19:50,971 WARNING log Not Found: /favicon.ico
2025-06-19 15:20:13,745 WARNING log Not Found: /.well-known/security.txt
2025-06-20 12:51:11,732 WARNING log Not Found: /robots.txt
2025-06-21 01:49:56,214 WARNING log Not Found: /.env
2025-06-21 01:49:56,379 WARNING log Not Found: /.env
2025-06-23 13:36:57,029 WARNING log Not Found: /favicon.ico
2025-06-23 19:23:29,568 WARNING log Not Found: /favicon.ico
2025-06-23 20:40:37,086 WARNING log Not Found: /robots.txt
2025-06-24 06:04:30,937 WARNING log Not Found: /favicon.ico
2025-06-24 06:04:51,319 WARNING log Not Found: /favicon.ico
2025-06-24 06:04:59,624 WARNING log Not Found: /security.txt
2025-06-24 14:14:36,335 WARNING log Not Found: /favicon.ico
2025-06-26 07:57:03,277 WARNING log Not Found: //wp-includes/wlwmanifest.xml
2025-06-26 07:57:04,957 WARNING log Not Found: //xmlrpc.php
2025-06-26 07:57:05,294 WARNING log Not Found: //blog/wp-includes/wlwmanifest.xml
2025-06-26 07:57:05,393 WARNING log Not Found: //web/wp-includes/wlwmanifest.xml
2025-06-26 07:57:05,494 WARNING log Not Found: //wordpress/wp-includes/wlwmanifest.xml
2025-06-26 07:57:05,607 WARNING log Not Found: //website/wp-includes/wlwmanifest.xml
2025-06-26 07:57:07,771 WARNING log Not Found: //wp/wp-includes/wlwmanifest.xml
2025-06-26 07:57:07,959 WARNING log Not Found: //news/wp-includes/wlwmanifest.xml
2025-06-26 07:57:08,106 WARNING log Not Found: //2018/wp-includes/wlwmanifest.xml
2025-06-26 07:57:08,206 WARNING log Not Found: //2019/wp-includes/wlwmanifest.xml
2025-06-26 07:57:08,374 WARNING log Not Found: //shop/wp-includes/wlwmanifest.xml
2025-06-26 07:57:08,515 WARNING log Not Found: //wp1/wp-includes/wlwmanifest.xml
2025-06-26 07:57:08,629 WARNING log Not Found: //test/wp-includes/wlwmanifest.xml
2025-06-26 07:57:08,884 WARNING log Not Found: //wp2/wp-includes/wlwmanifest.xml
2025-06-26 07:57:09,302 WARNING log Not Found: //site/wp-includes/wlwmanifest.xml
2025-06-26 07:57:09,443 WARNING log Not Found: //cms/wp-includes/wlwmanifest.xml
2025-06-26 07:57:09,581 WARNING log Not Found: //sito/wp-includes/wlwmanifest.xml
2025-06-26 11:02:42,687 WARNING log Not Found: //wp-includes/wlwmanifest.xml
2025-06-26 11:02:42,773 WARNING log Not Found: //xmlrpc.php
2025-06-26 11:02:42,997 WARNING log Not Found: //blog/wp-includes/wlwmanifest.xml
2025-06-26 11:02:43,143 WARNING log Not Found: //web/wp-includes/wlwmanifest.xml
2025-06-26 11:02:43,270 WARNING log Not Found: //wordpress/wp-includes/wlwmanifest.xml
2025-06-26 11:02:43,461 WARNING log Not Found: //website/wp-includes/wlwmanifest.xml
2025-06-26 11:02:43,574 WARNING log Not Found: //wp/wp-includes/wlwmanifest.xml
2025-06-26 11:02:43,648 WARNING log Not Found: //news/wp-includes/wlwmanifest.xml
2025-06-26 11:02:43,741 WARNING log Not Found: //2018/wp-includes/wlwmanifest.xml
2025-06-26 11:02:43,842 WARNING log Not Found: //2019/wp-includes/wlwmanifest.xml
2025-06-26 11:02:43,940 WARNING log Not Found: //shop/wp-includes/wlwmanifest.xml
2025-06-26 11:02:44,041 WARNING log Not Found: //wp1/wp-includes/wlwmanifest.xml
2025-06-26 11:02:44,172 WARNING log Not Found: //test/wp-includes/wlwmanifest.xml
2025-06-26 11:02:44,354 WARNING log Not Found: //wp2/wp-includes/wlwmanifest.xml
2025-06-26 11:02:44,607 WARNING log Not Found: //site/wp-includes/wlwmanifest.xml
2025-06-26 11:02:44,682 WARNING log Not Found: //cms/wp-includes/wlwmanifest.xml
2025-06-26 11:02:44,785 WARNING log Not Found: //sito/wp-includes/wlwmanifest.xml
2025-06-26 22:40:24,847 WARNING log Not Found: /favicon.ico
2025-06-27 06:07:28,482 WARNING log Not Found: /wordpress/
2025-06-27 06:07:28,745 WARNING log Not Found: /wp-admin/setup-config.php
2025-06-27 06:07:29,200 WARNING log Not Found: /wp-admin/install.php
2025-06-27 06:07:30,591 WARNING log Not Found: /wp/
2025-06-27 06:07:31,185 WARNING log Not Found: /blog/
2025-06-27 06:07:31,454 WARNING log Not Found: /new/
2025-06-27 06:07:31,734 WARNING log Not Found: /old/
2025-06-27 06:07:33,139 WARNING log Not Found: /newsite/
2025-06-27 06:07:33,436 WARNING log Not Found: /test/
2025-06-27 06:07:33,761 WARNING log Not Found: /main/
2025-06-27 06:07:34,059 WARNING log Not Found: /testing/
2025-06-27 06:07:35,377 WARNING log Not Found: /site/
2025-06-27 06:07:36,631 WARNING log Not Found: /backup/
2025-06-27 06:07:37,103 WARNING log Not Found: /demo/
2025-06-27 06:07:37,536 WARNING log Not Found: /home/
2025-06-27 06:07:38,131 WARNING log Not Found: /tmp/
2025-06-27 06:07:38,342 WARNING log Not Found: /dev/
2025-06-27 06:07:40,042 WARNING log Not Found: /cms/
2025-06-27 06:07:41,245 WARNING log Not Found: /portal/
2025-06-27 06:07:41,803 WARNING log Not Found: /web/
2025-06-29 08:36:41,248 WARNING log Not Found: /apple-touch-icon-precomposed.png
2025-06-29 08:36:41,252 WARNING log Not Found: /apple-touch-icon.png
2025-06-29 08:36:41,254 WARNING log Not Found: /favicon.ico
2025-06-29 08:36:47,440 WARNING log Not Found: /apple-touch-icon-120x120-precomposed.png
2025-06-29 08:36:47,475 WARNING log Not Found: /apple-touch-icon-120x120.png
2025-06-29 08:36:47,510 WARNING log Not Found: /apple-touch-icon.png
2025-06-29 08:36:47,546 WARNING log Not Found: /apple-touch-icon.png
2025-07-03 01:38:02,353 WARNING log Not Found: /robots.txt
2025-07-03 02:25:33,068 WARNING log Not Found: /favicon.ico
2025-07-03 02:25:34,047 WARNING log Not Found: /favicon.ico
2025-07-03 03:32:47,807 WARNING log Not Found: /favicon.ico
2025-07-05 13:34:02,243 WARNING log Not Found: /favicon.ico
2025-07-05 13:35:22,364 DEBUG base Exception while resolving variable 'password_url' in template 'auth/widgets/read_only_password_hash.html'.
Traceback (most recent call last):
  File "/usr/local/lib/python3.10/dist-packages/django/template/base.py", line 891, in _resolve_lookup
    current = current[bit]
  File "/usr/local/lib/python3.10/dist-packages/django/template/context.py", line 88, in __getitem__
    raise KeyError(key)
KeyError: 'password_url'

During handling of the above exception, another exception occurred:

Traceback (most recent call last):
  File "/usr/local/lib/python3.10/dist-packages/django/template/base.py", line 897, in _resolve_lookup
    if isinstance(current, BaseContext) and getattr(
AttributeError: type object 'Context' has no attribute 'password_url'

During handling of the above exception, another exception occurred:

Traceback (most recent call last):
  File "/usr/local/lib/python3.10/dist-packages/django/template/base.py", line 907, in _resolve_lookup
    current = current[int(bit)]
ValueError: invalid literal for int() with base 10: 'password_url'

During handling of the above exception, another exception occurred:

Traceback (most recent call last):
  File "/usr/local/lib/python3.10/dist-packages/django/template/base.py", line 914, in _resolve_lookup
    raise VariableDoesNotExist(
django.template.base.VariableDoesNotExist: Failed lookup for key [password_url] in [{'True': True, 'False': False, 'None': None}, {'widget': {'name': 'password', 'is_hidden': False, 'required': False, 'value': 'pbkdf2_sha256$1000000$CKZvQKTrXCV274IUkJyZQe$0dr4jQVxQ0MrkdDqWru0PSaMT8DSI7WYOgxD4oolqvg=', 'attrs': {'disabled': True, 'aria-describedby': 'id_password_helptext', 'id': 'id_password'}, 'template_name': 'auth/widgets/read_only_password_hash.html'}, 'summary': [{'label': 'алгоритм', 'value': 'pbkdf2_sha256'}, {'label': 'итерации', 'value': 1000000}, {'label': 'соль', 'value': 'CKZvQK****************'}, {'label': 'хэш', 'value': '0dr4jQ**************************************'}], 'button_label': 'Сбросить пароль'}]
2025-07-05 17:04:39,514 WARNING log Not Found: /.git/config
2025-07-05 17:04:39,641 WARNING log Not Found: /.git/HEAD
2025-07-05 18:31:03,355 WARNING log Not Found: /.git/config
2025-07-05 18:31:03,483 WARNING log Not Found: /.git/HEAD
2025-07-05 22:27:00,634 WARNING log Not Found: /.git/config
2025-07-05 22:27:00,761 WARNING log Not Found: /.git/HEAD
2025-07-06 05:27:26,163 WARNING log Not Found: /.git/HEAD
2025-07-06 07:41:30,210 WARNING log Not Found: /favicon.ico
2025-07-06 07:41:40,593 WARNING log Not Found: /.well-known/security.txt
2025-07-06 07:43:44,022 WARNING log Not Found: /favicon.ico
2025-07-06 21:33:31,777 WARNING log Not Found: /ALFA_DATA/alfacgiapi
2025-07-06 21:37:46,672 WARNING log Not Found: /wp-admin/ALFA_DATA/alfacgiapi/
2025-07-06 21:40:33,784 WARNING log Not Found: /wp-content/ALFA_DATA/alfacgiapi/
2025-07-06 21:43:18,498 WARNING log Not Found: /wp-includes/ALFA_DATA/alfacgiapi/
2025-07-06 21:45:02,490 WARNING log Not Found: /.well-known/ALFA_DATA/alfacgiapi/
2025-07-06 21:45:45,327 WARNING log Not Found: /files/ALFA_DATA/alfacgiapi/
2025-07-06 21:48:35,925 WARNING log Not Found: /images/ALFA_DATA/alfacgiapi/
2025-07-06 21:50:12,805 WARNING log Not Found: /css/ALFA_DATA/alfacgiapi/
2025-07-06 21:52:06,642 WARNING log Not Found: /wp-admin/alfacgiapi/
2025-07-06 21:54:10,261 WARNING log Not Found: /wp-admin/css/about.php/alfacgiapi/
2025-07-06 21:55:04,595 WARNING log Not Found: /wp-includes/alfacgiapi/
2025-07-06 21:56:28,568 WARNING log Not Found: /alfacgiapi/
2025-07-06 21:58:21,091 WARNING log Not Found: /tmp_images/alfacgiapi/
2025-07-06 21:59:59,981 WARNING log Not Found: /wp-content/alfacgiapi/
2025-07-06 22:01:51,678 WARNING log Not Found: /assets/upload/ALFA_DATA/alfacgiapi/
2025-07-06 22:04:03,769 WARNING log Not Found: /blog/ALFA_DATA/alfacgiapi/
2025-07-06 22:05:00,287 WARNING log Not Found: /wp/ALFA_DATA/alfacgiapi/
2025-07-06 22:07:40,881 WARNING log Not Found: /wordpress/ALFA_DATA/alfacgiapi/
2025-07-06 22:09:14,983 WARNING log Not Found: /components/ALFA_DATA/alfacgiapi/
2025-07-06 22:10:54,647 WARNING log Not Found: /upload/ALFA_DATA/alfacgiapi/
2025-07-06 22:12:13,870 WARNING log Not Found: /uploads/ALFA_DATA/alfacgiapi/
2025-07-06 22:14:40,965 WARNING log Not Found: /cgi-bin/ALFA_DATA/alfacgiapi/
2025-07-06 22:15:54,957 WARNING log Not Found: /wp-content/themes/seotheme/db.php
2025-07-06 22:17:39,067 WARNING log Not Found: /Telerik.Web.UI.WebResource.axd
2025-07-06 22:18:44,466 WARNING log Not Found: /deployment-config.json
2025-07-06 22:20:54,687 WARNING log Not Found: /sftp-config.json
2025-07-06 22:22:25,702 WARNING log Not Found: /sftp.json
2025-07-06 22:24:14,363 WARNING log Not Found: /.git/config
2025-07-06 22:25:34,912 WARNING log Not Found: /.ftpconfig
2025-07-06 22:27:07,596 WARNING log Not Found: /config.json
2025-07-06 22:28:56,048 WARNING log Not Found: /.aws/credentials
2025-07-06 22:29:59,860 WARNING log Not Found: /.env
2025-07-06 22:31:59,306 WARNING log Not Found: /api/.env
2025-07-06 22:32:36,349 WARNING log Not Found: /backend/.env
2025-07-06 22:34:54,032 WARNING log Not Found: /core/.env
2025-07-06 22:36:06,063 WARNING log Not Found: /config/.env
2025-07-06 22:37:37,895 WARNING log Not Found: /sftp.json
2025-07-07 01:38:53,391 WARNING log Not Found: /favicon.ico
2025-07-07 18:27:48,534 WARNING log Not Found: /favicon.ico
2025-07-07 20:50:51,019 WARNING log Not Found: /favicon.ico
2025-07-09 04:54:31,074 WARNING log Not Found: //wp-includes/wlwmanifest.xml
2025-07-09 04:54:31,273 WARNING log Not Found: //xmlrpc.php
2025-07-09 04:54:31,669 WARNING log Not Found: //blog/wp-includes/wlwmanifest.xml
2025-07-09 04:54:31,867 WARNING log Not Found: //web/wp-includes/wlwmanifest.xml
2025-07-09 04:54:32,065 WARNING log Not Found: //wordpress/wp-includes/wlwmanifest.xml
2025-07-09 04:54:32,263 WARNING log Not Found: //website/wp-includes/wlwmanifest.xml
2025-07-09 04:54:32,471 WARNING log Not Found: //wp/wp-includes/wlwmanifest.xml
2025-07-09 04:54:32,671 WARNING log Not Found: //news/wp-includes/wlwmanifest.xml
2025-07-09 04:54:32,869 WARNING log Not Found: //2018/wp-includes/wlwmanifest.xml
2025-07-09 04:54:33,067 WARNING log Not Found: //2019/wp-includes/wlwmanifest.xml
2025-07-09 04:54:33,265 WARNING log Not Found: //shop/wp-includes/wlwmanifest.xml
2025-07-09 04:54:33,463 WARNING log Not Found: //wp1/wp-includes/wlwmanifest.xml
2025-07-09 04:54:33,661 WARNING log Not Found: //test/wp-includes/wlwmanifest.xml
2025-07-09 04:54:34,072 WARNING log Not Found: //wp2/wp-includes/wlwmanifest.xml
2025-07-09 04:54:34,271 WARNING log Not Found: //site/wp-includes/wlwmanifest.xml
2025-07-09 04:54:34,470 WARNING log Not Found: //cms/wp-includes/wlwmanifest.xml
2025-07-09 04:54:34,668 WARNING log Not Found: //sito/wp-includes/wlwmanifest.xml
2025-07-09 20:05:09,109 WARNING log Not Found: /wordpress/
2025-07-09 20:05:09,206 WARNING log Not Found: /wp-admin/setup-config.php
2025-07-09 20:05:09,303 WARNING log Not Found: /wp-admin/install.php
2025-07-09 20:05:09,450 WARNING log Not Found: /wp/
2025-07-09 20:05:09,589 WARNING log Not Found: /blog/
2025-07-09 20:05:09,733 WARNING log Not Found: /new/
2025-07-09 20:05:09,872 WARNING log Not Found: /old/
2025-07-09 20:05:10,027 WARNING log Not Found: /newsite/
2025-07-09 20:05:10,185 WARNING log Not Found: /test/
2025-07-09 20:05:10,333 WARNING log Not Found: /main/
2025-07-09 20:05:10,476 WARNING log Not Found: /testing/
2025-07-09 20:05:10,622 WARNING log Not Found: /site/
2025-07-09 20:05:10,833 WARNING log Not Found: /backup/
2025-07-09 20:05:10,983 WARNING log Not Found: /demo/
2025-07-09 20:05:11,202 WARNING log Not Found: /home/
2025-07-09 20:05:11,480 WARNING log Not Found: /tmp/
2025-07-09 20:05:11,641 WARNING log Not Found: /dev/
2025-07-09 20:05:11,792 WARNING log Not Found: /cms/
2025-07-09 20:05:11,939 WARNING log Not Found: /portal/
2025-07-09 20:05:12,093 WARNING log Not Found: /web/
2025-07-11 12:56:19,675 WARNING log Not Found: /robots.txt
2025-07-11 12:56:20,209 WARNING log Not Found: /robots.txt
2025-07-11 15:08:32,536 WARNING log Not Found: /robots.txt
2025-07-11 17:42:57,501 WARNING log Not Found: /wp-admin/setup-config.php
2025-07-11 17:42:59,532 WARNING log Not Found: /wp/wp-admin/setup-config.php
2025-07-11 17:43:02,038 WARNING log Not Found: /blog/wp-admin/setup-config.php
2025-07-11 17:43:03,673 WARNING log Not Found: /new/wp-admin/setup-config.php
2025-07-12 14:02:01,059 WARNING log Not Found: /favicon.ico
2025-07-14 02:11:17,723 WARNING log Not Found: /.env
2025-07-14 08:48:15,825 WARNING log Not Found: /.git/config
2025-07-14 21:38:00,206 WARNING log Not Found: /.git/config
2025-07-15 02:04:51,561 WARNING log Not Found: /.git/config
2025-07-16 05:46:30,688 ERROR log Internal Server Error: /
Traceback (most recent call last):
  File "/usr/local/lib/python3.10/dist-packages/django/utils/datastructures.py", line 84, in __getitem__
    list_ = super().__getitem__(key)
KeyError: 'email'

During handling of the above exception, another exception occurred:

Traceback (most recent call last):
  File "/usr/local/lib/python3.10/dist-packages/django/core/handlers/exception.py", line 55, in inner
    response = get_response(request)
  File "/usr/local/lib/python3.10/dist-packages/django/core/handlers/base.py", line 197, in _get_response
    response = wrapped_callback(request, *callback_args, **callback_kwargs)
  File "/root/go-losdesign/losdesign/cabinet/views.py", line 46, in login_view
    email = request.POST['email']
  File "/usr/local/lib/python3.10/dist-packages/django/utils/datastructures.py", line 86, in __getitem__
    raise MultiValueDictKeyError(key)
django.utils.datastructures.MultiValueDictKeyError: 'email'
2025-07-16 05:56:49,543 WARNING log Not Found: /wordpress/
2025-07-16 05:58:19,541 WARNING log Not Found: /Wordpress/
2025-07-16 06:03:16,826 WARNING log Not Found: /WORDPRESS/
2025-07-16 06:07:28,872 WARNING log Not Found: /WordPress/
2025-07-16 06:11:53,169 WARNING log Not Found: /wp/
2025-07-16 06:13:11,552 WARNING log Not Found: /Wp/
2025-07-16 06:16:46,527 WARNING log Not Found: /WP/
2025-07-16 06:19:27,192 WARNING log Not Found: /old/
2025-07-16 06:23:34,584 WARNING log Not Found: /Old/
2025-07-16 06:24:49,383 WARNING log Not Found: /OLD/
2025-07-16 06:28:31,656 WARNING log Not Found: /oldsite/
2025-07-16 06:32:12,055 WARNING log Not Found: /new/
2025-07-16 06:34:08,617 WARNING log Not Found: /New/
2025-07-16 06:36:45,129 WARNING log Not Found: /NEW/
2025-07-16 06:39:52,007 WARNING log Not Found: /wp-old/
2025-07-16 06:42:43,976 WARNING log Not Found: /2022/
2025-07-16 06:44:46,474 WARNING log Not Found: /2023/
2025-07-16 06:46:39,174 WARNING log Not Found: /2024/
2025-07-16 06:50:02,459 WARNING log Not Found: /2017/
2025-07-16 06:52:08,268 WARNING log Not Found: /2020/
2025-07-16 06:53:07,144 WARNING log Not Found: /2019/
2025-07-16 06:56:26,992 WARNING log Not Found: /2018/
2025-07-16 06:57:34,520 WARNING log Not Found: /backup/
2025-07-16 06:59:18,131 WARNING log Not Found: /test/
2025-07-16 07:02:00,454 WARNING log Not Found: /Test/
2025-07-16 07:02:44,124 WARNING log Not Found: /TEST/
2025-07-16 07:06:21,473 WARNING log Not Found: /demo/
2025-07-16 07:06:55,382 WARNING log Not Found: /bc/
2025-07-16 07:09:37,771 WARNING log Not Found: /www/
2025-07-16 07:11:15,680 WARNING log Not Found: /WWW/
2025-07-16 07:11:35,117 WARNING log Not Found: /Www/
2025-07-16 07:14:12,348 WARNING log Not Found: /2021/
2025-07-16 07:16:38,615 WARNING log Not Found: /main/
2025-07-16 07:17:54,559 WARNING log Not Found: /old-site/
2025-07-16 07:19:22,736 WARNING log Not Found: /bk/
2025-07-16 07:21:00,117 WARNING log Not Found: /Backup/
2025-07-16 07:22:51,469 WARNING log Not Found: /BACKUP/
2025-07-16 07:23:41,704 WARNING log Not Found: /SHOP/
2025-07-16 07:25:40,658 WARNING log Not Found: /Shop/
2025-07-16 07:27:26,273 WARNING log Not Found: /shop/
2025-07-16 07:28:03,379 WARNING log Not Found: /bak/
2025-07-16 07:29:28,145 WARNING log Not Found: /sitio/
2025-07-16 07:31:35,593 WARNING log Not Found: /bac/
2025-07-16 07:32:23,177 WARNING log Not Found: /sito/
2025-07-16 07:34:33,937 WARNING log Not Found: /site/
2025-07-16 07:35:37,328 WARNING log Not Found: /Site/
2025-07-16 07:36:53,188 WARNING log Not Found: /SITE/
2025-07-16 07:39:08,521 WARNING log Not Found: /blog/
2025-07-16 07:39:32,599 WARNING log Not Found: /BLOG/
2025-07-16 07:40:39,531 WARNING log Not Found: /Blog/
2025-07-17 14:58:53,985 WARNING log Not Found: /robots.txt
2025-07-18 02:59:01,246 WARNING log Not Found: /favicon.ico
2025-07-18 03:00:30,375 WARNING log Not Found: /favicon.ico
2025-07-18 03:01:01,216 WARNING log Not Found: /.well-known/security.txt
2025-07-19 10:13:50,599 WARNING log Not Found: /.git/config
2025-07-21 04:13:03,275 WARNING log Not Found: /favicon.ico
2025-07-21 12:57:57,739 WARNING log Not Found: /favicon.ico
2025-07-21 20:23:13,672 WARNING log Not Found: /favicon.ico
2025-07-21 22:33:53,725 WARNING log Not Found: /robots.txt
2025-07-22 06:22:34,259 WARNING log Not Found: /robots.txt
2025-07-22 06:22:38,353 WARNING log Not Found: /robots.txt
2025-07-22 06:22:38,787 WARNING log Not Found: /robots.txt
2025-07-22 10:22:38,363 WARNING log Not Found: /robots.txt
2025-07-22 14:11:35,497 WARNING log Not Found: /robots.txt
2025-07-22 18:11:35,494 WARNING log Not Found: /robots.txt
2025-07-22 19:37:56,066 WARNING log Not Found: /.git/config
2025-07-22 19:38:10,254 ERROR log Internal Server Error: /
Traceback (most recent call last):
  File "/usr/local/lib/python3.10/dist-packages/django/utils/datastructures.py", line 84, in __getitem__
    list_ = super().__getitem__(key)
KeyError: 'email'

During handling of the above exception, another exception occurred:

Traceback (most recent call last):
  File "/usr/local/lib/python3.10/dist-packages/django/core/handlers/exception.py", line 55, in inner
    response = get_response(request)
  File "/usr/local/lib/python3.10/dist-packages/django/core/handlers/base.py", line 197, in _get_response
    response = wrapped_callback(request, *callback_args, **callback_kwargs)
  File "/root/go-losdesign/losdesign/cabinet/views.py", line 46, in login_view
    email = request.POST['email']
  File "/usr/local/lib/python3.10/dist-packages/django/utils/datastructures.py", line 86, in __getitem__
    raise MultiValueDictKeyError(key)
django.utils.datastructures.MultiValueDictKeyError: 'email'
2025-07-22 19:38:13,018 WARNING log Not Found: /favicon.ico
2025-07-22 20:28:15,707 WARNING log Not Found: /.git/config
2025-07-22 20:28:57,266 WARNING log Not Found: /.git/config
2025-07-22 20:35:40,632 WARNING log Not Found: /.git/config
2025-07-23 01:04:11,706 WARNING log Not Found: /favicon.ico
2025-07-23 01:06:37,088 WARNING log Not Found: /favicon.ico
2025-07-23 01:23:17,987 WARNING log Not Found: /favicon.ico
2025-07-23 01:23:18,457 WARNING log Not Found: /favicon.ico
2025-07-23 01:42:30,755 WARNING log Not Found: /.git/config
2025-07-23 01:50:35,760 WARNING log Not Found: /.git/config
2025-07-23 02:11:26,689 WARNING log Not Found: /.env
2025-07-23 04:10:07,205 WARNING log Not Found: /favicon.ico
2025-07-23 04:10:43,986 WARNING log Not Found: /favicon.ico
2025-07-23 04:13:16,843 WARNING log Not Found: /.env
2025-07-23 05:23:04,038 WARNING log Not Found: /favicon.ico
2025-07-23 05:23:05,097 WARNING log Not Found: /favicon.ico
2025-07-23 06:06:53,720 WARNING log Not Found: /favicon.ico
2025-07-23 06:50:02,376 WARNING log Not Found: /.env
2025-07-23 09:24:47,875 WARNING log Not Found: /favicon.ico
2025-07-23 09:24:48,654 WARNING log Not Found: /favicon.ico
2025-07-23 13:16:16,941 WARNING log Not Found: /.git/config
2025-07-23 13:16:21,935 WARNING log Not Found: /favicon.ico
2025-07-23 13:16:22,090 WARNING log Not Found: /favicon.ico
2025-07-23 13:25:14,393 WARNING log Not Found: /.git/config
2025-07-23 13:37:35,233 WARNING log Not Found: /robots.txt
2025-07-23 16:49:59,235 WARNING log Not Found: /.env
2025-07-23 17:01:39,948 WARNING log Not Found: /favicon.ico
2025-07-23 17:01:42,891 WARNING log Not Found: /favicon.ico
2025-07-24 08:56:31,192 WARNING log Not Found: /robots.txt
2025-07-25 07:04:52,271 WARNING log Not Found: /.git/config
2025-07-25 17:17:19,831 WARNING log Not Found: /.git/config
2025-07-25 22:53:32,633 WARNING log Not Found: /robots.txt
2025-07-26 02:18:10,506 WARNING log Not Found: /.env
2025-07-26 02:43:58,078 WARNING log Not Found: /robots.txt
2025-07-26 04:40:34,895 WARNING log Not Found: /robots.txt
2025-07-26 21:27:57,514 WARNING log Not Found: /favicon.ico
2025-07-27 07:54:14,338 WARNING log Not Found: /favicon.ico
2025-07-27 13:37:28,068 WARNING log Not Found: /.git/config
2025-07-27 16:25:02,577 WARNING log Not Found: /.git/config
2025-07-27 17:04:21,967 WARNING log Not Found: /.env
2025-07-27 17:04:23,987 WARNING log Not Found: /vendor/phpunit/phpunit/src/Util/PHP/eval-stdin.php
2025-07-28 02:42:01,353 WARNING log Not Found: /.env
2025-07-28 02:42:01,400 WARNING log Not Found: /.env.local
2025-07-28 02:42:01,446 WARNING log Not Found: /.env.dev
2025-07-28 02:42:01,492 WARNING log Not Found: /.env.development
2025-07-28 02:42:01,538 WARNING log Not Found: /.env.prod
2025-07-28 02:42:01,584 WARNING log Not Found: /.env.production
2025-07-28 02:42:01,633 WARNING log Not Found: /.env.stage
2025-07-28 02:42:01,679 WARNING log Not Found: /.env.test
2025-07-28 02:42:01,729 WARNING log Not Found: /.env.example
2025-07-28 02:42:01,774 WARNING log Not Found: /.env.bak
2025-07-28 02:42:01,820 WARNING log Not Found: /.env.old
2025-07-28 02:42:01,869 WARNING log Not Found: /config/.env
2025-07-28 02:42:01,915 WARNING log Not Found: /config/config.env
2025-07-28 02:42:01,961 WARNING log Not Found: /app/.env
2025-07-28 02:42:15,265 WARNING log Not Found: /api/.env
2025-07-28 02:42:15,315 WARNING log Not Found: /apps/.env
2025-07-28 02:42:15,365 WARNING log Not Found: /server/.env
2025-07-28 02:42:15,415 WARNING log Not Found: /backend/.env
2025-07-28 02:42:15,465 WARNING log Not Found: /aws/credentials
2025-07-28 02:42:15,515 WARNING log Not Found: /.aws/credentials
2025-07-28 02:42:15,565 WARNING log Not Found: /.aws/config
2025-07-28 02:42:15,615 WARNING log Not Found: /config/aws.yml
2025-07-28 02:42:15,665 WARNING log Not Found: /config/aws.json
2025-07-28 02:42:15,715 WARNING log Not Found: /docker-compose.yml
2025-07-28 02:42:15,766 WARNING log Not Found: /docker-compose.override.yml
2025-07-28 02:42:15,817 WARNING log Not Found: /docker-compose.prod.yml
2025-07-28 02:42:15,870 WARNING log Not Found: /docker-compose.dev.yml
2025-07-28 02:42:15,920 WARNING log Not Found: /config/config.json
2025-07-28 02:42:15,971 WARNING log Not Found: /config.json
2025-07-28 02:42:16,022 WARNING log Not Found: /config.yaml
2025-07-28 02:42:16,072 WARNING log Not Found: /config.yml
2025-07-28 02:42:16,122 WARNING log Not Found: /secrets.json
2025-07-28 02:42:16,173 WARNING log Not Found: /secrets.yml
2025-07-28 02:42:16,224 WARNING log Not Found: /credentials.json
2025-07-28 02:42:16,277 WARNING log Not Found: /.git-credentials
2025-07-28 02:42:16,327 WARNING log Not Found: /.git/config
2025-07-28 02:42:16,378 WARNING log Not Found: /.gitignore
2025-07-28 02:42:16,428 WARNING log Not Found: /.gitlab-ci.yml
2025-07-28 02:42:16,554 WARNING log Not Found: /.github/workflows/
2025-07-28 02:42:16,605 WARNING log Not Found: /.idea/workspace.xml
2025-07-28 02:42:16,655 WARNING log Not Found: /.vscode/settings.json
2025-07-28 02:42:16,706 WARNING log Not Found: /storage/logs/laravel.log
2025-07-28 02:42:16,756 WARNING log Not Found: /storage/logs/error.log
2025-07-28 02:42:16,806 WARNING log Not Found: /logs/debug.log
2025-07-28 02:42:16,856 WARNING log Not Found: /logs/app.log
2025-07-28 02:42:16,906 WARNING log Not Found: /debug.log
2025-07-28 02:42:16,957 WARNING log Not Found: /error.log
2025-07-28 02:42:17,007 WARNING log Not Found: /.DS_Store
2025-07-28 02:42:17,058 WARNING log Not Found: /backup.zip
2025-07-28 02:42:17,108 WARNING log Not Found: /.backup
2025-07-28 02:42:17,158 WARNING log Not Found: /db.sql
2025-07-28 02:42:17,209 WARNING log Not Found: /dump.sql
2025-07-28 02:42:17,281 WARNING log Not Found: /database.sql
2025-07-28 02:42:17,332 WARNING log Not Found: /backup.tar.gz
2025-07-28 19:28:59,144 WARNING log Not Found: /robots.txt
2025-07-29 11:02:22,659 WARNING log Not Found: /robots.txt
2025-07-29 13:13:25,041 WARNING log Not Found: /favicon.ico
2025-07-29 20:35:30,945 WARNING log Not Found: /favicon.ico
2025-07-30 01:33:15,141 WARNING log Not Found: /.circleci/configs/development.yml
2025-07-30 01:33:15,189 WARNING log Not Found: /.AWS_/credentials
2025-07-30 01:33:15,234 WARNING log Not Found: /.aws/config
2025-07-30 01:33:15,280 WARNING log Not Found: /.aws/credentials
2025-07-30 01:33:15,326 WARNING log Not Found: /.aws/ecs-task-credentials
2025-07-30 01:33:15,372 WARNING log Not Found: /.aws/ecs-task-credentials.json
2025-07-30 01:33:15,417 WARNING log Not Found: /.aws/metadata
2025-07-30 01:33:15,463 WARNING log Not Found: /.aws/metadata/iam
2025-07-30 01:33:15,509 WARNING log Not Found: /.aws/metadata/iam/security-credentials/
2025-07-30 01:33:15,555 WARNING log Not Found: /.aws/s3/keys
2025-07-30 01:33:15,601 WARNING log Not Found: /.aws/s3/secrets
2025-07-30 01:33:15,647 WARNING log Not Found: /.aws/s3/tokens
2025-07-30 01:33:15,693 WARNING log Not Found: /.aws_config.js
2025-07-30 01:33:15,738 WARNING log Not Found: /.aws_creds.json
2025-07-30 01:33:15,833 WARNING log Not Found: /.aws_keys.json
2025-07-30 01:33:15,880 WARNING log Not Found: /.aws_lambda
2025-07-30 01:33:15,927 WARNING log Not Found: /.aws_lambda/config.json
2025-07-30 01:33:15,980 WARNING log Not Found: /.aws_lambda/handler.js
2025-07-30 01:33:16,025 WARNING log Not Found: /.aws_lambda/secrets.json
2025-07-30 01:33:16,071 WARNING log Not Found: /.aws_lambda/token.json
2025-07-30 01:33:16,117 WARNING log Not Found: /.aws_secrets.js
2025-07-30 01:33:16,163 WARNING log Not Found: /.aws_secrets.json
2025-07-30 01:33:16,209 WARNING log Not Found: /.backup
2025-07-30 01:33:16,255 WARNING log Not Found: /.backup.sql
2025-07-30 01:33:16,301 WARNING log Not Found: /.backup.tar
2025-07-30 01:33:16,347 WARNING log Not Found: /.backup.tar.gz
2025-07-30 01:33:16,393 WARNING log Not Found: /.backup.zip
2025-07-30 01:33:16,531 WARNING log Not Found: /.backup/db.sql
2025-07-30 01:33:16,577 WARNING log Not Found: /.backup/mysql.sql
2025-07-30 01:33:16,622 WARNING log Not Found: /.backup/pgsql.dump
2025-07-30 01:33:16,668 WARNING log Not Found: /.circleci/config.yml
2025-07-30 01:33:16,714 WARNING log Not Found: /.cloudfront/config.json
2025-07-30 01:33:16,760 WARNING log Not Found: /.cloudfront/keys.json
2025-07-30 01:33:16,806 WARNING log Not Found: /.cloudfront/secrets.json
2025-07-30 01:33:16,852 WARNING log Not Found: /.config.js
2025-07-30 01:33:16,897 WARNING log Not Found: /.cpanel/caches/config/.env
2025-07-30 01:33:16,943 WARNING log Not Found: /.database
2025-07-30 01:33:16,989 WARNING log Not Found: /.database.bak
2025-07-30 01:33:17,085 WARNING log Not Found: /.database.sql
2025-07-30 01:33:17,131 WARNING log Not Found: /.database.tar.gz
2025-07-30 01:33:17,177 WARNING log Not Found: /.db_backup
2025-07-30 01:33:17,228 WARNING log Not Found: /.db_backup.sql
2025-07-30 01:33:17,274 WARNING log Not Found: /.db_backup.tar
2025-07-30 01:33:17,319 WARNING log Not Found: /.db_backup.tar.gz
2025-07-30 01:33:17,365 WARNING log Not Found: /.db_credentials
2025-07-30 01:33:17,411 WARNING log Not Found: /.dockerenv
2025-07-30 01:33:17,456 WARNING log Not Found: /.dump
2025-07-30 01:33:17,502 WARNING log Not Found: /.dump.sql
2025-07-30 01:33:17,548 WARNING log Not Found: /.dump.tar
2025-07-30 01:33:17,594 WARNING log Not Found: /.dump.tar.gz
2025-07-30 01:33:17,640 WARNING log Not Found: /.env
2025-07-30 01:33:17,687 WARNING log Not Found: /.env.backup
2025-07-30 01:33:17,734 WARNING log Not Found: /.env.bak
2025-07-30 01:33:17,781 WARNING log Not Found: /.env.dev
2025-07-30 01:33:17,850 WARNING log Not Found: /.env.dev.json
2025-07-30 01:33:17,895 WARNING log Not Found: /.env.example
2025-07-30 01:33:17,941 WARNING log Not Found: /.env.js
2025-07-30 01:33:17,988 WARNING log Not Found: /.env.json
2025-07-30 01:33:18,034 WARNING log Not Found: /.env.local
2025-07-30 01:33:18,079 WARNING log Not Found: /.env.local.json
2025-07-30 01:33:18,125 WARNING log Not Found: /.env.old
2025-07-30 01:33:18,171 WARNING log Not Found: /.env.prod
2025-07-30 01:33:18,217 WARNING log Not Found: /.env.prod.json
2025-07-30 01:33:18,262 WARNING log Not Found: /.env.production
2025-07-30 01:33:18,309 WARNING log Not Found: /.env.production.local
2025-07-30 01:33:18,355 WARNING log Not Found: /.env.save
2025-07-30 01:33:18,402 WARNING log Not Found: /.env.sendgrid
2025-07-30 01:33:18,448 WARNING log Not Found: /.env.smtp
2025-07-30 01:33:18,494 WARNING log Not Found: /.env.stage
2025-07-30 01:33:18,540 WARNING log Not Found: /.env.staging.json
2025-07-30 01:33:18,586 WARNING log Not Found: /.env.zip
2025-07-30 01:33:18,631 WARNING log Not Found: /.env_sample
2025-07-30 01:33:18,677 WARNING log Not Found: /.env~
2025-07-30 01:33:18,724 WARNING log Not Found: /.ftpconfig
2025-07-30 01:33:18,770 WARNING log Not Found: /.git/
2025-07-30 01:33:18,815 WARNING log Not Found: /.git/.env
2025-07-30 01:33:18,861 WARNING log Not Found: /.git/COMMIT_EDITMSG
2025-07-30 01:33:18,961 WARNING log Not Found: /.git/FETCH_HEAD
2025-07-30 01:33:19,008 WARNING log Not Found: /.git/HEAD
2025-07-30 01:33:19,054 WARNING log Not Found: /.git/ORIG_HEAD
2025-07-30 01:33:19,100 WARNING log Not Found: /.git/backup
2025-07-30 01:33:19,147 WARNING log Not Found: /.git/config
2025-07-30 01:33:19,193 WARNING log Not Found: /.git/config.bak
2025-07-30 01:33:19,238 WARNING log Not Found: /.git/config.old
2025-07-30 01:33:19,284 WARNING log Not Found: /.git/config~
2025-07-30 01:33:19,330 WARNING log Not Found: /.git/db.sql
2025-07-30 01:33:19,377 WARNING log Not Found: /.git/description
2025-07-30 01:33:19,424 WARNING log Not Found: /.git/dump.sql
2025-07-30 01:33:19,470 WARNING log Not Found: /.git/execute.php
2025-07-30 01:33:19,516 WARNING log Not Found: /.git/hooks/post-commit
2025-07-30 01:33:19,562 WARNING log Not Found: /.git/hooks/pre-commit
2025-07-30 01:33:19,608 WARNING log Not Found: /.git/hooks/pre-push
2025-07-30 01:33:19,655 WARNING log Not Found: /.git/index
2025-07-30 01:33:19,700 WARNING log Not Found: /.git/info/exclude
2025-07-30 01:33:19,751 WARNING log Not Found: /.git/logs/HEAD
2025-07-30 01:33:19,796 WARNING log Not Found: /.git/logs/refs/heads/master
2025-07-30 01:33:19,842 WARNING log Not Found: /.git/logs/refs/remotes/origin/HEAD
2025-07-30 01:33:19,888 WARNING log Not Found: /.git/objects/
2025-07-30 01:33:19,934 WARNING log Not Found: /.git/packed-refs
2025-07-30 01:33:19,981 WARNING log Not Found: /.git/refs/
2025-07-30 01:33:20,180 WARNING log Not Found: /.git/refs/heads/main
2025-07-30 01:33:20,232 WARNING log Not Found: /.git/refs/heads/master
2025-07-30 01:33:20,282 WARNING log Not Found: /.git/refs/remotes/
2025-07-30 01:33:20,333 WARNING log Not Found: /.git/refs/remotes/origin/main
2025-07-30 01:33:20,383 WARNING log Not Found: /.git/refs/remotes/origin/master
2025-07-30 01:33:20,433 WARNING log Not Found: /.git/refs/stash
2025-07-30 01:33:20,483 WARNING log Not Found: /.git/refs/tags/
2025-07-30 01:33:20,534 WARNING log Not Found: /.git/shell.php
2025-07-30 01:33:20,584 WARNING log Not Found: /.gitattributes
2025-07-30 01:33:20,634 WARNING log Not Found: /.github/workflows/build.yml
2025-07-30 01:33:20,684 WARNING log Not Found: /.github/workflows/deploy.yml
2025-07-30 01:33:20,734 WARNING log Not Found: /.gitignore
2025-07-30 01:33:20,785 WARNING log Not Found: /.gitkeep
2025-07-30 01:33:20,837 WARNING log Not Found: /.gitmodules
2025-07-30 01:33:20,888 WARNING log Not Found: /.hg/hgrc
2025-07-30 01:33:20,938 WARNING log Not Found: /.history
2025-07-30 01:33:20,990 WARNING log Not Found: /.htaccess
2025-07-30 01:33:21,040 WARNING log Not Found: /.htpasswd
2025-07-30 01:33:21,090 WARNING log Not Found: /.login
2025-07-30 01:33:21,140 WARNING log Not Found: /.mysql_history
2025-07-30 01:33:21,190 WARNING log Not Found: /.netrc
2025-07-30 01:33:21,240 WARNING log Not Found: /.npmrc
2025-07-30 01:33:21,291 WARNING log Not Found: /.pgpass
2025-07-30 01:33:21,341 WARNING log Not Found: /.s3/config.json
2025-07-30 01:33:21,391 WARNING log Not Found: /.s3/keys.json
2025-07-30 01:33:21,442 WARNING log Not Found: /.s3/secrets.json
2025-07-30 01:33:21,493 WARNING log Not Found: /.s3cfg
2025-07-30 01:33:21,542 WARNING log Not Found: /.s3cfg.bak
2025-07-30 01:33:21,602 WARNING log Not Found: /.s3cfg.old
2025-07-30 01:33:21,653 WARNING log Not Found: /.s3cfg~
2025-07-30 01:33:21,703 WARNING log Not Found: /.settings.json
2025-07-30 01:33:21,753 WARNING log Not Found: /.smtp-credentials
2025-07-30 01:33:21,803 WARNING log Not Found: /.smtp.json
2025-07-30 01:33:21,853 WARNING log Not Found: /.svn/entries
2025-07-30 01:33:21,902 WARNING log Not Found: /.travis.yml
2025-07-30 01:33:21,953 WARNING log Not Found: /.vscode/.env
2025-07-30 01:33:22,096 WARNING log Not Found: /.well-known/assetlinks.json
2025-07-30 01:33:22,146 WARNING log Not Found: /.well-known/aws.json
2025-07-30 01:33:22,196 WARNING log Not Found: /.well-known/credentials.json
2025-07-30 01:33:22,246 WARNING log Not Found: /.well-known/security.txt
2025-07-30 01:33:22,299 WARNING log Not Found: /.yarnrc
2025-07-30 01:33:22,349 WARNING log Not Found: /.zsh_history
2025-07-30 01:33:22,401 WARNING log Not Found: /169.254.169.254/latest/meta-data/
2025-07-30 01:33:22,451 WARNING log Not Found: /169.254.169.254/latest/meta-data/ami-id
2025-07-30 01:33:22,501 WARNING log Not Found: /169.254.169.254/latest/meta-data/hostname
2025-07-30 01:33:22,551 WARNING log Not Found: /169.254.169.254/latest/meta-data/iam/
2025-07-30 01:33:22,741 WARNING log Not Found: /169.254.169.254/latest/meta-data/iam/info/
2025-07-30 01:33:22,790 WARNING log Not Found: /169.254.169.254/latest/meta-data/iam/security-credentials/
2025-07-30 01:33:22,840 WARNING log Not Found: /169.254.169.254/latest/meta-data/iam/security-credentials/aws-elasticbeanstalk-ec2-role
2025-07-30 01:33:22,891 WARNING log Not Found: /169.254.169.254/latest/meta-data/iam/security-credentials/aws-sdk-credentials/
2025-07-30 01:33:22,941 WARNING log Not Found: /169.254.169.254/latest/meta-data/iam/security-credentials/ec2-instance-role
2025-07-30 01:33:22,991 WARNING log Not Found: /169.254.169.254/latest/meta-data/iam/security-credentials/ecsTaskExecutionRole/
2025-07-30 01:33:23,041 WARNING log Not Found: /169.254.169.254/latest/meta-data/instance-id
2025-07-30 01:33:23,091 WARNING log Not Found: /169.254.169.254/latest/meta-data/instance-type
2025-07-30 01:33:23,142 WARNING log Not Found: /169.254.169.254/latest/meta-data/local-ipv4
2025-07-30 01:33:23,192 WARNING log Not Found: /169.254.169.254/latest/meta-data/network/interfaces/macs/
2025-07-30 01:33:23,243 WARNING log Not Found: /169.254.169.254/latest/meta-data/network/interfaces/macs/mac/
2025-07-30 01:33:23,293 WARNING log Not Found: /169.254.169.254/latest/meta-data/network/interfaces/macs/mac/subnet-id
2025-07-30 01:33:23,344 WARNING log Not Found: /169.254.169.254/latest/meta-data/network/interfaces/macs/mac/vpc-id
2025-07-30 01:33:23,394 WARNING log Not Found: /169.254.169.254/latest/meta-data/placement/
2025-07-30 01:33:23,444 WARNING log Not Found: /169.254.169.254/latest/meta-data/placement/availability-zone
2025-07-30 01:33:23,494 WARNING log Not Found: /169.254.169.254/latest/meta-data/public-hostname
2025-07-30 01:33:23,544 WARNING log Not Found: /169.254.169.254/latest/meta-data/public-ipv4
2025-07-30 01:33:23,594 WARNING log Not Found: /169.254.169.254/latest/user-data
2025-07-30 01:33:23,644 WARNING log Not Found: /169.254.170.2/latest/meta-data/
2025-07-30 01:33:23,694 WARNING log Not Found: /169.254.170.2/latest/meta-data/iam/security-credentials/
2025-07-30 01:33:23,744 WARNING log Not Found: /169.254.170.2/v2/credentials/
2025-07-30 01:33:23,842 WARNING log Not Found: /169.254.170.2/v2/credentials/container-role
2025-07-30 01:33:23,892 WARNING log Not Found: /169.254.170.2/v2/credentials/ecsTaskExecutionRole
2025-07-30 01:33:23,950 WARNING log Not Found: /169.254.170.2/v2/metadata/
2025-07-30 01:33:24,051 WARNING log Not Found: /_phpinfo.php
2025-07-30 01:33:24,101 WARNING log Not Found: /_profiler/phpinfo
2025-07-30 01:33:24,152 WARNING log Not Found: /_profiler/phpinfo/info.php
2025-07-30 01:33:24,202 WARNING log Not Found: /_profiler/phpinfo/phpinfo.php
2025-07-30 01:33:24,252 WARNING log Not Found: /access.log
2025-07-30 01:33:24,302 WARNING log Not Found: /actuator/env
2025-07-30 01:33:24,500 WARNING log Not Found: /actuator/health
2025-07-30 01:40:02,322 WARNING log Not Found: /adminer.php
2025-07-30 01:40:02,371 WARNING log Not Found: /ansible/.env
2025-07-30 01:40:02,422 WARNING log Not Found: /apache.conf
2025-07-30 01:40:02,562 WARNING log Not Found: /api/
2025-07-30 01:40:02,612 WARNING log Not Found: /api-gateway/.env
2025-07-30 01:40:02,784 WARNING log Not Found: /api-gateway/.env.bak
2025-07-30 01:40:02,839 WARNING log Not Found: /api-gateway/.env.dev
2025-07-30 01:40:02,890 WARNING log Not Found: /api-gateway/.env.local
2025-07-30 01:40:02,941 WARNING log Not Found: /api-gateway/.env.production
2025-07-30 01:40:02,993 WARNING log Not Found: /api-gateway/.env.staging
2025-07-30 01:40:03,043 WARNING log Not Found: /api-gateway/config.json
2025-07-30 01:40:03,093 WARNING log Not Found: /api-gateway/config.yaml
2025-07-30 01:40:03,143 WARNING log Not Found: /api-gateway/config.yml
2025-07-30 01:40:03,193 WARNING log Not Found: /api-gateway/dev/swagger.json
2025-07-30 01:40:03,244 WARNING log Not Found: /api-gateway/keys.json
2025-07-30 01:40:03,294 WARNING log Not Found: /api-gateway/openapi.json
2025-07-30 01:40:03,347 WARNING log Not Found: /api-gateway/production/swagger.json
2025-07-30 01:40:03,398 WARNING log Not Found: /api-gateway/secrets.json
2025-07-30 01:40:03,448 WARNING log Not Found: /api-gateway/staging/swagger.json
2025-07-30 01:40:03,499 WARNING log Not Found: /api-gateway/swagger.json
2025-07-30 01:40:03,548 WARNING log Not Found: /api-gateway/v1/openapi.json
2025-07-30 01:40:03,598 WARNING log Not Found: /api-gateway/v1/swagger.json
2025-07-30 01:40:03,648 WARNING log Not Found: /api-gateway/v2/openapi.json
2025-07-30 01:40:03,699 WARNING log Not Found: /api-gateway/v2/swagger.json
2025-07-30 01:40:03,749 WARNING log Not Found: /api/.env
2025-07-30 01:40:03,800 WARNING log Not Found: /api/auth
2025-07-30 01:40:03,850 WARNING log Not Found: /api/aws/api-gateway
2025-07-30 01:40:03,901 WARNING log Not Found: /api/aws/cloudfront
2025-07-30 01:40:03,994 WARNING log Not Found: /api/aws/cognito
2025-07-30 01:40:04,046 WARNING log Not Found: /api/aws/credentials
2025-07-30 01:40:04,096 WARNING log Not Found: /api/aws/iam
2025-07-30 01:40:04,146 WARNING log Not Found: /api/aws/keys
2025-07-30 01:40:04,197 WARNING log Not Found: /api/aws/lambda
2025-07-30 01:40:04,247 WARNING log Not Found: /api/aws/s3
2025-07-30 01:40:04,297 WARNING log Not Found: /api/aws/ses
2025-07-30 01:40:04,348 WARNING log Not Found: /api/aws/sns
2025-07-30 01:40:04,398 WARNING log Not Found: /api/aws/token
2025-07-30 01:40:04,448 WARNING log Not Found: /api/backup.zip
2025-07-30 01:40:04,499 WARNING log Not Found: /api/bash
2025-07-30 01:40:04,550 WARNING log Not Found: /api/command
2025-07-30 01:40:04,600 WARNING log Not Found: /api/config.env
2025-07-30 01:40:04,651 WARNING log Not Found: /api/config.js
2025-07-30 01:40:04,703 WARNING log Not Found: /api/config/config.yml
2025-07-30 01:40:04,754 WARNING log Not Found: /api/db.sql
2025-07-30 01:40:04,804 WARNING log Not Found: /api/db_backup.sql
2025-07-30 01:40:04,854 WARNING log Not Found: /api/db_dump.php
2025-07-30 01:40:04,906 WARNING log Not Found: /api/debug
2025-07-30 01:40:04,956 WARNING log Not Found: /api/debug.php
2025-07-30 01:40:05,006 WARNING log Not Found: /api/debug
2025-07-30 01:40:05,059 WARNING log Not Found: /api/execute
2025-07-30 01:40:05,109 WARNING log Not Found: /api/execute.php
2025-07-30 01:40:05,159 WARNING log Not Found: /api/graphql
2025-07-30 01:40:05,209 WARNING log Not Found: /api/healthz
2025-07-30 01:40:05,337 WARNING log Not Found: /api/init.php
2025-07-30 01:40:05,387 WARNING log Not Found: /api/internal-aws
2025-07-30 01:40:05,438 WARNING log Not Found: /api/key
2025-07-30 01:40:05,488 WARNING log Not Found: /api/key.json
2025-07-30 01:40:05,538 WARNING log Not Found: /api/login
2025-07-30 01:40:05,588 WARNING log Not Found: /api/objects/codes.php.save
2025-07-30 01:40:05,638 WARNING log Not Found: /api/proxy
2025-07-30 01:40:05,689 WARNING log Not Found: /api/rce
2025-07-30 01:40:05,739 WARNING log Not Found: /api/run
2025-07-30 01:40:05,789 WARNING log Not Found: /api/shared/.env
2025-07-30 01:40:05,992 WARNING log Not Found: /api/shared/config.env
2025-07-30 01:40:06,042 WARNING log Not Found: /api/shared/config/.env
2025-07-30 01:40:06,092 WARNING log Not Found: /api/shared/config/config.env
2025-07-30 01:40:06,142 WARNING log Not Found: /api/shell.php
2025-07-30 01:40:06,192 WARNING log Not Found: /api/test
2025-07-30 01:40:06,243 WARNING log Not Found: /api/test.php
2025-07-30 01:40:06,293 WARNING log Not Found: /api/token
2025-07-30 01:40:06,343 WARNING log Not Found: /api/token.json
2025-07-30 01:40:06,393 WARNING log Not Found: /api/user
2025-07-30 01:40:06,444 WARNING log Not Found: /api/v1/auth
2025-07-30 01:40:06,497 WARNING log Not Found: /api/v1/aws/credentials
2025-07-30 01:40:06,547 WARNING log Not Found: /api/v1/aws/keys
2025-07-30 01:40:06,597 WARNING log Not Found: /api/v1/aws/token
2025-07-30 01:40:06,651 WARNING log Not Found: /api/v1/credentials
2025-07-30 01:40:06,701 WARNING log Not Found: /api/v1/keys
2025-07-30 01:40:06,751 WARNING log Not Found: /api/v1/me
2025-07-30 01:40:06,801 WARNING log Not Found: /api/v1/proxy
2025-07-30 01:40:06,851 WARNING log Not Found: /api/v1/proxy
2025-07-30 01:40:06,901 WARNING log Not Found: /api/v1/token
2025-07-30 01:40:06,951 WARNING log Not Found: /api/v1/users
2025-07-30 01:40:07,001 WARNING log Not Found: /api/v2/proxy
2025-07-30 01:40:07,050 WARNING log Not Found: /apis/config/config.js
2025-07-30 01:40:07,101 WARNING log Not Found: /apis/controllers/users.js
2025-07-30 01:40:07,151 WARNING log Not Found: /app.js
2025-07-30 01:40:07,201 WARNING log Not Found: /app.js.bak
2025-07-30 01:40:07,252 WARNING log Not Found: /app.py
2025-07-30 01:40:07,302 WARNING log Not Found: /app.yaml
2025-07-30 01:40:07,353 WARNING log Not Found: /app/.env
2025-07-30 01:40:07,403 WARNING log Not Found: /app/config/parameters.yml
2025-07-30 01:40:07,454 WARNING log Not Found: /app_dev.php/_profiler/phpinfo
2025-07-30 01:40:07,505 WARNING log Not Found: /application.properties
2025-07-30 01:40:07,556 WARNING log Not Found: /application/.env
2025-07-30 01:40:07,606 WARNING log Not Found: /apps/.env
2025-07-30 01:40:07,656 WARNING log Not Found: /appsettings.json
2025-07-30 01:40:07,758 WARNING log Not Found: /artisan/
2025-07-30 01:40:08,019 WARNING log Not Found: /auth/
2025-07-30 01:40:08,165 WARNING log Not Found: /aws-config.json
2025-07-30 01:40:08,213 WARNING log Not Found: /aws-secret.yaml
2025-07-30 01:40:08,262 WARNING log Not Found: /aws.json
2025-07-30 01:40:08,311 WARNING log Not Found: /aws.yaml
2025-07-30 01:40:08,360 WARNING log Not Found: /aws.yml
2025-07-30 01:40:08,409 WARNING log Not Found: /aws/.env
2025-07-30 01:40:08,459 WARNING log Not Found: /aws/.env.prod
2025-07-30 01:40:08,507 WARNING log Not Found: /aws/.env.ses
2025-07-30 01:40:08,557 WARNING log Not Found: /aws/api-gateway.json
2025-07-30 01:40:08,605 WARNING log Not Found: /aws/api-gateway/config.json
2025-07-30 01:40:08,654 WARNING log Not Found: /aws/api-gateway/keys.json
2025-07-30 01:40:08,703 WARNING log Not Found: /aws/api-gateway/openapi.json
2025-07-30 01:40:08,752 WARNING log Not Found: /aws/api-gateway/secrets.json
2025-07-30 01:40:08,801 WARNING log Not Found: /aws/api-gateway/swagger.json
2025-07-30 01:40:08,850 WARNING log Not Found: /aws/api-gateway/tokens.json
2025-07-30 01:40:08,900 WARNING log Not Found: /aws/cloudfront/config.json
2025-07-30 01:40:08,950 WARNING log Not Found: /aws/cloudfront/secrets.json
2025-07-30 01:40:08,999 WARNING log Not Found: /aws/cognito/config.json
2025-07-30 01:40:09,048 WARNING log Not Found: /aws/cognito/secrets.json
2025-07-30 01:40:09,111 WARNING log Not Found: /aws/cognito/token.json
2025-07-30 01:40:09,159 WARNING log Not Found: /aws/config.ini
2025-07-30 01:40:09,208 WARNING log Not Found: /aws/credentials
2025-07-30 01:40:09,257 WARNING log Not Found: /aws/credentials.json
2025-07-30 01:40:09,306 WARNING log Not Found: /aws/ecs/task-credentials
2025-07-30 01:40:09,355 WARNING log Not Found: /aws/ecs/task-credentials.json
2025-07-30 01:40:09,403 WARNING log Not Found: /aws/eks/config.json
2025-07-30 01:40:09,451 WARNING log Not Found: /aws/eks/secrets.json
2025-07-30 01:40:09,500 WARNING log Not Found: /aws/env_vars.txt
2025-07-30 01:40:09,692 WARNING log Not Found: /aws/iam/assume-role.json
2025-07-30 01:40:09,743 WARNING log Not Found: /aws/iam/config.json
2025-07-30 01:40:09,792 WARNING log Not Found: /aws/iam/credentials.json
2025-07-30 01:40:09,840 WARNING log Not Found: /aws/iam/ecs-task-credentials.json
2025-07-30 01:40:09,889 WARNING log Not Found: /aws/iam/keys.json
2025-07-30 01:40:09,937 WARNING log Not Found: /aws/iam/role-assume
2025-07-30 01:40:09,986 WARNING log Not Found: /aws/iam/role-chain.json
2025-07-30 01:40:10,034 WARNING log Not Found: /aws/iam/secrets.json
2025-07-30 01:40:10,083 WARNING log Not Found: /aws/iam/temp-creds.json
2025-07-30 01:40:10,131 WARNING log Not Found: /aws/iam/temp-keys
2025-07-30 01:40:10,245 WARNING log Not Found: /aws/iam/temporary-credentials
2025-07-30 01:40:10,293 WARNING log Not Found: /aws/iam/temporary.json
2025-07-30 01:40:10,341 WARNING log Not Found: /aws/keys_backup.json
2025-07-30 01:40:10,390 WARNING log Not Found: /aws/lambda/config.json
2025-07-30 01:40:10,438 WARNING log Not Found: /aws/lambda/secrets.json
2025-07-30 01:40:10,486 WARNING log Not Found: /aws/metadata
2025-07-30 01:40:10,534 WARNING log Not Found: /aws/metadata.json
2025-07-30 01:40:10,583 WARNING log Not Found: /aws/metadata/iam
2025-07-30 01:40:10,631 WARNING log Not Found: /aws/metadata/iam/security-credentials
2025-07-30 01:40:10,680 WARNING log Not Found: /aws/metadata/iam/security-credentials/
2025-07-30 01:40:10,728 WARNING log Not Found: /aws/s3/.env
2025-07-30 01:40:10,777 WARNING log Not Found: /aws/s3/config.json
2025-07-30 01:40:10,930 WARNING log Not Found: /aws/s3/credentials.bak
2025-07-30 01:40:10,979 WARNING log Not Found: /aws/s3/credentials.json
2025-07-30 01:40:11,028 WARNING log Not Found: /aws/s3/credentials.yml
2025-07-30 01:40:11,076 WARNING log Not Found: /aws/s3/keys.json
2025-07-30 01:40:11,125 WARNING log Not Found: /aws/s3/private.json
2025-07-30 01:40:11,174 WARNING log Not Found: /aws/s3/public-bucket.json
2025-07-30 01:40:11,236 WARNING log Not Found: /aws/s3/public-buckets.json
2025-07-30 01:40:11,284 WARNING log Not Found: /aws/s3/public.json
2025-07-30 01:40:11,333 WARNING log Not Found: /aws/s3/secrets.json
2025-07-30 01:40:11,381 WARNING log Not Found: /aws/s3/tokens.json
2025-07-30 01:40:11,429 WARNING log Not Found: /aws/s3/tokens.yml
2025-07-30 01:40:11,479 WARNING log Not Found: /aws/ses.json
2025-07-30 01:40:11,528 WARNING log Not Found: /aws/ses_smtp.json
2025-07-30 01:40:11,577 WARNING log Not Found: /aws/sts/config.json
2025-07-30 01:40:11,625 WARNING log Not Found: /aws/sts/secrets.json
2025-07-30 01:40:11,674 WARNING log Not Found: /aws/token.json
2025-07-30 01:40:11,723 WARNING log Not Found: /aws_config.js
2025-07-30 01:40:11,771 WARNING log Not Found: /aws_credentials.txt
2025-07-30 01:40:11,819 WARNING log Not Found: /aws_creds.js
2025-07-30 01:40:11,868 WARNING log Not Found: /aws_keys.js
2025-07-30 01:40:11,916 WARNING log Not Found: /aws_keys.json
2025-07-30 01:40:11,965 WARNING log Not Found: /aws_lambda/config.json
2025-07-30 01:40:12,013 WARNING log Not Found: /aws_lambda/handler.js
2025-07-30 01:40:12,063 WARNING log Not Found: /aws_lambda/secrets.json
2025-07-30 01:40:12,112 WARNING log Not Found: /aws_lambda/token.json
2025-07-30 01:40:12,160 WARNING log Not Found: /aws_secret.txt
2025-07-30 01:40:12,210 WARNING log Not Found: /aws_secrets.js
2025-07-30 01:40:12,258 WARNING log Not Found: /aws_secrets.json
2025-07-30 01:40:12,307 WARNING log Not Found: /aws_smtp.json
2025-07-30 01:40:12,355 WARNING log Not Found: /awstats/.env
2025-07-30 01:40:12,404 WARNING log Not Found: /azure-pipelines.yml
2025-07-30 01:40:12,452 WARNING log Not Found: /backend/.env
2025-07-30 01:40:12,501 WARNING log Not Found: /backend/config/default.yml
2025-07-30 01:40:12,549 WARNING log Not Found: /backend/config/development.yml
2025-07-30 01:40:12,662 WARNING log Not Found: /backend/config/settings.yml
2025-07-30 01:40:12,711 WARNING log Not Found: /backup.bak
2025-07-30 01:40:12,976 WARNING log Not Found: /backup.sql
2025-07-30 01:40:13,024 WARNING log Not Found: /backup.tar
2025-07-30 01:40:13,072 WARNING log Not Found: /backup.tar.gz
2025-07-30 01:40:13,120 WARNING log Not Found: /backup.zip
2025-07-30 01:40:13,169 WARNING log Not Found: /backup/.env
2025-07-30 01:40:13,337 WARNING log Not Found: /backup/.env.bak
2025-07-30 01:40:13,385 WARNING log Not Found: /backup/.env.local
2025-07-30 01:40:13,433 WARNING log Not Found: /backup/.env.old
2025-07-30 01:40:13,482 WARNING log Not Found: /backup/.env.save
2025-07-30 01:40:13,530 WARNING log Not Found: /backup/.env~
2025-07-30 01:40:13,680 WARNING log Not Found: /backup/.git/HEAD
2025-07-30 01:40:13,730 WARNING log Not Found: /backup/.git/config
2025-07-30 01:40:13,780 WARNING log Not Found: /backup/.git/logs/HEAD
2025-07-30 01:40:13,831 WARNING log Not Found: /backup/.gitignore
2025-07-30 01:40:13,880 WARNING log Not Found: /backup/access.log
2025-07-30 01:40:13,930 WARNING log Not Found: /backup/adminer.php
2025-07-30 01:40:13,979 WARNING log Not Found: /backup/app.js.bak
2025-07-30 01:40:14,029 WARNING log Not Found: /backup/backup.sql
2025-07-30 01:40:14,079 WARNING log Not Found: /backup/backup.tar.gz
2025-07-30 01:40:14,128 WARNING log Not Found: /backup/bundle.js
2025-07-30 01:40:14,179 WARNING log Not Found: /backup/bundle.js.map
2025-07-30 01:40:14,229 WARNING log Not Found: /backup/config.json
2025-07-30 01:40:14,279 WARNING log Not Found: /backup/config.php
2025-07-30 01:40:14,329 WARNING log Not Found: /backup/config.php.bak
2025-07-30 01:40:14,379 WARNING log Not Found: /backup/database.php
2025-07-30 01:40:14,430 WARNING log Not Found: /backup/db.sql
2025-07-30 01:40:14,480 WARNING log Not Found: /backup/debug.js
2025-07-30 01:40:14,530 WARNING log Not Found: /backup/debug.log
2025-07-30 01:40:14,581 WARNING log Not Found: /backup/debug.php
2025-07-30 01:40:14,631 WARNING log Not Found: /backup/dump.sql
2025-07-30 01:40:14,681 WARNING log Not Found: /backup/dump.sql.gz
2025-07-30 01:40:14,730 WARNING log Not Found: /backup/error.log
2025-07-30 01:40:14,780 WARNING log Not Found: /backup/index-dev.php
2025-07-30 01:40:14,831 WARNING log Not Found: /backup/log.txt
2025-07-30 01:40:14,881 WARNING log Not Found: /backup/logs/error.log
2025-07-30 01:40:14,932 WARNING log Not Found: /backup/main.dev.js
2025-07-30 01:40:15,095 WARNING log Not Found: /backup/main.js
2025-07-30 01:40:15,145 WARNING log Not Found: /backup/phpinfo.php
2025-07-30 01:40:15,194 WARNING log Not Found: /backup/settings.php
2025-07-30 01:40:15,244 WARNING log Not Found: /backup/site.conf
2025-07-30 01:40:15,294 WARNING log Not Found: /backup/site.sql
2025-07-30 01:40:15,345 WARNING log Not Found: /backup/wp-config.php
2025-07-30 01:40:15,395 WARNING log Not Found: /backup/wp-config.php.old
2025-07-30 01:40:15,446 WARNING log Not Found: /backup_old.zip
2025-07-30 01:40:15,495 WARNING log Not Found: /backups/.env
2025-07-30 01:40:15,616 WARNING log Not Found: /bash.php
2025-07-30 01:40:15,666 WARNING log Not Found: /beta/backup.zip
2025-07-30 01:40:15,722 WARNING log Not Found: /beta/db.sql
2025-07-30 01:40:15,772 WARNING log Not Found: /beta/execute.php
2025-07-30 01:40:15,821 WARNING log Not Found: /beta/shell.php
2025-07-30 01:40:15,871 WARNING log Not Found: /bootstrap/cache/config.php
2025-07-30 01:40:15,921 WARNING log Not Found: /bundle.js
2025-07-30 01:40:15,971 WARNING log Not Found: /bundle.js.map
2025-07-30 01:40:16,021 WARNING log Not Found: /certs/fullchain.pem
2025-07-30 01:40:16,071 WARNING log Not Found: /certs/privkey.pem
2025-07-30 01:40:16,233 WARNING log Not Found: /cloud/
2025-07-30 01:40:16,283 WARNING log Not Found: /cloud/Scraper.js
2025-07-30 01:40:16,333 WARNING log Not Found: /cloudfront/api-keys.json
2025-07-30 01:40:16,384 WARNING log Not Found: /cloudfront/config.json
2025-07-30 01:40:16,434 WARNING log Not Found: /cloudfront/keys.json
2025-07-30 01:40:16,484 WARNING log Not Found: /cloudfront/secrets.json
2025-07-30 01:40:16,534 WARNING log Not Found: /command.php
2025-07-30 01:40:16,584 WARNING log Not Found: /composer.json
2025-07-30 01:40:16,633 WARNING log Not Found: /composer.lock
2025-07-30 01:40:16,779 WARNING log Not Found: /computeMetadata/v1
2025-07-30 01:40:16,828 WARNING log Not Found: /computeMetadata/v1beta1
2025-07-30 01:40:16,879 WARNING log Not Found: /conf/.env
2025-07-30 01:40:16,928 WARNING log Not Found: /config.bak
2025-07-30 01:40:16,977 WARNING log Not Found: /config.env
2025-07-30 01:40:17,027 WARNING log Not Found: /config.inc.php
2025-07-30 01:40:17,077 WARNING log Not Found: /config.js
2025-07-30 01:40:17,126 WARNING log Not Found: /config.json
2025-07-30 01:40:17,176 WARNING log Not Found: /config.old
2025-07-30 01:40:17,225 WARNING log Not Found: /config.php
2025-07-30 01:40:17,276 WARNING log Not Found: /config.php.bak
2025-07-30 01:40:17,326 WARNING log Not Found: /config/.env
2025-07-30 01:40:17,377 WARNING log Not Found: /config/.env.bak
2025-07-30 01:40:17,427 WARNING log Not Found: /config/.env.local
2025-07-30 01:40:17,477 WARNING log Not Found: /config/.env.old
2025-07-30 01:40:17,527 WARNING log Not Found: /config/.env.save
2025-07-30 01:40:17,577 WARNING log Not Found: /config/.env~
2025-07-30 01:40:17,627 WARNING log Not Found: /config/.git/
2025-07-30 01:40:17,677 WARNING log Not Found: /config/.git/HEAD
2025-07-30 01:40:17,727 WARNING log Not Found: /config/.git/config
2025-07-30 01:40:17,778 WARNING log Not Found: /config/.git/logs/HEAD
2025-07-30 01:40:17,828 WARNING log Not Found: /config/.gitignore
2025-07-30 01:40:17,971 WARNING log Not Found: /config/.htaccess
2025-07-30 01:40:18,021 WARNING log Not Found: /config/.htpasswd
2025-07-30 01:40:18,072 WARNING log Not Found: /config/access.log
2025-07-30 01:40:18,122 WARNING log Not Found: /config/adminer.php
2025-07-30 01:40:18,173 WARNING log Not Found: /config/app.js.bak
2025-07-30 01:40:18,223 WARNING log Not Found: /config/application.yml
2025-07-30 01:40:18,273 WARNING log Not Found: /config/aws.js
2025-07-30 01:40:18,323 WARNING log Not Found: /config/aws.json
2025-07-30 01:40:18,373 WARNING log Not Found: /config/aws.php
2025-07-30 01:40:18,422 WARNING log Not Found: /config/aws.yml
2025-07-30 01:40:18,591 WARNING log Not Found: /config/aws_keys.json
2025-07-30 01:40:18,641 WARNING log Not Found: /config/backup.sql
2025-07-30 01:40:18,691 WARNING log Not Found: /config/backup.tar.gz
2025-07-30 01:40:18,741 WARNING log Not Found: /config/bundle.js
2025-07-30 01:40:18,791 WARNING log Not Found: /config/bundle.js.map
2025-07-30 01:40:18,841 WARNING log Not Found: /config/config.env
2025-07-30 01:40:18,890 WARNING log Not Found: /config/config.json
2025-07-30 01:40:18,940 WARNING log Not Found: /config/config.php
2025-07-30 01:40:18,991 WARNING log Not Found: /config/config.php.bak
2025-07-30 01:40:19,040 WARNING log Not Found: /config/config.yml
2025-07-30 01:40:19,091 WARNING log Not Found: /config/constants.js
2025-07-30 01:40:19,141 WARNING log Not Found: /config/database.php
2025-07-30 01:40:19,192 WARNING log Not Found: /config/db.sql
2025-07-30 01:40:19,335 WARNING log Not Found: /config/debug.log
2025-07-30 01:40:19,381 WARNING log Not Found: /config/debug.php
2025-07-30 01:40:19,427 WARNING log Not Found: /config/dev.json
2025-07-30 01:40:19,474 WARNING log Not Found: /config/dump.sql
2025-07-30 01:40:19,520 WARNING log Not Found: /config/dump.sql.gz
2025-07-30 01:40:19,567 WARNING log Not Found: /config/error.log
2025-07-30 01:40:19,613 WARNING log Not Found: /config/index-dev.php
2025-07-30 01:40:19,746 WARNING log Not Found: /config/local.yml
2025-07-30 01:40:19,794 WARNING log Not Found: /config/log.txt
2025-07-30 01:40:19,840 WARNING log Not Found: /config/logs/error.log
2025-07-30 01:40:19,886 WARNING log Not Found: /config/mail.php
2025-07-30 01:40:19,932 WARNING log Not Found: /config/mailer.php
2025-07-30 01:40:19,978 WARNING log Not Found: /config/main.dev.js
2025-07-30 01:40:20,024 WARNING log Not Found: /config/main.js
2025-07-30 01:40:20,071 WARNING log Not Found: /config/parameters.json
2025-07-30 01:40:20,117 WARNING log Not Found: /config/parameters.yml
2025-07-30 01:40:20,163 WARNING log Not Found: /config/phpinfo.php
2025-07-30 01:40:20,209 WARNING log Not Found: /config/sendgrid.php
2025-07-30 01:40:20,255 WARNING log Not Found: /config/sendinblue.php
2025-07-30 01:40:20,394 WARNING log Not Found: /config/services.php
2025-07-30 01:40:20,440 WARNING log Not Found: /config/settings.env
2025-07-30 01:40:20,487 WARNING log Not Found: /config/settings.json
2025-07-30 01:40:20,533 WARNING log Not Found: /config/settings.local
2025-07-30 01:40:20,579 WARNING log Not Found: /config/settings.php
2025-07-30 01:40:20,625 WARNING log Not Found: /config/settings.prod
2025-07-30 01:40:20,672 WARNING log Not Found: /config/site.conf
2025-07-30 01:40:20,718 WARNING log Not Found: /config/site.sql
2025-07-30 01:40:20,764 WARNING log Not Found: /config/smtp.json
2025-07-30 01:40:20,810 WARNING log Not Found: /config/smtp.php
2025-07-30 01:40:20,857 WARNING log Not Found: /config/storage.yml
2025-07-30 01:40:20,905 WARNING log Not Found: /config/wp-config.php
2025-07-30 01:40:20,951 WARNING log Not Found: /config/wp-config.php.old
2025-07-30 01:40:20,998 WARNING log Not Found: /configs/routes-4aug.js
2025-07-30 01:40:21,048 WARNING log Not Found: /configs/routes.js
2025-07-30 01:40:21,094 WARNING log Not Found: /configs/s3_config.json
2025-07-30 01:40:21,188 WARNING log Not Found: /console/
2025-07-30 01:40:21,234 WARNING log Not Found: /console.php
2025-07-30 01:40:21,281 WARNING log Not Found: /controller/admin/post.js
2025-07-30 01:40:21,327 WARNING log Not Found: /controller/api/post.js
2025-07-30 01:40:21,373 WARNING log Not Found: /controllers/settings.js
2025-07-30 01:40:21,419 WARNING log Not Found: /core/.env
2025-07-30 01:40:21,545 WARNING log Not Found: /core/.env.bak
2025-07-30 01:40:21,591 WARNING log Not Found: /core/.env.local
2025-07-30 01:40:21,637 WARNING log Not Found: /core/.env.old
2025-07-30 01:40:21,683 WARNING log Not Found: /core/.env.save
2025-07-30 01:40:21,729 WARNING log Not Found: /core/.env~
2025-07-30 01:40:21,776 WARNING log Not Found: /core/.git/
2025-07-30 01:40:21,821 WARNING log Not Found: /core/.git/HEAD
2025-07-30 01:40:21,868 WARNING log Not Found: /core/.git/config
2025-07-30 01:40:21,914 WARNING log Not Found: /core/.git/logs/HEAD
2025-07-30 01:40:21,960 WARNING log Not Found: /core/.gitignore
2025-07-30 01:40:22,007 WARNING log Not Found: /core/access.log
2025-07-30 01:40:22,098 WARNING log Not Found: /core/adminer.php
2025-07-30 01:40:22,144 WARNING log Not Found: /core/app.js.bak
2025-07-30 01:40:22,190 WARNING log Not Found: /core/backup.sql
2025-07-30 01:40:22,236 WARNING log Not Found: /core/backup.tar.gz
2025-07-30 01:40:22,282 WARNING log Not Found: /core/bundle.js
2025-07-30 01:40:22,328 WARNING log Not Found: /core/bundle.js.map
2025-07-30 01:40:22,374 WARNING log Not Found: /core/config.json
2025-07-30 01:40:22,420 WARNING log Not Found: /core/config.php
2025-07-30 01:40:22,466 WARNING log Not Found: /core/config.php.bak
2025-07-30 01:40:22,513 WARNING log Not Found: /core/database.php
2025-07-30 01:40:22,559 WARNING log Not Found: /core/db.sql
2025-07-30 01:40:22,605 WARNING log Not Found: /core/debug.js
2025-07-30 01:40:22,651 WARNING log Not Found: /core/debug.log
2025-07-30 01:40:22,774 WARNING log Not Found: /core/debug.php
2025-07-30 01:40:22,820 WARNING log Not Found: /core/dump.sql
2025-07-30 01:40:22,867 WARNING log Not Found: /core/dump.sql.gz
2025-07-30 01:40:22,913 WARNING log Not Found: /core/error.log
2025-07-30 01:40:22,959 WARNING log Not Found: /core/index-dev.php
2025-07-30 01:40:23,005 WARNING log Not Found: /core/log.txt
2025-07-30 01:40:23,051 WARNING log Not Found: /core/logs/error.log
2025-07-30 01:40:23,097 WARNING log Not Found: /core/main.dev.js
2025-07-30 01:40:23,143 WARNING log Not Found: /core/main.js
2025-07-30 01:40:23,189 WARNING log Not Found: /core/phpinfo.php
2025-07-30 01:40:23,235 WARNING log Not Found: /core/settings.php
2025-07-30 01:40:23,281 WARNING log Not Found: /core/site.conf
2025-07-30 01:40:23,395 WARNING log Not Found: /core/site.sql
2025-07-30 01:40:23,440 WARNING log Not Found: /core/wp-config.php
2025-07-30 01:40:23,486 WARNING log Not Found: /core/wp-config.php.old
2025-07-30 01:40:23,531 WARNING log Not Found: /crm/.env
2025-07-30 01:40:23,577 WARNING log Not Found: /cron/.env
2025-07-30 01:40:23,670 WARNING log Not Found: /dashboard/
2025-07-30 01:40:23,716 WARNING log Not Found: /dashboard/phpinfo.php
2025-07-30 01:40:23,761 WARNING log Not Found: /data/.env
2025-07-30 01:40:23,807 WARNING log Not Found: /data/aws/credentials
2025-07-30 01:40:23,853 WARNING log Not Found: /database.bak
2025-07-30 01:40:23,898 WARNING log Not Found: /database.php
2025-07-30 01:40:24,021 WARNING log Not Found: /database.sql
2025-07-30 01:40:24,068 WARNING log Not Found: /db.bak
2025-07-30 01:40:24,121 WARNING log Not Found: /db.dump
2025-07-30 01:40:24,166 WARNING log Not Found: /db.php
2025-07-30 01:40:24,212 WARNING log Not Found: /db.sql
2025-07-30 01:40:24,258 WARNING log Not Found: /db/.env
2025-07-30 01:40:24,303 WARNING log Not Found: /db_backup.dump
2025-07-30 01:40:24,349 WARNING log Not Found: /db_backup.sql
2025-07-30 01:40:24,404 WARNING log Not Found: /debug.js
2025-07-30 01:40:24,450 WARNING log Not Found: /debug.log
2025-07-30 01:40:24,725 WARNING log Not Found: /debug/pprof
2025-07-30 01:40:24,822 WARNING log Not Found: /dev/.env
2025-07-30 01:40:24,871 WARNING log Not Found: /dev/backup.zip
2025-07-30 01:40:24,919 WARNING log Not Found: /dev/db.sql
2025-07-30 01:40:24,968 WARNING log Not Found: /dev/execute.php
2025-07-30 01:40:25,017 WARNING log Not Found: /dev/shell.php
2025-07-30 01:40:25,066 WARNING log Not Found: /dev/test.php
2025-07-30 01:40:25,115 WARNING log Not Found: /development/.env
2025-07-30 01:40:25,164 WARNING log Not Found: /docker-compose.override.yml
2025-07-30 01:40:25,275 WARNING log Not Found: /docker-compose.yml
2025-07-30 01:40:25,324 WARNING log Not Found: /docker/.env
2025-07-30 01:40:25,372 WARNING log Not Found: /docker/app/.env
2025-07-30 01:40:25,421 WARNING log Not Found: /dump.bak
2025-07-30 01:40:25,470 WARNING log Not Found: /dump.sql
2025-07-30 01:40:25,519 WARNING log Not Found: /dump.sql.gz
2025-07-30 01:40:25,568 WARNING log Not Found: /dump.tar.gz
2025-07-30 01:40:25,617 WARNING log Not Found: /dump.zip
2025-07-30 01:40:25,666 WARNING log Not Found: /ecs/task-credentials
2025-07-30 01:40:25,715 WARNING log Not Found: /ecs/task-credentials.json
2025-07-30 01:40:25,764 WARNING log Not Found: /eks/metadata
2025-07-30 01:40:25,813 WARNING log Not Found: /eks/secrets/iam
2025-07-30 01:40:25,970 WARNING log Not Found: /email.json
2025-07-30 01:40:26,035 WARNING log Not Found: /email/credentials.json
2025-07-30 01:40:26,084 WARNING log Not Found: /email/smtp_config.json
2025-07-30 01:40:26,133 WARNING log Not Found: /env.backup
2025-07-30 01:40:26,181 WARNING log Not Found: /env.js
2025-07-30 01:40:26,229 WARNING log Not Found: /env.zip
2025-07-30 01:40:26,278 WARNING log Not Found: /env/.env
2025-07-30 01:40:26,328 WARNING log Not Found: /error.log
2025-07-30 01:40:26,376 WARNING log Not Found: /execute.php
2025-07-30 01:40:26,425 WARNING log Not Found: /frontend/js/env.js
2025-07-30 01:40:26,568 WARNING log Not Found: /gatsby-config.js
2025-07-30 01:40:26,616 WARNING log Not Found: /getcpuutil.php-bakworking
2025-07-30 01:40:26,664 WARNING log Not Found: /gitlab-ci.yml
2025-07-30 01:40:26,762 WARNING log Not Found: /graphiql/
2025-07-30 01:40:26,860 WARNING log Not Found: /graphql/
2025-07-30 01:40:26,959 WARNING log Not Found: /graphql-explorer/
2025-07-30 01:40:27,009 WARNING log Not Found: /graphql/api
2025-07-30 01:40:27,058 WARNING log Not Found: /graphql/console
2025-07-30 01:40:27,221 WARNING log Not Found: /graphql/dev
2025-07-30 01:40:27,270 WARNING log Not Found: /graphql/playground
2025-07-30 01:40:27,318 WARNING log Not Found: /graphql/query
2025-07-30 01:40:27,366 WARNING log Not Found: /graphql/test
2025-07-30 01:40:27,465 WARNING log Not Found: /graphql/
2025-07-30 01:40:27,563 WARNING log Not Found: /graphql/
2025-07-30 01:40:27,661 WARNING log Not Found: /graphql/
2025-07-30 01:40:27,710 WARNING log Not Found: /helper.js
2025-07-30 01:40:27,759 WARNING log Not Found: /helper/EmailHelper.js
2025-07-30 01:40:27,808 WARNING log Not Found: /helpers/utility.js
2025-07-30 01:40:27,856 WARNING log Not Found: /hidden/.aws/config
2025-07-30 01:40:27,905 WARNING log Not Found: /hidden/.aws/credentials
2025-07-30 01:40:27,954 WARNING log Not Found: /hidden/.env
2025-07-30 01:40:28,003 WARNING log Not Found: /hidden/aws_keys.json
2025-07-30 01:40:28,101 WARNING log Not Found: /id_rsa/
2025-07-30 01:40:28,150 WARNING log Not Found: /id_rsa.pub
2025-07-30 01:40:28,199 WARNING log Not Found: /index-dev.php
2025-07-30 01:40:28,248 WARNING log Not Found: /index.bak.php
2025-07-30 01:40:28,296 WARNING log Not Found: /index.js
2025-07-30 01:40:28,344 WARNING log Not Found: /index.old.php
2025-07-30 01:40:28,393 WARNING log Not Found: /info.php
2025-07-30 01:40:28,442 WARNING log Not Found: /init.php
2025-07-30 01:40:28,493 WARNING log Not Found: /internal-api/aws/credentials
2025-07-30 01:40:28,542 WARNING log Not Found: /internal-api/aws/iam
2025-07-30 01:40:28,590 WARNING log Not Found: /internal-api/aws/metadata
2025-07-30 01:40:28,638 WARNING log Not Found: /internal-api/iam/credentials
2025-07-30 01:40:28,686 WARNING log Not Found: /internal/169.254.169.254/latest/meta-data/iam/security-credentials/
2025-07-30 01:40:28,735 WARNING log Not Found: /internal/admin
2025-07-30 01:40:28,783 WARNING log Not Found: /internal/api
2025-07-30 01:40:28,831 WARNING log Not Found: /internal/aws/credentials
2025-07-30 01:40:28,880 WARNING log Not Found: /internal/aws/iam/keys.json
2025-07-30 01:40:28,928 WARNING log Not Found: /internal/aws/metadata.json
2025-07-30 01:40:28,976 WARNING log Not Found: /internal/proxy
2025-07-30 01:40:29,128 WARNING log Not Found: /jenkins.yml
2025-07-30 01:40:29,178 WARNING log Not Found: /js/.env
2025-07-30 01:40:29,227 WARNING log Not Found: /js/api.js
2025-07-30 01:40:29,276 WARNING log Not Found: /js/config.js
2025-07-30 01:40:29,324 WARNING log Not Found: /js/env.js
2025-07-30 01:40:29,373 WARNING log Not Found: /js/main.js
2025-07-30 01:40:29,421 WARNING log Not Found: /k8s/.env
2025-07-30 01:40:29,470 WARNING log Not Found: /k8s/eks/credentials
2025-07-30 01:40:29,521 WARNING log Not Found: /k8s/eks/secrets/aws
2025-07-30 01:40:29,570 WARNING log Not Found: /k8s/eks/token.json
2025-07-30 01:40:29,752 WARNING log Not Found: /k8s/metadata
2025-07-30 01:40:29,801 WARNING log Not Found: /k8s/secrets/aws
2025-07-30 01:40:29,850 WARNING log Not Found: /k8s/secrets/iam
2025-07-30 01:40:29,899 WARNING log Not Found: /keys/private.pem
2025-07-30 01:40:29,947 WARNING log Not Found: /keys/public.pem
2025-07-30 01:40:29,995 WARNING log Not Found: /kubernetes/.env
2025-07-30 01:40:30,043 WARNING log Not Found: /kubernetes/eks/secrets.json
2025-07-30 01:40:30,092 WARNING log Not Found: /kubernetes/metadata
2025-07-30 01:40:30,140 WARNING log Not Found: /kyc/.env
2025-07-30 01:40:30,189 WARNING log Not Found: /lara/info.php
2025-07-30 01:40:30,382 WARNING log Not Found: /laravel/.env
2025-07-30 01:40:30,432 WARNING log Not Found: /laravel/core/.env
2025-07-30 01:40:30,496 WARNING log Not Found: /laravel/info.php
2025-07-30 01:40:30,545 WARNING log Not Found: /latest/meta-data
2025-07-30 01:40:30,594 WARNING log Not Found: /latest/meta-data/iam/info
2025-07-30 01:40:30,642 WARNING log Not Found: /latest/meta-data/iam/security-credentials/
2025-07-30 01:40:30,691 WARNING log Not Found: /latest/user-data
2025-07-30 01:40:30,740 WARNING log Not Found: /local/.env
2025-07-30 01:40:30,788 WARNING log Not Found: /log.txt
2025-07-30 01:40:30,888 WARNING log Not Found: /login/
2025-07-30 01:40:31,018 WARNING log Not Found: /login.bak.php
2025-07-30 01:40:31,067 WARNING log Not Found: /login.old.php
2025-07-30 01:40:31,123 WARNING log Not Found: /logs/debug.log
2025-07-30 01:40:31,172 WARNING log Not Found: /logs/error.log
2025-07-30 01:40:31,221 WARNING log Not Found: /mail-config.php
2025-07-30 01:40:31,269 WARNING log Not Found: /mail.php
2025-07-30 01:40:31,319 WARNING log Not Found: /mail/.env
2025-07-30 01:40:31,367 WARNING log Not Found: /mailer/.env
2025-07-30 01:40:31,417 WARNING log Not Found: /mailer_config.php
2025-07-30 01:40:31,465 WARNING log Not Found: /main.dev.js
2025-07-30 01:40:31,514 WARNING log Not Found: /main.js
2025-07-30 01:40:31,564 WARNING log Not Found: /main.yml
2025-07-30 01:40:31,616 WARNING log Not Found: /main/.env
2025-07-30 01:40:31,666 WARNING log Not Found: /metadata/computeMetadata/v1
2025-07-30 01:40:31,715 WARNING log Not Found: /metadata/instance
2025-07-30 01:40:31,765 WARNING log Not Found: /metadata/instance/compute/
2025-07-30 01:40:31,814 WARNING log Not Found: /metadata/instance/compute/location
2025-07-30 01:40:31,863 WARNING log Not Found: /metadata/instance/compute/name
2025-07-30 01:40:31,912 WARNING log Not Found: /metadata/instance/compute/plan
2025-07-30 01:40:31,961 WARNING log Not Found: /metadata/instance/compute/platformFaultDomain
2025-07-30 01:40:32,011 WARNING log Not Found: /metadata/instance/compute/resourceGroupName
2025-07-30 01:40:32,060 WARNING log Not Found: /metadata/instance/compute/subscriptionId
2025-07-30 01:40:32,110 WARNING log Not Found: /metadata/instance/compute/tags
2025-07-30 01:40:32,160 WARNING log Not Found: /metadata/instance/compute/vmId
2025-07-30 01:40:32,300 WARNING log Not Found: /metadata/instance/compute/vmSize
2025-07-30 01:40:32,349 WARNING log Not Found: /metadata/instance/compute/zone
2025-07-30 01:40:32,398 WARNING log Not Found: /metadata/instance/network/interface/0/ipv4/ipAddress/0/
2025-07-30 01:40:32,447 WARNING log Not Found: /metadata/instance/network/interface/0/ipv4/ipAddress/0/privateIpAddress
2025-07-30 01:40:32,496 WARNING log Not Found: /metadata/instance/network/interface/0/ipv4/ipAddress/0/publicIpAddress
2025-07-30 01:40:32,596 WARNING log Not Found: /metrics/
2025-07-30 01:40:32,645 WARNING log Not Found: /my_env/chakaash.py
2025-07-30 01:40:32,694 WARNING log Not Found: /my_env/newsletter.py
2025-07-30 01:40:32,744 WARNING log Not Found: /my_env/palash.py
2025-07-30 01:40:32,793 WARNING log Not Found: /mysql.sql
2025-07-30 01:40:32,892 WARNING log Not Found: /mysql/.my.cnf
2025-07-30 01:40:32,942 WARNING log Not Found: /mysqldump.sql
2025-07-30 01:40:32,991 WARNING log Not Found: /mytest/astech_robot.js
2025-07-30 01:40:33,040 WARNING log Not Found: /new/.env
2025-07-30 01:40:33,090 WARNING log Not Found: /new/.env.local
2025-07-30 01:40:33,139 WARNING log Not Found: /new/.env.production
2025-07-30 01:40:33,188 WARNING log Not Found: /new/.env.staging
2025-07-30 01:40:33,238 WARNING log Not Found: /nginx.conf
2025-07-30 01:40:33,287 WARNING log Not Found: /nginx/.env
2025-07-30 01:40:33,336 WARNING log Not Found: /node/.env_example
2025-07-30 01:40:33,386 WARNING log Not Found: /node_modules/.env
2025-07-30 01:40:33,436 WARNING log Not Found: /old/.env
2025-07-30 01:40:33,563 WARNING log Not Found: /old/config.json
2025-07-30 01:40:33,613 WARNING log Not Found: /package-lock.json
2025-07-30 01:40:33,666 WARNING log Not Found: /package.json
2025-07-30 01:40:33,716 WARNING log Not Found: /partner/config/config.js
2025-07-30 01:40:33,765 WARNING log Not Found: /pg_dump.sql
2025-07-30 01:40:33,814 WARNING log Not Found: /pgsql.dump
2025-07-30 01:40:33,863 WARNING log Not Found: /phpinfo.php
2025-07-30 01:40:33,961 WARNING log Not Found: /portal/.env
2025-07-30 01:40:34,010 WARNING log Not Found: /private/.env
2025-07-30 01:40:34,059 WARNING log Not Found: /private/aws.json
2025-07-30 01:40:34,156 WARNING log Not Found: /private/aws_credentials.json
2025-07-30 01:40:34,205 WARNING log Not Found: /private/smtp.json
2025-07-30 01:40:34,254 WARNING log Not Found: /prod/.env
2025-07-30 01:40:34,310 WARNING log Not Found: /public/.aws/config
2025-07-30 01:40:34,359 WARNING log Not Found: /public/.aws/credentials
2025-07-30 01:40:34,408 WARNING log Not Found: /public/.aws/secrets.json
2025-07-30 01:40:34,457 WARNING log Not Found: /public/.env
2025-07-30 01:40:34,506 WARNING log Not Found: /public/.s3cfg
2025-07-30 01:40:34,555 WARNING log Not Found: /public/aws_keys.json
2025-07-30 01:40:34,604 WARNING log Not Found: /public/aws_secrets.json
2025-07-30 01:40:34,654 WARNING log Not Found: /public/backup.zip
2025-07-30 01:40:34,703 WARNING log Not Found: /public/bucket.json
2025-07-30 01:40:34,754 WARNING log Not Found: /public/db.sql
2025-07-30 01:40:34,900 WARNING log Not Found: /public/db_dump.sql
2025-07-30 01:40:34,950 WARNING log Not Found: /public/env.js
2025-07-30 01:40:34,999 WARNING log Not Found: /public/execute.php
2025-07-30 01:40:35,048 WARNING log Not Found: /public/s3-bucket.json
2025-07-30 01:40:35,097 WARNING log Not Found: /public/s3.json
2025-07-30 01:40:35,147 WARNING log Not Found: /public/shell.php
2025-07-30 01:40:35,196 WARNING log Not Found: /public/storage.json
2025-07-30 01:40:35,246 WARNING log Not Found: /public/uploads/.bucket
2025-07-30 01:40:35,295 WARNING log Not Found: /public/uploads/.s3cfg
2025-07-30 01:40:35,345 WARNING log Not Found: /public/uploads/s3-keys.json
2025-07-30 01:40:35,393 WARNING log Not Found: /rce.php
2025-07-30 01:40:35,442 WARNING log Not Found: /resources/.env
2025-07-30 01:40:35,492 WARNING log Not Found: /run.php
2025-07-30 01:40:35,542 WARNING log Not Found: /s3-access.json
2025-07-30 01:40:35,591 WARNING log Not Found: /s3-bucket-list.json
2025-07-30 01:40:35,640 WARNING log Not Found: /s3-bucket.json
2025-07-30 01:40:35,689 WARNING log Not Found: /s3-credentials.bak
2025-07-30 01:40:35,738 WARNING log Not Found: /s3-credentials.json
2025-07-30 01:40:35,887 WARNING log Not Found: /s3/.aws
2025-07-30 01:40:35,936 WARNING log Not Found: /s3/.aws/config
2025-07-30 01:40:35,985 WARNING log Not Found: /s3/.aws/config.json
2025-07-30 01:40:36,035 WARNING log Not Found: /s3/.aws/credentials
2025-07-30 01:40:36,158 WARNING log Not Found: /s3/.env
2025-07-30 01:40:36,209 WARNING log Not Found: /s3/.env.bak
2025-07-30 01:40:36,258 WARNING log Not Found: /s3/config.json
2025-07-30 01:40:36,307 WARNING log Not Found: /s3/keys.json
2025-07-30 01:40:36,355 WARNING log Not Found: /s3/presigned
2025-07-30 01:40:36,404 WARNING log Not Found: /s3/presigned-links
2025-07-30 01:40:36,454 WARNING log Not Found: /s3/presigned-url
2025-07-30 01:40:36,503 WARNING log Not Found: /s3/presigned-urls
2025-07-30 01:40:36,552 WARNING log Not Found: /s3/public/credentials
2025-07-30 01:40:36,602 WARNING log Not Found: /s3/public/keys
2025-07-30 01:40:36,651 WARNING log Not Found: /s3/secrets.json
2025-07-30 01:40:36,782 WARNING log Not Found: /scripts/config.js
2025-07-30 01:40:36,834 WARNING log Not Found: /scripts/env.js
2025-07-30 01:40:36,883 WARNING log Not Found: /scripts/nodemailer.js
2025-07-30 01:40:36,933 WARNING log Not Found: /secret/.env
2025-07-30 01:40:36,982 WARNING log Not Found: /secrets/aws.json
2025-07-30 01:40:37,031 WARNING log Not Found: /secrets/secret.key
2025-07-30 01:40:37,080 WARNING log Not Found: /secured/phpinfo.php
2025-07-30 01:40:37,129 WARNING log Not Found: /sendgrid.config.js
2025-07-30 01:40:37,179 WARNING log Not Found: /sendgrid.env
2025-07-30 01:40:37,228 WARNING log Not Found: /sendgrid.json
2025-07-30 01:40:37,277 WARNING log Not Found: /sendgrid.key
2025-07-30 01:40:37,411 WARNING log Not Found: /sendgrid.php
2025-07-30 01:40:37,477 WARNING log Not Found: /sendinblue.env
2025-07-30 01:40:37,526 WARNING log Not Found: /sendinblue.json
2025-07-30 01:40:37,626 WARNING log Not Found: /server-info/
2025-07-30 01:40:37,725 WARNING log Not Found: /server-status/
2025-07-30 01:40:37,774 WARNING log Not Found: /server.js
2025-07-30 01:40:37,823 WARNING log Not Found: /server/.env
2025-07-30 01:40:37,872 WARNING log Not Found: /server/config/database.js
2025-07-30 01:40:37,922 WARNING log Not Found: /server/s3.js
2025-07-30 01:40:37,972 WARNING log Not Found: /server_info.php
2025-07-30 01:40:38,023 WARNING log Not Found: /service/email_service.py
2025-07-30 01:40:38,071 WARNING log Not Found: /ses.json
2025-07-30 01:40:38,125 WARNING log Not Found: /ses/keys.json
2025-07-30 01:40:38,174 WARNING log Not Found: /ses_config.php
2025-07-30 01:40:38,273 WARNING log Not Found: /session/
2025-07-30 01:40:38,372 WARNING log Not Found: /settings/
2025-07-30 01:40:38,421 WARNING log Not Found: /settings.env
2025-07-30 01:40:38,469 WARNING log Not Found: /settings.js
2025-07-30 01:40:38,518 WARNING log Not Found: /settings.json
2025-07-30 01:40:38,567 WARNING log Not Found: /settings.php
2025-07-30 01:40:38,616 WARNING log Not Found: /settings.py
2025-07-30 01:40:38,666 WARNING log Not Found: /setup.php
2025-07-30 01:40:38,715 WARNING log Not Found: /shared/config/config.js
2025-07-30 01:40:38,814 WARNING log Not Found: /shell/
2025-07-30 01:40:38,863 WARNING log Not Found: /shell.php
2025-07-30 01:40:38,963 WARNING log Not Found: /signin/
2025-07-30 01:40:39,013 WARNING log Not Found: /site.conf
2025-07-30 01:40:39,062 WARNING log Not Found: /site.sql
2025-07-30 01:40:39,110 WARNING log Not Found: /site.tar.gz
2025-07-30 01:40:39,160 WARNING log Not Found: /site/.env
2025-07-30 01:40:39,309 WARNING log Not Found: /site/.env.bak
2025-07-30 01:40:39,358 WARNING log Not Found: /site/.env.local
2025-07-30 01:40:39,407 WARNING log Not Found: /site/.env.old
2025-07-30 01:40:39,456 WARNING log Not Found: /site/.env.save
2025-07-30 01:40:39,505 WARNING log Not Found: /site/.env~
2025-07-30 01:40:39,554 WARNING log Not Found: /site/.git/
2025-07-30 01:40:39,603 WARNING log Not Found: /site/.git/HEAD
2025-07-30 01:40:39,652 WARNING log Not Found: /site/.git/config
2025-07-30 01:40:39,701 WARNING log Not Found: /site/.git/logs/HEAD
2025-07-30 01:40:39,750 WARNING log Not Found: /site/.gitignore
2025-07-30 01:40:39,799 WARNING log Not Found: /site/access.log
2025-07-30 01:40:39,924 WARNING log Not Found: /site/adminer.php
2025-07-30 01:40:39,974 WARNING log Not Found: /site/app.js.bak
2025-07-30 01:40:40,025 WARNING log Not Found: /site/backup.sql
2025-07-30 01:40:40,074 WARNING log Not Found: /site/backup.tar.gz
2025-07-30 01:40:40,123 WARNING log Not Found: /site/bundle.js
2025-07-30 01:40:40,173 WARNING log Not Found: /site/bundle.js.map
2025-07-30 01:40:40,223 WARNING log Not Found: /site/config.json
2025-07-30 01:40:40,272 WARNING log Not Found: /site/config.php
2025-07-30 01:40:40,321 WARNING log Not Found: /site/config.php.bak
2025-07-30 01:40:40,370 WARNING log Not Found: /site/database.php
2025-07-30 01:40:40,419 WARNING log Not Found: /site/db.sql
2025-07-30 01:40:40,468 WARNING log Not Found: /site/debug.js
2025-07-30 01:40:40,519 WARNING log Not Found: /site/debug.log
2025-07-30 01:40:40,568 WARNING log Not Found: /site/debug.php
2025-07-30 01:40:40,617 WARNING log Not Found: /site/dump.sql
2025-07-30 01:40:40,666 WARNING log Not Found: /site/dump.sql.gz
2025-07-30 01:40:40,715 WARNING log Not Found: /site/error.log
2025-07-30 01:40:40,765 WARNING log Not Found: /site/index-dev.php
2025-07-30 01:40:40,814 WARNING log Not Found: /site/log.txt
2025-07-30 01:40:40,863 WARNING log Not Found: /site/logs/error.log
2025-07-30 01:40:40,912 WARNING log Not Found: /site/main.dev.js
2025-07-30 01:40:40,962 WARNING log Not Found: /site/main.js
2025-07-30 01:40:41,011 WARNING log Not Found: /site/phpinfo.php
2025-07-30 01:40:41,060 WARNING log Not Found: /site/settings.php
2025-07-30 01:40:41,109 WARNING log Not Found: /site/site.conf
2025-07-30 01:40:41,254 WARNING log Not Found: /site/site.sql
2025-07-30 01:40:41,303 WARNING log Not Found: /site/wp-config.php
2025-07-30 01:40:41,456 WARNING log Not Found: /site_backup.zip
2025-07-30 01:40:41,506 WARNING log Not Found: /sms.py
2025-07-30 01:40:41,556 WARNING log Not Found: /smtp.env
2025-07-30 01:40:41,607 WARNING log Not Found: /smtp.json
2025-07-30 01:40:41,658 WARNING log Not Found: /smtp/backup.json
2025-07-30 01:40:41,708 WARNING log Not Found: /smtp/keys.json
2025-07-30 01:40:41,759 WARNING log Not Found: /smtp/private.json
2025-07-30 01:40:41,809 WARNING log Not Found: /smtp_config.js
2025-07-30 01:40:41,981 WARNING log Not Found: /source_code.zip
2025-07-30 01:40:42,032 WARNING log Not Found: /src.zip
2025-07-30 01:40:42,082 WARNING log Not Found: /src/.env
2025-07-30 01:40:42,133 WARNING log Not Found: /src/.env.bak
2025-07-30 01:40:42,183 WARNING log Not Found: /src/.env.local
2025-07-30 01:40:42,233 WARNING log Not Found: /src/.env.old
2025-07-30 01:40:42,284 WARNING log Not Found: /src/.env.save
2025-07-30 01:40:42,335 WARNING log Not Found: /src/.env~
2025-07-30 01:40:42,385 WARNING log Not Found: /src/.git/
2025-07-30 01:40:42,436 WARNING log Not Found: /src/.git/HEAD
2025-07-30 01:40:42,614 WARNING log Not Found: /src/.git/config
2025-07-30 01:40:42,665 WARNING log Not Found: /src/.git/logs/HEAD
2025-07-30 01:40:42,715 WARNING log Not Found: /src/.gitignore
2025-07-30 01:40:42,765 WARNING log Not Found: /src/access.log
2025-07-30 01:40:42,816 WARNING log Not Found: /src/adminer.php
2025-07-30 01:40:42,866 WARNING log Not Found: /src/app.js.bak
2025-07-30 01:40:42,917 WARNING log Not Found: /src/backup.sql
2025-07-30 01:40:42,967 WARNING log Not Found: /src/backup.tar.gz
2025-07-30 01:40:43,018 WARNING log Not Found: /src/bundle.js
2025-07-30 01:40:43,069 WARNING log Not Found: /src/bundle.js.map
2025-07-30 01:40:43,233 WARNING log Not Found: /src/config.json
2025-07-30 01:40:43,285 WARNING log Not Found: /src/config.php
2025-07-30 01:40:43,336 WARNING log Not Found: /src/config.php.bak
2025-07-30 01:40:43,386 WARNING log Not Found: /src/database.php
2025-07-30 01:40:43,436 WARNING log Not Found: /src/db.sql
2025-07-30 01:40:43,487 WARNING log Not Found: /src/debug.js
2025-07-30 01:40:43,537 WARNING log Not Found: /src/debug.log
2025-07-30 01:40:43,588 WARNING log Not Found: /src/debug.php
2025-07-30 01:40:43,638 WARNING log Not Found: /src/dump.sql
2025-07-30 01:40:43,689 WARNING log Not Found: /src/dump.sql.gz
2025-07-30 01:40:43,848 WARNING log Not Found: /src/error.log
2025-07-30 01:40:43,899 WARNING log Not Found: /src/index-dev.php
2025-07-30 01:40:43,949 WARNING log Not Found: /src/log.txt
2025-07-30 01:40:44,000 WARNING log Not Found: /src/logs/error.log
2025-07-30 01:40:44,050 WARNING log Not Found: /src/main.dev.js
2025-07-30 01:40:44,103 WARNING log Not Found: /src/main.js
2025-07-30 01:40:44,154 WARNING log Not Found: /src/phpinfo.php
2025-07-30 01:40:44,204 WARNING log Not Found: /src/settings.php
2025-07-30 01:40:44,255 WARNING log Not Found: /src/site.conf
2025-07-30 01:40:44,305 WARNING log Not Found: /src/site.sql
2025-07-30 01:40:44,451 WARNING log Not Found: /src/wp-config.php
2025-07-30 01:40:44,502 WARNING log Not Found: /src/wp-config.php.old
2025-07-30 01:40:44,552 WARNING log Not Found: /ssh/id_rsa
2025-07-30 01:40:44,603 WARNING log Not Found: /ssh/id_rsa.pub
2025-07-30 01:40:44,654 WARNING log Not Found: /ssl/cert.pem
2025-07-30 01:40:44,704 WARNING log Not Found: /ssl/private.key
2025-07-30 01:40:44,852 WARNING log Not Found: /storage/logs/laravel.log
2025-07-30 01:40:44,903 WARNING log Not Found: /storage/oauth-private.key
2025-07-30 01:40:44,954 WARNING log Not Found: /storage/oauth-public.key
2025-07-30 01:40:45,116 WARNING log Not Found: /swagger.js
2025-07-30 01:40:45,166 WARNING log Not Found: /swagger.json
2025-07-30 01:40:45,216 WARNING log Not Found: /symfony/.env
2025-07-30 01:40:45,267 WARNING log Not Found: /terminal.php
2025-07-30 01:40:45,317 WARNING log Not Found: /terraform/.env
2025-07-30 01:40:45,367 WARNING log Not Found: /test.php
2025-07-30 01:40:45,417 WARNING log Not Found: /test/.env
2025-07-30 01:40:45,467 WARNING log Not Found: /test/backup.zip
2025-07-30 01:40:45,518 WARNING log Not Found: /test/db.sql
2025-07-30 01:40:45,568 WARNING log Not Found: /test/execute.php
2025-07-30 01:40:45,702 WARNING log Not Found: /test/shell.php
2025-07-30 01:40:45,802 WARNING log Not Found: /tmp/.aws/config
2025-07-30 01:40:45,853 WARNING log Not Found: /tmp/.aws/credentials
2025-07-30 01:40:45,903 WARNING log Not Found: /tmp/.aws/keys.json
2025-07-30 01:40:45,953 WARNING log Not Found: /tmp/.aws/secrets.json
2025-07-30 01:40:46,003 WARNING log Not Found: /tmp/.env
2025-07-30 01:40:46,055 WARNING log Not Found: /tmp/aws_keys.json
2025-07-30 01:40:46,105 WARNING log Not Found: /tmp/aws_secrets.json
2025-07-30 01:40:46,156 WARNING log Not Found: /tmp/backup.zip
2025-07-30 01:40:46,206 WARNING log Not Found: /tmp/db.sql
2025-07-30 01:40:46,257 WARNING log Not Found: /tmp/db_dump.sql
2025-07-30 01:40:46,308 WARNING log Not Found: /tmp/error.log
2025-07-30 01:40:46,358 WARNING log Not Found: /tmp/execute.php
2025-07-30 01:40:46,409 WARNING log Not Found: /tmp/shell.php
2025-07-30 01:40:46,511 WARNING log Not Found: /token/
2025-07-30 01:40:46,561 WARNING log Not Found: /user/config/config.js
2025-07-30 01:40:46,612 WARNING log Not Found: /user/controllers/index.js
2025-07-30 01:40:46,662 WARNING log Not Found: /v1/graphql
2025-07-30 01:40:46,713 WARNING log Not Found: /vault/.env
2025-07-30 01:40:46,763 WARNING log Not Found: /vendor/.aws
2025-07-30 01:40:46,813 WARNING log Not Found: /vendor/.aws/config
2025-07-30 01:40:46,985 WARNING log Not Found: /vendor/.aws/credentials
2025-07-30 01:40:47,035 WARNING log Not Found: /vendor/.aws/keys.json
2025-07-30 01:40:47,085 WARNING log Not Found: /vendor/.aws/secrets.json
2025-07-30 01:40:47,136 WARNING log Not Found: /vendor/.env
2025-07-30 01:40:47,186 WARNING log Not Found: /vendor/aws/.env
2025-07-30 01:40:47,237 WARNING log Not Found: /vendor/aws/config
2025-07-30 01:40:47,287 WARNING log Not Found: /vendor/aws/credentials
2025-07-30 01:40:47,338 WARNING log Not Found: /vendor/aws/keys.json
2025-07-30 01:40:47,559 WARNING log Not Found: /web.zip
2025-07-30 01:40:47,608 WARNING log Not Found: /web/.env
2025-07-30 01:40:47,658 WARNING log Not Found: /web/.env.bak
2025-07-30 01:40:47,707 WARNING log Not Found: /web/.env.local
2025-07-30 01:40:47,758 WARNING log Not Found: /web/.env.old
2025-07-30 01:40:47,807 WARNING log Not Found: /web/.env.save
2025-07-30 01:40:47,857 WARNING log Not Found: /web/.env~
2025-07-30 01:40:47,906 WARNING log Not Found: /web/.git/
2025-07-30 01:40:47,956 WARNING log Not Found: /web/.git/HEAD
2025-07-30 01:40:48,005 WARNING log Not Found: /web/.git/config
2025-07-30 01:40:48,118 WARNING log Not Found: /web/.git/logs/HEAD
2025-07-30 01:40:48,168 WARNING log Not Found: /web/.gitignore
2025-07-30 01:40:48,218 WARNING log Not Found: /web/access.log
2025-07-30 01:40:48,267 WARNING log Not Found: /web/adminer.php
2025-07-30 01:40:48,317 WARNING log Not Found: /web/app.js.bak
2025-07-30 01:40:48,366 WARNING log Not Found: /web/backup.sql
2025-07-30 01:40:48,416 WARNING log Not Found: /web/backup.tar.gz
2025-07-30 01:40:48,471 WARNING log Not Found: /web/bundle.js
2025-07-30 01:40:48,521 WARNING log Not Found: /web/bundle.js.map
2025-07-30 01:40:48,570 WARNING log Not Found: /web/config.json
2025-07-30 01:40:48,620 WARNING log Not Found: /web/config.php
2025-07-30 01:40:48,791 WARNING log Not Found: /web/config.php.bak
2025-07-30 01:40:48,852 WARNING log Not Found: /web/database.php
2025-07-30 01:40:48,902 WARNING log Not Found: /web/db.sql
2025-07-30 01:40:48,951 WARNING log Not Found: /web/debug.js
2025-07-30 01:40:49,001 WARNING log Not Found: /web/debug.log
2025-07-30 01:40:49,051 WARNING log Not Found: /web/debug.php
2025-07-30 01:40:49,100 WARNING log Not Found: /web/dump.sql
2025-07-30 01:40:49,150 WARNING log Not Found: /web/dump.sql.gz
2025-07-30 01:40:49,199 WARNING log Not Found: /web/error.log
2025-07-30 01:40:49,249 WARNING log Not Found: /web/index-dev.php
2025-07-30 01:40:49,299 WARNING log Not Found: /web/log.txt
2025-07-30 01:40:49,350 WARNING log Not Found: /web/logs/error.log
2025-07-30 01:40:49,400 WARNING log Not Found: /web/main.dev.js
2025-07-30 01:40:49,453 WARNING log Not Found: /web/main.js
2025-07-30 01:40:49,502 WARNING log Not Found: /web/phpinfo.php
2025-07-30 01:40:49,552 WARNING log Not Found: /web/settings.php
2025-07-30 01:40:49,602 WARNING log Not Found: /web/site.conf
2025-07-30 01:40:49,651 WARNING log Not Found: /web/site.sql
2025-07-30 01:40:49,700 WARNING log Not Found: /web/wp-config.php
2025-07-30 01:40:49,750 WARNING log Not Found: /web/wp-config.php.old
2025-07-30 01:40:49,800 WARNING log Not Found: /website/.env
2025-07-30 01:40:49,849 WARNING log Not Found: /wordpress/.env
2025-07-30 01:40:49,989 WARNING log Not Found: /wp-config/
2025-07-30 01:40:50,039 WARNING log Not Found: /wp-config.php
2025-07-30 01:40:50,092 WARNING log Not Found: /wp-config.php.bak
2025-07-30 01:40:50,141 WARNING log Not Found: /wp-config.php.old
2025-07-30 01:40:50,191 WARNING log Not Found: /wp-config.php.swp
2025-07-30 01:40:50,241 WARNING log Not Found: /www.zip
2025-07-30 01:40:50,290 WARNING log Not Found: /www/.env
2025-07-30 01:40:50,339 WARNING log Not Found: /xampp/.env
2025-07-30 01:40:50,390 WARNING log Not Found: /xampp/phpinfo.php
2025-07-30 08:37:21,976 WARNING log Not Found: /.env
2025-07-30 08:37:22,149 WARNING log Not Found: /.env
2025-07-30 19:19:03,295 WARNING log Not Found: /robots.txt
2025-07-30 21:50:56,067 WARNING log Not Found: /robots.txt
2025-07-31 08:08:37,996 WARNING log Not Found: /.git/config
2025-07-31 08:08:48,328 WARNING log Not Found: /.git/config
2025-07-31 20:20:36,503 WARNING log Not Found: /.env
2025-08-01 03:05:50,072 WARNING log Not Found: /robots.txt
2025-08-18 14:49:29,412 WARNING log Not Found: /favicon.ico
2025-08-18 15:36:30,868 WARNING log Not Found: /favicon.ico
2025-08-18 19:14:32,635 WARNING log Not Found: /favicon.ico
2025-08-19 13:02:46,341 WARNING log Not Found: /robots.txt
2025-08-19 20:47:46,193 WARNING log Not Found: /robots.txt
2025-08-20 10:15:28,930 WARNING log Not Found: /favicon.ico
2025-08-21 02:34:53,686 WARNING log Not Found: /robots.txt
2025-08-21 05:37:46,937 WARNING log Not Found: /robots.txt
2025-08-21 08:09:47,710 WARNING log Not Found: /robots.txt
2025-08-21 10:17:39,842 WARNING log Not Found: /robots.txt
2025-08-21 20:45:43,623 WARNING log Not Found: /wp-login.php
2025-08-21 23:51:10,072 WARNING log Not Found: /robots.txt
2025-08-22 02:31:24,917 WARNING log Not Found: /robots.txt
2025-08-22 06:30:30,118 WARNING log Not Found: /wp-login.php
2025-08-22 08:15:21,518 WARNING log Not Found: /robots.txt
2025-08-22 08:26:04,174 WARNING log Not Found: /wp-login.php
2025-08-22 11:03:08,835 WARNING log Not Found: /favicon.ico
2025-08-23 00:00:03,669 WARNING log Not Found: /favicon.ico
2025-08-23 05:51:15,176 WARNING log Not Found: /robots.txt
2025-08-23 18:57:49,141 WARNING log Not Found: /favicon.ico
2025-08-23 23:20:57,217 WARNING log Not Found: /favicon.ico
2025-08-24 06:40:19,779 WARNING log Not Found: /robots.txt
2025-08-24 06:55:39,993 WARNING log Not Found: /robots.txt
2025-08-24 07:40:12,064 WARNING log Not Found: /robots.txt
2025-08-24 10:00:10,619 WARNING log Not Found: /robots.txt
2025-08-24 15:06:05,379 WARNING log Not Found: /robots.txt
2025-09-15 08:20:17,108 WARNING log Not Found: /favicon.ico
2025-09-15 08:20:47,995 DEBUG base Exception while resolving variable 'password_url' in template 'auth/widgets/read_only_password_hash.html'.
Traceback (most recent call last):
  File "/usr/local/lib/python3.10/dist-packages/django/template/base.py", line 891, in _resolve_lookup
    current = current[bit]
  File "/usr/local/lib/python3.10/dist-packages/django/template/context.py", line 88, in __getitem__
    raise KeyError(key)
KeyError: 'password_url'

During handling of the above exception, another exception occurred:

Traceback (most recent call last):
  File "/usr/local/lib/python3.10/dist-packages/django/template/base.py", line 897, in _resolve_lookup
    if isinstance(current, BaseContext) and getattr(
AttributeError: type object 'Context' has no attribute 'password_url'

During handling of the above exception, another exception occurred:

Traceback (most recent call last):
  File "/usr/local/lib/python3.10/dist-packages/django/template/base.py", line 907, in _resolve_lookup
    current = current[int(bit)]
ValueError: invalid literal for int() with base 10: 'password_url'

During handling of the above exception, another exception occurred:

Traceback (most recent call last):
  File "/usr/local/lib/python3.10/dist-packages/django/template/base.py", line 914, in _resolve_lookup
    raise VariableDoesNotExist(
django.template.base.VariableDoesNotExist: Failed lookup for key [password_url] in [{'True': True, 'False': False, 'None': None}, {'widget': {'name': 'password', 'is_hidden': False, 'required': False, 'value': 'pbkdf2_sha256$1000000$CKZvQKTrXCV274IUkJyZQe$0dr4jQVxQ0MrkdDqWru0PSaMT8DSI7WYOgxD4oolqvg=', 'attrs': {'disabled': True, 'aria-describedby': 'id_password_helptext', 'id': 'id_password'}, 'template_name': 'auth/widgets/read_only_password_hash.html'}, 'summary': [{'label': 'алгоритм', 'value': 'pbkdf2_sha256'}, {'label': 'итерации', 'value': 1000000}, {'label': 'соль', 'value': 'CKZvQK****************'}, {'label': 'хэш', 'value': '0dr4jQ**************************************'}], 'button_label': 'Сбросить пароль'}]
2025-09-15 08:21:04,331 DEBUG base Exception while resolving variable 'subtitle' in template 'admin/auth/user/change_password.html'.
Traceback (most recent call last):
  File "/usr/local/lib/python3.10/dist-packages/django/template/base.py", line 891, in _resolve_lookup
    current = current[bit]
  File "/usr/local/lib/python3.10/dist-packages/django/template/context.py", line 88, in __getitem__
    raise KeyError(key)
KeyError: 'subtitle'

During handling of the above exception, another exception occurred:

Traceback (most recent call last):
  File "/usr/local/lib/python3.10/dist-packages/django/template/base.py", line 897, in _resolve_lookup
    if isinstance(current, BaseContext) and getattr(
AttributeError: type object 'RequestContext' has no attribute 'subtitle'

During handling of the above exception, another exception occurred:

Traceback (most recent call last):
  File "/usr/local/lib/python3.10/dist-packages/django/template/base.py", line 907, in _resolve_lookup
    current = current[int(bit)]
ValueError: invalid literal for int() with base 10: 'subtitle'

During handling of the above exception, another exception occurred:

Traceback (most recent call last):
  File "/usr/local/lib/python3.10/dist-packages/django/template/base.py", line 914, in _resolve_lookup
    raise VariableDoesNotExist(
django.template.base.VariableDoesNotExist: Failed lookup for key [subtitle] in [{'True': True, 'False': False, 'None': None}, {'csrf_token': <SimpleLazyObject: <function csrf.<locals>._get_val at 0x7f69c7fa4160>>, 'request': <WSGIRequest: GET '/admin/auth/user/1/password/'>, 'user': <SimpleLazyObject: <User: admin>>, 'perms': PermWrapper(<SimpleLazyObject: <User: admin>>), 'messages': <FallbackStorage: request=<WSGIRequest: GET '/admin/auth/user/1/password/'>>, 'DEFAULT_MESSAGE_LEVELS': {'DEBUG': 10, 'INFO': 20, 'SUCCESS': 25, 'WARNING': 30, 'ERROR': 40}, 'new_comments': 1, 'comments_header': <QuerySet [<Comment: Комментарий от admin на уведомление Представляюсь>]>}, {}, {'title': 'Изменить пароль: admin', 'adminForm': <AdminForm: form=AdminPasswordChangeForm fieldsets=[(None, {'fields': ['password1', 'password2']})]>, 'form_url': '', 'form': <AdminPasswordChangeForm bound=False, valid=False, fields=(password1;password2;usable_password)>, 'is_popup': False, 'is_popup_var': '_popup', 'add': True, 'change': False, 'has_delete_permission': False, 'has_change_permission': True, 'has_absolute_url': False, 'opts': <Options for User>, 'original': <User: admin>, 'save_as': False, 'show_save': True, 'site_title': 'Административный сайт Django', 'site_header': 'Администрирование Django', 'site_url': '/', 'has_permission': True, 'available_apps': [{'name': 'Кабинет', 'app_label': 'cabinet', 'app_url': '/admin/cabinet/', 'has_module_perms': True, 'models': [{'model': <class 'cabinet.models.Notification'>, 'name': 'Домашние задания', 'object_name': 'Notification', 'perms': {'add': True, 'change': True, 'delete': True, 'view': True}, 'admin_url': '/admin/cabinet/notification/', 'add_url': '/admin/cabinet/notification/add/', 'view_only': False}, {'model': <class 'cabinet.models.Order'>, 'name': 'Заказы', 'object_name': 'Order', 'perms': {'add': True, 'change': True, 'delete': True, 'view': True}, 'admin_url': '/admin/cabinet/order/', 'add_url': '/admin/cabinet/order/add/', 'view_only': False}, {'model': <class 'cabinet.models.Module'>, 'name': 'Модули', 'object_name': 'Module', 'perms': {'add': True, 'change': True, 'delete': True, 'view': True}, 'admin_url': '/admin/cabinet/module/', 'add_url': '/admin/cabinet/module/add/', 'view_only': False}, {'model': <class 'cabinet.models.Profile'>, 'name': 'Профили', 'object_name': 'Profile', 'perms': {'add': True, 'change': True, 'delete': True, 'view': True}, 'admin_url': '/admin/cabinet/profile/', 'add_url': '/admin/cabinet/profile/add/', 'view_only': False}, {'model': <class 'cabinet.models.Page'>, 'name': 'Страницы', 'object_name': 'Page', 'perms': {'add': True, 'change': True, 'delete': True, 'view': True}, 'admin_url': '/admin/cabinet/page/', 'add_url': '/admin/cabinet/page/add/', 'view_only': False}, {'model': <class 'cabinet.models.Lesson'>, 'name': 'Уроки', 'object_name': 'Lesson', 'perms': {'add': True, 'change': True, 'delete': True, 'view': True}, 'admin_url': '/admin/cabinet/lesson/', 'add_url': '/admin/cabinet/lesson/add/', 'view_only': False}]}, {'name': 'Пользователи и группы', 'app_label': 'auth', 'app_url': '/admin/auth/', 'has_module_perms': True, 'models': [{'model': <class 'django.contrib.auth.models.Group'>, 'name': 'Группы', 'object_name': 'Group', 'perms': {'add': True, 'change': True, 'delete': True, 'view': True}, 'admin_url': '/admin/auth/group/', 'add_url': '/admin/auth/group/add/', 'view_only': False}, {'model': <class 'django.contrib.auth.models.User'>, 'name': 'Пользователи', 'object_name': 'User', 'perms': {'add': True, 'change': True, 'delete': True, 'view': True}, 'admin_url': '/admin/auth/user/', 'add_url': '/admin/auth/user/add/', 'view_only': False}]}], 'is_nav_sidebar_enabled': True, 'log_entries': <QuerySet [2025-07-06 09:00:14.067092+00:00, 2025-07-05 13:35:42.755993+00:00, 2025-06-05 18:57:17.928684+00:00, 2025-06-05 18:57:17.928639+00:00, 2025-06-05 18:56:59.465266+00:00, 2025-02-28 12:12:32.773421+00:00, 2025-02-24 14:27:28.630210+00:00, 2025-02-12 10:11:14.117084+00:00, 2025-01-15 11:56:03.549942+00:00, 2025-01-15 11:54:09.653971+00:00, 2025-01-13 20:52:40.642447+00:00, 2025-01-13 20:51:54.389621+00:00, 2025-01-13 20:49:54.913443+00:00, 2025-01-13 20:48:17.771118+00:00, 2024-12-16 15:07:41.121018+00:00, 2024-12-16 15:07:41.120973+00:00, 2024-12-16 15:07:34.814934+00:00, 2024-12-16 15:07:34.814876+00:00, 2024-12-16 15:07:06.425475+00:00, 2024-12-16 15:06:53.438249+00:00, '...(remaining elements truncated)...']>, 'LANGUAGE_CODE': 'ru', 'LANGUAGE_BIDI': False}, {'block': <Block Node: title. Contents: [<IfNode>, <Variable Node: block.super>]>}, {'block': <Block Node: title. Contents: [<IfNode>, <Variable Node: title>, <TextNode: ' | '>, <Variable Node: site_title|default:_('Django site admin')>]>}]
2025-09-15 08:21:04,343 DEBUG base Exception while resolving variable 'subtitle' in template 'admin/auth/user/change_password.html'.
Traceback (most recent call last):
  File "/usr/local/lib/python3.10/dist-packages/django/template/base.py", line 891, in _resolve_lookup
    current = current[bit]
  File "/usr/local/lib/python3.10/dist-packages/django/template/context.py", line 88, in __getitem__
    raise KeyError(key)
KeyError: 'subtitle'

During handling of the above exception, another exception occurred:

Traceback (most recent call last):
  File "/usr/local/lib/python3.10/dist-packages/django/template/base.py", line 897, in _resolve_lookup
    if isinstance(current, BaseContext) and getattr(
AttributeError: type object 'RequestContext' has no attribute 'subtitle'

During handling of the above exception, another exception occurred:

Traceback (most recent call last):
  File "/usr/local/lib/python3.10/dist-packages/django/template/base.py", line 907, in _resolve_lookup
    current = current[int(bit)]
ValueError: invalid literal for int() with base 10: 'subtitle'

During handling of the above exception, another exception occurred:

Traceback (most recent call last):
  File "/usr/local/lib/python3.10/dist-packages/django/template/base.py", line 914, in _resolve_lookup
    raise VariableDoesNotExist(
django.template.base.VariableDoesNotExist: Failed lookup for key [subtitle] in [{'True': True, 'False': False, 'None': None}, {'csrf_token': <SimpleLazyObject: 'hP9KO6Oo1vo4drcOge11oEI1RYC8CINgI8t3lX0OWikRPRCMnpNBXDZp1fr7pt4r'>, 'request': <WSGIRequest: GET '/admin/auth/user/1/password/'>, 'user': <SimpleLazyObject: <User: admin>>, 'perms': PermWrapper(<SimpleLazyObject: <User: admin>>), 'messages': <FallbackStorage: request=<WSGIRequest: GET '/admin/auth/user/1/password/'>>, 'DEFAULT_MESSAGE_LEVELS': {'DEBUG': 10, 'INFO': 20, 'SUCCESS': 25, 'WARNING': 30, 'ERROR': 40}, 'new_comments': 1, 'comments_header': <QuerySet [<Comment: Комментарий от admin на уведомление Представляюсь>]>}, {}, {'title': 'Изменить пароль: admin', 'adminForm': <AdminForm: form=AdminPasswordChangeForm fieldsets=[(None, {'fields': ['password1', 'password2']})]>, 'form_url': '', 'form': <AdminPasswordChangeForm bound=False, valid=False, fields=(password1;password2;usable_password)>, 'is_popup': False, 'is_popup_var': '_popup', 'add': True, 'change': False, 'has_delete_permission': False, 'has_change_permission': True, 'has_absolute_url': False, 'opts': <Options for User>, 'original': <User: admin>, 'save_as': False, 'show_save': True, 'site_title': 'Административный сайт Django', 'site_header': 'Администрирование Django', 'site_url': '/', 'has_permission': True, 'available_apps': [{'name': 'Кабинет', 'app_label': 'cabinet', 'app_url': '/admin/cabinet/', 'has_module_perms': True, 'models': [{'model': <class 'cabinet.models.Notification'>, 'name': 'Домашние задания', 'object_name': 'Notification', 'perms': {'add': True, 'change': True, 'delete': True, 'view': True}, 'admin_url': '/admin/cabinet/notification/', 'add_url': '/admin/cabinet/notification/add/', 'view_only': False}, {'model': <class 'cabinet.models.Order'>, 'name': 'Заказы', 'object_name': 'Order', 'perms': {'add': True, 'change': True, 'delete': True, 'view': True}, 'admin_url': '/admin/cabinet/order/', 'add_url': '/admin/cabinet/order/add/', 'view_only': False}, {'model': <class 'cabinet.models.Module'>, 'name': 'Модули', 'object_name': 'Module', 'perms': {'add': True, 'change': True, 'delete': True, 'view': True}, 'admin_url': '/admin/cabinet/module/', 'add_url': '/admin/cabinet/module/add/', 'view_only': False}, {'model': <class 'cabinet.models.Profile'>, 'name': 'Профили', 'object_name': 'Profile', 'perms': {'add': True, 'change': True, 'delete': True, 'view': True}, 'admin_url': '/admin/cabinet/profile/', 'add_url': '/admin/cabinet/profile/add/', 'view_only': False}, {'model': <class 'cabinet.models.Page'>, 'name': 'Страницы', 'object_name': 'Page', 'perms': {'add': True, 'change': True, 'delete': True, 'view': True}, 'admin_url': '/admin/cabinet/page/', 'add_url': '/admin/cabinet/page/add/', 'view_only': False}, {'model': <class 'cabinet.models.Lesson'>, 'name': 'Уроки', 'object_name': 'Lesson', 'perms': {'add': True, 'change': True, 'delete': True, 'view': True}, 'admin_url': '/admin/cabinet/lesson/', 'add_url': '/admin/cabinet/lesson/add/', 'view_only': False}]}, {'name': 'Пользователи и группы', 'app_label': 'auth', 'app_url': '/admin/auth/', 'has_module_perms': True, 'models': [{'model': <class 'django.contrib.auth.models.Group'>, 'name': 'Группы', 'object_name': 'Group', 'perms': {'add': True, 'change': True, 'delete': True, 'view': True}, 'admin_url': '/admin/auth/group/', 'add_url': '/admin/auth/group/add/', 'view_only': False}, {'model': <class 'django.contrib.auth.models.User'>, 'name': 'Пользователи', 'object_name': 'User', 'perms': {'add': True, 'change': True, 'delete': True, 'view': True}, 'admin_url': '/admin/auth/user/', 'add_url': '/admin/auth/user/add/', 'view_only': False}]}], 'is_nav_sidebar_enabled': True, 'log_entries': <QuerySet [2025-07-06 09:00:14.067092+00:00, 2025-07-05 13:35:42.755993+00:00, 2025-06-05 18:57:17.928684+00:00, 2025-06-05 18:57:17.928639+00:00, 2025-06-05 18:56:59.465266+00:00, 2025-02-28 12:12:32.773421+00:00, 2025-02-24 14:27:28.630210+00:00, 2025-02-12 10:11:14.117084+00:00, 2025-01-15 11:56:03.549942+00:00, 2025-01-15 11:54:09.653971+00:00, 2025-01-13 20:52:40.642447+00:00, 2025-01-13 20:51:54.389621+00:00, 2025-01-13 20:49:54.913443+00:00, 2025-01-13 20:48:17.771118+00:00, 2024-12-16 15:07:41.121018+00:00, 2024-12-16 15:07:41.120973+00:00, 2024-12-16 15:07:34.814934+00:00, 2024-12-16 15:07:34.814876+00:00, 2024-12-16 15:07:06.425475+00:00, 2024-12-16 15:06:53.438249+00:00, '...(remaining elements truncated)...']>, 'LANGUAGE_CODE': 'ru', 'LANGUAGE_BIDI': False}, {'block': <Block Node: content_subtitle. Contents: [<IfNode>]>}]
2025-09-15 08:21:04,351 DEBUG base Exception while resolving variable 'items' in template 'django/forms/label.html'.
Traceback (most recent call last):
  File "/usr/local/lib/python3.10/dist-packages/django/template/base.py", line 890, in _resolve_lookup
    raise TypeError
TypeError

During handling of the above exception, another exception occurred:

Traceback (most recent call last):
  File "/usr/local/lib/python3.10/dist-packages/django/template/base.py", line 901, in _resolve_lookup
    current = getattr(current, bit)
AttributeError: 'NoneType' object has no attribute 'items'

During handling of the above exception, another exception occurred:

Traceback (most recent call last):
  File "/usr/local/lib/python3.10/dist-packages/django/template/base.py", line 907, in _resolve_lookup
    current = current[int(bit)]
ValueError: invalid literal for int() with base 10: 'items'

During handling of the above exception, another exception occurred:

Traceback (most recent call last):
  File "/usr/local/lib/python3.10/dist-packages/django/template/base.py", line 914, in _resolve_lookup
    raise VariableDoesNotExist(
django.template.base.VariableDoesNotExist: Failed lookup for key [items] in None
2025-09-15 08:21:26,757 DEBUG base Exception while resolving variable 'password_url' in template 'auth/widgets/read_only_password_hash.html'.
Traceback (most recent call last):
  File "/usr/local/lib/python3.10/dist-packages/django/template/base.py", line 891, in _resolve_lookup
    current = current[bit]
  File "/usr/local/lib/python3.10/dist-packages/django/template/context.py", line 88, in __getitem__
    raise KeyError(key)
KeyError: 'password_url'

During handling of the above exception, another exception occurred:

Traceback (most recent call last):
  File "/usr/local/lib/python3.10/dist-packages/django/template/base.py", line 897, in _resolve_lookup
    if isinstance(current, BaseContext) and getattr(
AttributeError: type object 'Context' has no attribute 'password_url'

During handling of the above exception, another exception occurred:

Traceback (most recent call last):
  File "/usr/local/lib/python3.10/dist-packages/django/template/base.py", line 907, in _resolve_lookup
    current = current[int(bit)]
ValueError: invalid literal for int() with base 10: 'password_url'

During handling of the above exception, another exception occurred:

Traceback (most recent call last):
  File "/usr/local/lib/python3.10/dist-packages/django/template/base.py", line 914, in _resolve_lookup
    raise VariableDoesNotExist(
django.template.base.VariableDoesNotExist: Failed lookup for key [password_url] in [{'True': True, 'False': False, 'None': None}, {'widget': {'name': 'password', 'is_hidden': False, 'required': False, 'value': 'pbkdf2_sha256$1000000$MKwfSlDoNidapSNqw1X9pR$k0QeEqONAOIrdLJmm6eHlWjjokLcsG+Ml8+FU7xkbMo=', 'attrs': {'disabled': True, 'aria-describedby': 'id_password_helptext', 'id': 'id_password'}, 'template_name': 'auth/widgets/read_only_password_hash.html'}, 'summary': [{'label': 'алгоритм', 'value': 'pbkdf2_sha256'}, {'label': 'итерации', 'value': 1000000}, {'label': 'соль', 'value': 'MKwfSl****************'}, {'label': 'хэш', 'value': 'k0QeEq**************************************'}], 'button_label': 'Сбросить пароль'}]
2025-09-15 08:24:09,643 ERROR exception Invalid HTTP_HOST header: '2gis.losdesign.ru'. You may need to add '2gis.losdesign.ru' to ALLOWED_HOSTS.
Traceback (most recent call last):
  File "/usr/local/lib/python3.10/dist-packages/django/core/handlers/exception.py", line 55, in inner
    response = get_response(request)
  File "/usr/local/lib/python3.10/dist-packages/django/utils/deprecation.py", line 119, in __call__
    response = self.process_request(request)
  File "/usr/local/lib/python3.10/dist-packages/django/middleware/common.py", line 48, in process_request
    host = request.get_host()
  File "/usr/local/lib/python3.10/dist-packages/django/http/request.py", line 186, in get_host
    raise DisallowedHost(msg)
django.core.exceptions.DisallowedHost: Invalid HTTP_HOST header: '2gis.losdesign.ru'. You may need to add '2gis.losdesign.ru' to ALLOWED_HOSTS.
2025-09-15 08:24:09,881 WARNING log Bad Request: /
2025-09-15 08:33:34,446 ERROR exception Invalid HTTP_HOST header: 'privat.losdesign.ru'. You may need to add 'privat.losdesign.ru' to ALLOWED_HOSTS.
Traceback (most recent call last):
  File "/usr/local/lib/python3.10/dist-packages/django/core/handlers/exception.py", line 55, in inner
    response = get_response(request)
  File "/usr/local/lib/python3.10/dist-packages/django/utils/deprecation.py", line 119, in __call__
    response = self.process_request(request)
  File "/usr/local/lib/python3.10/dist-packages/django/middleware/common.py", line 48, in process_request
    host = request.get_host()
  File "/usr/local/lib/python3.10/dist-packages/django/http/request.py", line 186, in get_host
    raise DisallowedHost(msg)
django.core.exceptions.DisallowedHost: Invalid HTTP_HOST header: 'privat.losdesign.ru'. You may need to add 'privat.losdesign.ru' to ALLOWED_HOSTS.
2025-09-15 08:33:34,447 WARNING log Bad Request: /robots.txt
2025-09-15 08:33:53,383 ERROR exception Invalid HTTP_HOST header: 'meiyrm.losdesign.ru'. You may need to add 'meiyrm.losdesign.ru' to ALLOWED_HOSTS.
Traceback (most recent call last):
  File "/usr/local/lib/python3.10/dist-packages/django/core/handlers/exception.py", line 55, in inner
    response = get_response(request)
  File "/usr/local/lib/python3.10/dist-packages/django/utils/deprecation.py", line 119, in __call__
    response = self.process_request(request)
  File "/usr/local/lib/python3.10/dist-packages/django/middleware/common.py", line 48, in process_request
    host = request.get_host()
  File "/usr/local/lib/python3.10/dist-packages/django/http/request.py", line 186, in get_host
    raise DisallowedHost(msg)
django.core.exceptions.DisallowedHost: Invalid HTTP_HOST header: 'meiyrm.losdesign.ru'. You may need to add 'meiyrm.losdesign.ru' to ALLOWED_HOSTS.
2025-09-15 08:33:53,383 WARNING log Bad Request: /
2025-09-15 09:31:14,723 ERROR exception Invalid HTTP_HOST header: 'privat.losdesign.ru'. You may need to add 'privat.losdesign.ru' to ALLOWED_HOSTS.
Traceback (most recent call last):
  File "/usr/local/lib/python3.10/dist-packages/django/core/handlers/exception.py", line 55, in inner
    response = get_response(request)
  File "/usr/local/lib/python3.10/dist-packages/django/utils/deprecation.py", line 119, in __call__
    response = self.process_request(request)
  File "/usr/local/lib/python3.10/dist-packages/django/middleware/common.py", line 48, in process_request
    host = request.get_host()
  File "/usr/local/lib/python3.10/dist-packages/django/http/request.py", line 186, in get_host
    raise DisallowedHost(msg)
django.core.exceptions.DisallowedHost: Invalid HTTP_HOST header: 'privat.losdesign.ru'. You may need to add 'privat.losdesign.ru' to ALLOWED_HOSTS.
2025-09-15 09:31:14,723 WARNING log Bad Request: /uslugi/pulmonologiya/destrukciya-uzlovogo-obrazovaniya-shhitovidnoi-zelezy-odnogo-uzla
2025-09-15 09:47:58,321 WARNING log Not Found: /favicon.ico
2025-09-15 09:49:36,929 ERROR exception Invalid HTTP_HOST header: 'ortotis.losdesign.ru'. You may need to add 'ortotis.losdesign.ru' to ALLOWED_HOSTS.
Traceback (most recent call last):
  File "/usr/local/lib/python3.10/dist-packages/django/core/handlers/exception.py", line 55, in inner
    response = get_response(request)
  File "/usr/local/lib/python3.10/dist-packages/django/utils/deprecation.py", line 119, in __call__
    response = self.process_request(request)
  File "/usr/local/lib/python3.10/dist-packages/django/middleware/common.py", line 48, in process_request
    host = request.get_host()
  File "/usr/local/lib/python3.10/dist-packages/django/http/request.py", line 186, in get_host
    raise DisallowedHost(msg)
django.core.exceptions.DisallowedHost: Invalid HTTP_HOST header: 'ortotis.losdesign.ru'. You may need to add 'ortotis.losdesign.ru' to ALLOWED_HOSTS.
2025-09-15 09:49:36,930 WARNING log Bad Request: /.git/config
2025-09-15 09:49:37,168 ERROR exception Invalid HTTP_HOST header: 'ortotis.losdesign.ru'. You may need to add 'ortotis.losdesign.ru' to ALLOWED_HOSTS.
Traceback (most recent call last):
  File "/usr/local/lib/python3.10/dist-packages/django/core/handlers/exception.py", line 55, in inner
    response = get_response(request)
  File "/usr/local/lib/python3.10/dist-packages/django/utils/deprecation.py", line 119, in __call__
    response = self.process_request(request)
  File "/usr/local/lib/python3.10/dist-packages/django/middleware/common.py", line 48, in process_request
    host = request.get_host()
  File "/usr/local/lib/python3.10/dist-packages/django/http/request.py", line 186, in get_host
    raise DisallowedHost(msg)
django.core.exceptions.DisallowedHost: Invalid HTTP_HOST header: 'ortotis.losdesign.ru'. You may need to add 'ortotis.losdesign.ru' to ALLOWED_HOSTS.
2025-09-15 09:49:37,169 WARNING log Bad Request: /.git/config
2025-09-15 09:54:27,462 ERROR exception Invalid HTTP_HOST header: 'topol.losdesign.ru'. You may need to add 'topol.losdesign.ru' to ALLOWED_HOSTS.
Traceback (most recent call last):
  File "/usr/local/lib/python3.10/dist-packages/django/core/handlers/exception.py", line 55, in inner
    response = get_response(request)
  File "/usr/local/lib/python3.10/dist-packages/django/utils/deprecation.py", line 119, in __call__
    response = self.process_request(request)
  File "/usr/local/lib/python3.10/dist-packages/django/middleware/common.py", line 48, in process_request
    host = request.get_host()
  File "/usr/local/lib/python3.10/dist-packages/django/http/request.py", line 186, in get_host
    raise DisallowedHost(msg)
django.core.exceptions.DisallowedHost: Invalid HTTP_HOST header: 'topol.losdesign.ru'. You may need to add 'topol.losdesign.ru' to ALLOWED_HOSTS.
2025-09-15 09:54:27,462 WARNING log Bad Request: /robots.txt
2025-09-15 10:10:47,697 ERROR exception Invalid HTTP_HOST header: 'privat.losdesign.ru'. You may need to add 'privat.losdesign.ru' to ALLOWED_HOSTS.
Traceback (most recent call last):
  File "/usr/local/lib/python3.10/dist-packages/django/core/handlers/exception.py", line 55, in inner
    response = get_response(request)
  File "/usr/local/lib/python3.10/dist-packages/django/utils/deprecation.py", line 119, in __call__
    response = self.process_request(request)
  File "/usr/local/lib/python3.10/dist-packages/django/middleware/common.py", line 48, in process_request
    host = request.get_host()
  File "/usr/local/lib/python3.10/dist-packages/django/http/request.py", line 186, in get_host
    raise DisallowedHost(msg)
django.core.exceptions.DisallowedHost: Invalid HTTP_HOST header: 'privat.losdesign.ru'. You may need to add 'privat.losdesign.ru' to ALLOWED_HOSTS.
2025-09-15 10:10:47,698 WARNING log Bad Request: /uslugi/pulmonologiya/urologiceskoe-lecenie-s-medikamentami-5-dnei
2025-09-15 10:19:23,451 ERROR exception Invalid HTTP_HOST header: 'privat.losdesign.ru'. You may need to add 'privat.losdesign.ru' to ALLOWED_HOSTS.
Traceback (most recent call last):
  File "/usr/local/lib/python3.10/dist-packages/django/core/handlers/exception.py", line 55, in inner
    response = get_response(request)
  File "/usr/local/lib/python3.10/dist-packages/django/utils/deprecation.py", line 119, in __call__
    response = self.process_request(request)
  File "/usr/local/lib/python3.10/dist-packages/django/middleware/common.py", line 48, in process_request
    host = request.get_host()
  File "/usr/local/lib/python3.10/dist-packages/django/http/request.py", line 186, in get_host
    raise DisallowedHost(msg)
django.core.exceptions.DisallowedHost: Invalid HTTP_HOST header: 'privat.losdesign.ru'. You may need to add 'privat.losdesign.ru' to ALLOWED_HOSTS.
2025-09-15 10:19:23,452 WARNING log Bad Request: /uslugi/pulmonologiya/udalenie-inorodnyx-tel-iz-dyxatelnyx-putei
2025-09-15 10:30:13,103 ERROR exception Invalid HTTP_HOST header: 'asdesign.losdesign.ru'. You may need to add 'asdesign.losdesign.ru' to ALLOWED_HOSTS.
Traceback (most recent call last):
  File "/usr/local/lib/python3.10/dist-packages/django/core/handlers/exception.py", line 55, in inner
    response = get_response(request)
  File "/usr/local/lib/python3.10/dist-packages/django/utils/deprecation.py", line 119, in __call__
    response = self.process_request(request)
  File "/usr/local/lib/python3.10/dist-packages/django/middleware/common.py", line 48, in process_request
    host = request.get_host()
  File "/usr/local/lib/python3.10/dist-packages/django/http/request.py", line 186, in get_host
    raise DisallowedHost(msg)
django.core.exceptions.DisallowedHost: Invalid HTTP_HOST header: 'asdesign.losdesign.ru'. You may need to add 'asdesign.losdesign.ru' to ALLOWED_HOSTS.
2025-09-15 10:30:13,103 WARNING log Bad Request: /
2025-09-15 10:43:03,534 ERROR exception Invalid HTTP_HOST header: 'privat.losdesign.ru'. You may need to add 'privat.losdesign.ru' to ALLOWED_HOSTS.
Traceback (most recent call last):
  File "/usr/local/lib/python3.10/dist-packages/django/core/handlers/exception.py", line 55, in inner
    response = get_response(request)
  File "/usr/local/lib/python3.10/dist-packages/django/utils/deprecation.py", line 119, in __call__
    response = self.process_request(request)
  File "/usr/local/lib/python3.10/dist-packages/django/middleware/common.py", line 48, in process_request
    host = request.get_host()
  File "/usr/local/lib/python3.10/dist-packages/django/http/request.py", line 186, in get_host
    raise DisallowedHost(msg)
django.core.exceptions.DisallowedHost: Invalid HTTP_HOST header: 'privat.losdesign.ru'. You may need to add 'privat.losdesign.ru' to ALLOWED_HOSTS.
2025-09-15 10:43:03,534 WARNING log Bad Request: /uslugi/pulmonologiya/peroralnaya-endoskopiceskaya-miotomiya-pri-axalazii-kardii
2025-09-15 11:30:44,544 ERROR exception Invalid HTTP_HOST header: 'kgu.losdesign.ru'. You may need to add 'kgu.losdesign.ru' to ALLOWED_HOSTS.
Traceback (most recent call last):
  File "/usr/local/lib/python3.10/dist-packages/django/core/handlers/exception.py", line 55, in inner
    response = get_response(request)
  File "/usr/local/lib/python3.10/dist-packages/django/utils/deprecation.py", line 119, in __call__
    response = self.process_request(request)
  File "/usr/local/lib/python3.10/dist-packages/django/middleware/common.py", line 48, in process_request
    host = request.get_host()
  File "/usr/local/lib/python3.10/dist-packages/django/http/request.py", line 186, in get_host
    raise DisallowedHost(msg)
django.core.exceptions.DisallowedHost: Invalid HTTP_HOST header: 'kgu.losdesign.ru'. You may need to add 'kgu.losdesign.ru' to ALLOWED_HOSTS.
2025-09-15 11:30:44,545 WARNING log Bad Request: /robots.txt
2025-09-15 11:31:11,893 ERROR exception Invalid HTTP_HOST header: 'topol.losdesign.ru'. You may need to add 'topol.losdesign.ru' to ALLOWED_HOSTS.
Traceback (most recent call last):
  File "/usr/local/lib/python3.10/dist-packages/django/core/handlers/exception.py", line 55, in inner
    response = get_response(request)
  File "/usr/local/lib/python3.10/dist-packages/django/utils/deprecation.py", line 119, in __call__
    response = self.process_request(request)
  File "/usr/local/lib/python3.10/dist-packages/django/middleware/common.py", line 48, in process_request
    host = request.get_host()
  File "/usr/local/lib/python3.10/dist-packages/django/http/request.py", line 186, in get_host
    raise DisallowedHost(msg)
django.core.exceptions.DisallowedHost: Invalid HTTP_HOST header: 'topol.losdesign.ru'. You may need to add 'topol.losdesign.ru' to ALLOWED_HOSTS.
2025-09-15 11:31:11,893 WARNING log Bad Request: /storage/products/September2025/Прайс.docx
2025-09-15 11:36:03,714 ERROR exception Invalid HTTP_HOST header: 'privat.losdesign.ru'. You may need to add 'privat.losdesign.ru' to ALLOWED_HOSTS.
Traceback (most recent call last):
  File "/usr/local/lib/python3.10/dist-packages/django/core/handlers/exception.py", line 55, in inner
    response = get_response(request)
  File "/usr/local/lib/python3.10/dist-packages/django/utils/deprecation.py", line 119, in __call__
    response = self.process_request(request)
  File "/usr/local/lib/python3.10/dist-packages/django/middleware/common.py", line 48, in process_request
    host = request.get_host()
  File "/usr/local/lib/python3.10/dist-packages/django/http/request.py", line 186, in get_host
    raise DisallowedHost(msg)
django.core.exceptions.DisallowedHost: Invalid HTTP_HOST header: 'privat.losdesign.ru'. You may need to add 'privat.losdesign.ru' to ALLOWED_HOSTS.
2025-09-15 11:36:03,715 WARNING log Bad Request: /uslugi/pulmonologiya/ablyaciya-pishhevoda-barreta
2025-09-15 11:39:22,020 ERROR exception Invalid HTTP_HOST header: 'privat.losdesign.ru'. You may need to add 'privat.losdesign.ru' to ALLOWED_HOSTS.
Traceback (most recent call last):
  File "/usr/local/lib/python3.10/dist-packages/django/core/handlers/exception.py", line 55, in inner
    response = get_response(request)
  File "/usr/local/lib/python3.10/dist-packages/django/utils/deprecation.py", line 119, in __call__
    response = self.process_request(request)
  File "/usr/local/lib/python3.10/dist-packages/django/middleware/common.py", line 48, in process_request
    host = request.get_host()
  File "/usr/local/lib/python3.10/dist-packages/django/http/request.py", line 186, in get_host
    raise DisallowedHost(msg)
django.core.exceptions.DisallowedHost: Invalid HTTP_HOST header: 'privat.losdesign.ru'. You may need to add 'privat.losdesign.ru' to ALLOWED_HOSTS.
2025-09-15 11:39:22,021 WARNING log Bad Request: /uslugi/pulmonologiya/transbronxialnaya-vnutrilegocnaya-shhipcovayapunkcionnaya-biopsiya-vklyucena-cena-za-shhipcy-i-igly
2025-09-15 11:45:57,617 ERROR exception Invalid HTTP_HOST header: '*.merey.losdesign.ru'. The domain name provided is not valid according to RFC 1034/1035.
Traceback (most recent call last):
  File "/usr/local/lib/python3.10/dist-packages/django/core/handlers/exception.py", line 55, in inner
    response = get_response(request)
  File "/usr/local/lib/python3.10/dist-packages/django/utils/deprecation.py", line 119, in __call__
    response = self.process_request(request)
  File "/usr/local/lib/python3.10/dist-packages/django/middleware/common.py", line 48, in process_request
    host = request.get_host()
  File "/usr/local/lib/python3.10/dist-packages/django/http/request.py", line 186, in get_host
    raise DisallowedHost(msg)
django.core.exceptions.DisallowedHost: Invalid HTTP_HOST header: '*.merey.losdesign.ru'. The domain name provided is not valid according to RFC 1034/1035.
2025-09-15 11:45:57,617 WARNING log Bad Request: /
2025-09-15 11:48:07,204 ERROR exception Invalid HTTP_HOST header: 'topol.losdesign.ru'. You may need to add 'topol.losdesign.ru' to ALLOWED_HOSTS.
Traceback (most recent call last):
  File "/usr/local/lib/python3.10/dist-packages/django/core/handlers/exception.py", line 55, in inner
    response = get_response(request)
  File "/usr/local/lib/python3.10/dist-packages/django/utils/deprecation.py", line 119, in __call__
    response = self.process_request(request)
  File "/usr/local/lib/python3.10/dist-packages/django/middleware/common.py", line 48, in process_request
    host = request.get_host()
  File "/usr/local/lib/python3.10/dist-packages/django/http/request.py", line 186, in get_host
    raise DisallowedHost(msg)
django.core.exceptions.DisallowedHost: Invalid HTTP_HOST header: 'topol.losdesign.ru'. You may need to add 'topol.losdesign.ru' to ALLOWED_HOSTS.
2025-09-15 11:48:07,205 WARNING log Bad Request: /
2025-09-15 11:48:08,361 ERROR exception Invalid HTTP_HOST header: 'topol.losdesign.ru'. You may need to add 'topol.losdesign.ru' to ALLOWED_HOSTS.
Traceback (most recent call last):
  File "/usr/local/lib/python3.10/dist-packages/django/core/handlers/exception.py", line 55, in inner
    response = get_response(request)
  File "/usr/local/lib/python3.10/dist-packages/django/utils/deprecation.py", line 119, in __call__
    response = self.process_request(request)
  File "/usr/local/lib/python3.10/dist-packages/django/middleware/common.py", line 48, in process_request
    host = request.get_host()
  File "/usr/local/lib/python3.10/dist-packages/django/http/request.py", line 186, in get_host
    raise DisallowedHost(msg)
django.core.exceptions.DisallowedHost: Invalid HTTP_HOST header: 'topol.losdesign.ru'. You may need to add 'topol.losdesign.ru' to ALLOWED_HOSTS.
2025-09-15 11:48:08,361 WARNING log Bad Request: /
2025-09-15 11:48:15,928 ERROR exception Invalid HTTP_HOST header: 'topol.losdesign.ru'. You may need to add 'topol.losdesign.ru' to ALLOWED_HOSTS.
Traceback (most recent call last):
  File "/usr/local/lib/python3.10/dist-packages/django/core/handlers/exception.py", line 55, in inner
    response = get_response(request)
  File "/usr/local/lib/python3.10/dist-packages/django/utils/deprecation.py", line 119, in __call__
    response = self.process_request(request)
  File "/usr/local/lib/python3.10/dist-packages/django/middleware/common.py", line 48, in process_request
    host = request.get_host()
  File "/usr/local/lib/python3.10/dist-packages/django/http/request.py", line 186, in get_host
    raise DisallowedHost(msg)
django.core.exceptions.DisallowedHost: Invalid HTTP_HOST header: 'topol.losdesign.ru'. You may need to add 'topol.losdesign.ru' to ALLOWED_HOSTS.
2025-09-15 11:48:15,928 WARNING log Bad Request: /
2025-09-15 11:48:37,170 ERROR exception Invalid HTTP_HOST header: 'topol.losdesign.ru'. You may need to add 'topol.losdesign.ru' to ALLOWED_HOSTS.
Traceback (most recent call last):
  File "/usr/local/lib/python3.10/dist-packages/django/core/handlers/exception.py", line 55, in inner
    response = get_response(request)
  File "/usr/local/lib/python3.10/dist-packages/django/utils/deprecation.py", line 119, in __call__
    response = self.process_request(request)
  File "/usr/local/lib/python3.10/dist-packages/django/middleware/common.py", line 48, in process_request
    host = request.get_host()
  File "/usr/local/lib/python3.10/dist-packages/django/http/request.py", line 186, in get_host
    raise DisallowedHost(msg)
django.core.exceptions.DisallowedHost: Invalid HTTP_HOST header: 'topol.losdesign.ru'. You may need to add 'topol.losdesign.ru' to ALLOWED_HOSTS.
2025-09-15 11:48:37,170 WARNING log Bad Request: /storage/products/September2025/Прайс.docx
2025-09-15 11:51:48,240 ERROR exception Invalid HTTP_HOST header: 'privat.losdesign.ru'. You may need to add 'privat.losdesign.ru' to ALLOWED_HOSTS.
Traceback (most recent call last):
  File "/usr/local/lib/python3.10/dist-packages/django/core/handlers/exception.py", line 55, in inner
    response = get_response(request)
  File "/usr/local/lib/python3.10/dist-packages/django/utils/deprecation.py", line 119, in __call__
    response = self.process_request(request)
  File "/usr/local/lib/python3.10/dist-packages/django/middleware/common.py", line 48, in process_request
    host = request.get_host()
  File "/usr/local/lib/python3.10/dist-packages/django/http/request.py", line 186, in get_host
    raise DisallowedHost(msg)
django.core.exceptions.DisallowedHost: Invalid HTTP_HOST header: 'privat.losdesign.ru'. You may need to add 'privat.losdesign.ru' to ALLOWED_HOSTS.
2025-09-15 11:51:48,240 WARNING log Bad Request: /specialisty/sadyrbalina-ardak-amantaevna
2025-09-15 11:55:48,963 ERROR exception Invalid HTTP_HOST header: 'privat.losdesign.ru'. You may need to add 'privat.losdesign.ru' to ALLOWED_HOSTS.
Traceback (most recent call last):
  File "/usr/local/lib/python3.10/dist-packages/django/core/handlers/exception.py", line 55, in inner
    response = get_response(request)
  File "/usr/local/lib/python3.10/dist-packages/django/utils/deprecation.py", line 119, in __call__
    response = self.process_request(request)
  File "/usr/local/lib/python3.10/dist-packages/django/middleware/common.py", line 48, in process_request
    host = request.get_host()
  File "/usr/local/lib/python3.10/dist-packages/django/http/request.py", line 186, in get_host
    raise DisallowedHost(msg)
django.core.exceptions.DisallowedHost: Invalid HTTP_HOST header: 'privat.losdesign.ru'. You may need to add 'privat.losdesign.ru' to ALLOWED_HOSTS.
2025-09-15 11:55:48,964 WARNING log Bad Request: /uslugi/pulmonologiya/blokada-semennogo-kanatika
2025-09-15 11:56:08,332 ERROR exception Invalid HTTP_HOST header: 'topol.losdesign.ru'. You may need to add 'topol.losdesign.ru' to ALLOWED_HOSTS.
Traceback (most recent call last):
  File "/usr/local/lib/python3.10/dist-packages/django/core/handlers/exception.py", line 55, in inner
    response = get_response(request)
  File "/usr/local/lib/python3.10/dist-packages/django/utils/deprecation.py", line 119, in __call__
    response = self.process_request(request)
  File "/usr/local/lib/python3.10/dist-packages/django/middleware/common.py", line 48, in process_request
    host = request.get_host()
  File "/usr/local/lib/python3.10/dist-packages/django/http/request.py", line 186, in get_host
    raise DisallowedHost(msg)
django.core.exceptions.DisallowedHost: Invalid HTTP_HOST header: 'topol.losdesign.ru'. You may need to add 'topol.losdesign.ru' to ALLOWED_HOSTS.
2025-09-15 11:56:08,332 WARNING log Bad Request: /favicon.ico
2025-09-15 12:07:48,009 ERROR exception Invalid HTTP_HOST header: 'topol.losdesign.ru'. You may need to add 'topol.losdesign.ru' to ALLOWED_HOSTS.
Traceback (most recent call last):
  File "/usr/local/lib/python3.10/dist-packages/django/core/handlers/exception.py", line 55, in inner
    response = get_response(request)
  File "/usr/local/lib/python3.10/dist-packages/django/utils/deprecation.py", line 119, in __call__
    response = self.process_request(request)
  File "/usr/local/lib/python3.10/dist-packages/django/middleware/common.py", line 48, in process_request
    host = request.get_host()
  File "/usr/local/lib/python3.10/dist-packages/django/http/request.py", line 186, in get_host
    raise DisallowedHost(msg)
django.core.exceptions.DisallowedHost: Invalid HTTP_HOST header: 'topol.losdesign.ru'. You may need to add 'topol.losdesign.ru' to ALLOWED_HOSTS.
2025-09-15 12:07:48,009 WARNING log Bad Request: /
2025-09-15 12:33:34,457 ERROR exception Invalid HTTP_HOST header: 'privat.losdesign.ru'. You may need to add 'privat.losdesign.ru' to ALLOWED_HOSTS.
Traceback (most recent call last):
  File "/usr/local/lib/python3.10/dist-packages/django/core/handlers/exception.py", line 55, in inner
    response = get_response(request)
  File "/usr/local/lib/python3.10/dist-packages/django/utils/deprecation.py", line 119, in __call__
    response = self.process_request(request)
  File "/usr/local/lib/python3.10/dist-packages/django/middleware/common.py", line 48, in process_request
    host = request.get_host()
  File "/usr/local/lib/python3.10/dist-packages/django/http/request.py", line 186, in get_host
    raise DisallowedHost(msg)
django.core.exceptions.DisallowedHost: Invalid HTTP_HOST header: 'privat.losdesign.ru'. You may need to add 'privat.losdesign.ru' to ALLOWED_HOSTS.
2025-09-15 12:33:34,457 WARNING log Bad Request: /robots.txt
2025-09-15 12:41:37,661 ERROR exception Invalid HTTP_HOST header: 'topol.losdesign.ru'. You may need to add 'topol.losdesign.ru' to ALLOWED_HOSTS.
Traceback (most recent call last):
  File "/usr/local/lib/python3.10/dist-packages/django/core/handlers/exception.py", line 55, in inner
    response = get_response(request)
  File "/usr/local/lib/python3.10/dist-packages/django/utils/deprecation.py", line 119, in __call__
    response = self.process_request(request)
  File "/usr/local/lib/python3.10/dist-packages/django/middleware/common.py", line 48, in process_request
    host = request.get_host()
  File "/usr/local/lib/python3.10/dist-packages/django/http/request.py", line 186, in get_host
    raise DisallowedHost(msg)
django.core.exceptions.DisallowedHost: Invalid HTTP_HOST header: 'topol.losdesign.ru'. You may need to add 'topol.losdesign.ru' to ALLOWED_HOSTS.
2025-09-15 12:41:37,662 WARNING log Bad Request: /robots.txt
2025-09-15 12:47:59,885 ERROR exception Invalid HTTP_HOST header: 'topol.losdesign.ru'. You may need to add 'topol.losdesign.ru' to ALLOWED_HOSTS.
Traceback (most recent call last):
  File "/usr/local/lib/python3.10/dist-packages/django/core/handlers/exception.py", line 55, in inner
    response = get_response(request)
  File "/usr/local/lib/python3.10/dist-packages/django/utils/deprecation.py", line 119, in __call__
    response = self.process_request(request)
  File "/usr/local/lib/python3.10/dist-packages/django/middleware/common.py", line 48, in process_request
    host = request.get_host()
  File "/usr/local/lib/python3.10/dist-packages/django/http/request.py", line 186, in get_host
    raise DisallowedHost(msg)
django.core.exceptions.DisallowedHost: Invalid HTTP_HOST header: 'topol.losdesign.ru'. You may need to add 'topol.losdesign.ru' to ALLOWED_HOSTS.
2025-09-15 12:47:59,886 WARNING log Bad Request: /storage/products/September2025/Прайс.docx
2025-09-15 12:56:34,252 ERROR exception Invalid HTTP_HOST header: 'cases.losdesign.ru'. You may need to add 'cases.losdesign.ru' to ALLOWED_HOSTS.
Traceback (most recent call last):
  File "/usr/local/lib/python3.10/dist-packages/django/core/handlers/exception.py", line 55, in inner
    response = get_response(request)
  File "/usr/local/lib/python3.10/dist-packages/django/utils/deprecation.py", line 119, in __call__
    response = self.process_request(request)
  File "/usr/local/lib/python3.10/dist-packages/django/middleware/common.py", line 48, in process_request
    host = request.get_host()
  File "/usr/local/lib/python3.10/dist-packages/django/http/request.py", line 186, in get_host
    raise DisallowedHost(msg)
django.core.exceptions.DisallowedHost: Invalid HTTP_HOST header: 'cases.losdesign.ru'. You may need to add 'cases.losdesign.ru' to ALLOWED_HOSTS.
2025-09-15 12:56:34,253 WARNING log Bad Request: /
2025-09-15 13:14:50,935 ERROR exception Invalid HTTP_HOST header: 'buxzq81fof.losdesign.ru'. You may need to add 'buxzq81fof.losdesign.ru' to ALLOWED_HOSTS.
Traceback (most recent call last):
  File "/usr/local/lib/python3.10/dist-packages/django/core/handlers/exception.py", line 55, in inner
    response = get_response(request)
  File "/usr/local/lib/python3.10/dist-packages/django/utils/deprecation.py", line 119, in __call__
    response = self.process_request(request)
  File "/usr/local/lib/python3.10/dist-packages/django/middleware/common.py", line 48, in process_request
    host = request.get_host()
  File "/usr/local/lib/python3.10/dist-packages/django/http/request.py", line 186, in get_host
    raise DisallowedHost(msg)
django.core.exceptions.DisallowedHost: Invalid HTTP_HOST header: 'buxzq81fof.losdesign.ru'. You may need to add 'buxzq81fof.losdesign.ru' to ALLOWED_HOSTS.
2025-09-15 13:14:50,936 WARNING log Bad Request: /
2025-09-15 13:30:44,841 ERROR exception Invalid HTTP_HOST header: 'privat.losdesign.ru'. You may need to add 'privat.losdesign.ru' to ALLOWED_HOSTS.
Traceback (most recent call last):
  File "/usr/local/lib/python3.10/dist-packages/django/core/handlers/exception.py", line 55, in inner
    response = get_response(request)
  File "/usr/local/lib/python3.10/dist-packages/django/utils/deprecation.py", line 119, in __call__
    response = self.process_request(request)
  File "/usr/local/lib/python3.10/dist-packages/django/middleware/common.py", line 48, in process_request
    host = request.get_host()
  File "/usr/local/lib/python3.10/dist-packages/django/http/request.py", line 186, in get_host
    raise DisallowedHost(msg)
django.core.exceptions.DisallowedHost: Invalid HTTP_HOST header: 'privat.losdesign.ru'. You may need to add 'privat.losdesign.ru' to ALLOWED_HOSTS.
2025-09-15 13:30:44,842 WARNING log Bad Request: /
2025-09-15 13:42:00,122 WARNING log Not Found: //wp-includes/wlwmanifest.xml
2025-09-15 13:42:00,791 WARNING log Not Found: //xmlrpc.php
2025-09-15 13:42:03,780 WARNING log Not Found: //blog/wp-includes/wlwmanifest.xml
2025-09-15 13:42:03,910 WARNING log Not Found: //web/wp-includes/wlwmanifest.xml
2025-09-15 13:42:04,177 WARNING log Not Found: //wordpress/wp-includes/wlwmanifest.xml
2025-09-15 13:42:04,396 WARNING log Not Found: //website/wp-includes/wlwmanifest.xml
2025-09-15 13:42:04,968 WARNING log Not Found: //wp/wp-includes/wlwmanifest.xml
2025-09-15 13:42:05,109 WARNING log Not Found: //news/wp-includes/wlwmanifest.xml
2025-09-15 13:42:05,226 WARNING log Not Found: //2020/wp-includes/wlwmanifest.xml
2025-09-15 13:42:05,443 WARNING log Not Found: //2019/wp-includes/wlwmanifest.xml
2025-09-15 13:42:05,657 WARNING log Not Found: //shop/wp-includes/wlwmanifest.xml
2025-09-15 13:42:05,982 WARNING log Not Found: //wp1/wp-includes/wlwmanifest.xml
2025-09-15 13:42:06,327 WARNING log Not Found: //test/wp-includes/wlwmanifest.xml
2025-09-15 13:42:06,830 WARNING log Not Found: //wp2/wp-includes/wlwmanifest.xml
2025-09-15 13:42:06,962 WARNING log Not Found: //site/wp-includes/wlwmanifest.xml
2025-09-15 13:42:07,382 WARNING log Not Found: //cms/wp-includes/wlwmanifest.xml
2025-09-15 13:42:07,643 WARNING log Not Found: //sito/wp-includes/wlwmanifest.xml
2025-09-15 13:52:47,807 ERROR exception Invalid HTTP_HOST header: 'topol.losdesign.ru'. You may need to add 'topol.losdesign.ru' to ALLOWED_HOSTS.
Traceback (most recent call last):
  File "/usr/local/lib/python3.10/dist-packages/django/core/handlers/exception.py", line 55, in inner
    response = get_response(request)
  File "/usr/local/lib/python3.10/dist-packages/django/utils/deprecation.py", line 119, in __call__
    response = self.process_request(request)
  File "/usr/local/lib/python3.10/dist-packages/django/middleware/common.py", line 48, in process_request
    host = request.get_host()
  File "/usr/local/lib/python3.10/dist-packages/django/http/request.py", line 186, in get_host
    raise DisallowedHost(msg)
django.core.exceptions.DisallowedHost: Invalid HTTP_HOST header: 'topol.losdesign.ru'. You may need to add 'topol.losdesign.ru' to ALLOWED_HOSTS.
2025-09-15 13:52:47,808 WARNING log Bad Request: /robots.txt
2025-09-15 13:52:48,355 ERROR exception Invalid HTTP_HOST header: 'topol.losdesign.ru'. You may need to add 'topol.losdesign.ru' to ALLOWED_HOSTS.
Traceback (most recent call last):
  File "/usr/local/lib/python3.10/dist-packages/django/core/handlers/exception.py", line 55, in inner
    response = get_response(request)
  File "/usr/local/lib/python3.10/dist-packages/django/utils/deprecation.py", line 119, in __call__
    response = self.process_request(request)
  File "/usr/local/lib/python3.10/dist-packages/django/middleware/common.py", line 48, in process_request
    host = request.get_host()
  File "/usr/local/lib/python3.10/dist-packages/django/http/request.py", line 186, in get_host
    raise DisallowedHost(msg)
django.core.exceptions.DisallowedHost: Invalid HTTP_HOST header: 'topol.losdesign.ru'. You may need to add 'topol.losdesign.ru' to ALLOWED_HOSTS.
2025-09-15 13:52:48,355 WARNING log Bad Request: /storage/products/September2025/Прайс.docx
2025-09-15 13:52:57,914 WARNING log Not Found: /favicon.ico
2025-09-15 14:03:59,602 ERROR exception Invalid HTTP_HOST header: 'topol.losdesign.ru'. You may need to add 'topol.losdesign.ru' to ALLOWED_HOSTS.
Traceback (most recent call last):
  File "/usr/local/lib/python3.10/dist-packages/django/core/handlers/exception.py", line 55, in inner
    response = get_response(request)
  File "/usr/local/lib/python3.10/dist-packages/django/utils/deprecation.py", line 119, in __call__
    response = self.process_request(request)
  File "/usr/local/lib/python3.10/dist-packages/django/middleware/common.py", line 48, in process_request
    host = request.get_host()
  File "/usr/local/lib/python3.10/dist-packages/django/http/request.py", line 186, in get_host
    raise DisallowedHost(msg)
django.core.exceptions.DisallowedHost: Invalid HTTP_HOST header: 'topol.losdesign.ru'. You may need to add 'topol.losdesign.ru' to ALLOWED_HOSTS.
2025-09-15 14:03:59,603 WARNING log Bad Request: /storage/products/September2025/Прайс.docx
2025-09-15 14:04:18,342 ERROR exception Invalid HTTP_HOST header: 'topol.losdesign.ru'. You may need to add 'topol.losdesign.ru' to ALLOWED_HOSTS.
Traceback (most recent call last):
  File "/usr/local/lib/python3.10/dist-packages/django/core/handlers/exception.py", line 55, in inner
    response = get_response(request)
  File "/usr/local/lib/python3.10/dist-packages/django/utils/deprecation.py", line 119, in __call__
    response = self.process_request(request)
  File "/usr/local/lib/python3.10/dist-packages/django/middleware/common.py", line 48, in process_request
    host = request.get_host()
  File "/usr/local/lib/python3.10/dist-packages/django/http/request.py", line 186, in get_host
    raise DisallowedHost(msg)
django.core.exceptions.DisallowedHost: Invalid HTTP_HOST header: 'topol.losdesign.ru'. You may need to add 'topol.losdesign.ru' to ALLOWED_HOSTS.
2025-09-15 14:04:18,342 WARNING log Bad Request: /storage/products/September2025/Прайс.docx
2025-09-15 14:10:01,207 ERROR exception Invalid HTTP_HOST header: 'meiyrm.losdesign.ru'. You may need to add 'meiyrm.losdesign.ru' to ALLOWED_HOSTS.
Traceback (most recent call last):
  File "/usr/local/lib/python3.10/dist-packages/django/core/handlers/exception.py", line 55, in inner
    response = get_response(request)
  File "/usr/local/lib/python3.10/dist-packages/django/utils/deprecation.py", line 119, in __call__
    response = self.process_request(request)
  File "/usr/local/lib/python3.10/dist-packages/django/middleware/common.py", line 48, in process_request
    host = request.get_host()
  File "/usr/local/lib/python3.10/dist-packages/django/http/request.py", line 186, in get_host
    raise DisallowedHost(msg)
django.core.exceptions.DisallowedHost: Invalid HTTP_HOST header: 'meiyrm.losdesign.ru'. You may need to add 'meiyrm.losdesign.ru' to ALLOWED_HOSTS.
2025-09-15 14:10:01,207 WARNING log Bad Request: /.env
2025-09-15 14:10:01,563 ERROR exception Invalid HTTP_HOST header: 'meiyrm.losdesign.ru'. You may need to add 'meiyrm.losdesign.ru' to ALLOWED_HOSTS.
Traceback (most recent call last):
  File "/usr/local/lib/python3.10/dist-packages/django/core/handlers/exception.py", line 55, in inner
    response = get_response(request)
  File "/usr/local/lib/python3.10/dist-packages/django/utils/deprecation.py", line 119, in __call__
    response = self.process_request(request)
  File "/usr/local/lib/python3.10/dist-packages/django/middleware/common.py", line 48, in process_request
    host = request.get_host()
  File "/usr/local/lib/python3.10/dist-packages/django/http/request.py", line 186, in get_host
    raise DisallowedHost(msg)
django.core.exceptions.DisallowedHost: Invalid HTTP_HOST header: 'meiyrm.losdesign.ru'. You may need to add 'meiyrm.losdesign.ru' to ALLOWED_HOSTS.
2025-09-15 14:10:01,563 WARNING log Bad Request: /.env.save
2025-09-15 14:10:01,947 ERROR exception Invalid HTTP_HOST header: 'meiyrm.losdesign.ru'. You may need to add 'meiyrm.losdesign.ru' to ALLOWED_HOSTS.
Traceback (most recent call last):
  File "/usr/local/lib/python3.10/dist-packages/django/core/handlers/exception.py", line 55, in inner
    response = get_response(request)
  File "/usr/local/lib/python3.10/dist-packages/django/utils/deprecation.py", line 119, in __call__
    response = self.process_request(request)
  File "/usr/local/lib/python3.10/dist-packages/django/middleware/common.py", line 48, in process_request
    host = request.get_host()
  File "/usr/local/lib/python3.10/dist-packages/django/http/request.py", line 186, in get_host
    raise DisallowedHost(msg)
django.core.exceptions.DisallowedHost: Invalid HTTP_HOST header: 'meiyrm.losdesign.ru'. You may need to add 'meiyrm.losdesign.ru' to ALLOWED_HOSTS.
2025-09-15 14:10:01,947 WARNING log Bad Request: /.env.prod
2025-09-15 14:10:02,268 ERROR exception Invalid HTTP_HOST header: 'meiyrm.losdesign.ru'. You may need to add 'meiyrm.losdesign.ru' to ALLOWED_HOSTS.
Traceback (most recent call last):
  File "/usr/local/lib/python3.10/dist-packages/django/core/handlers/exception.py", line 55, in inner
    response = get_response(request)
  File "/usr/local/lib/python3.10/dist-packages/django/utils/deprecation.py", line 119, in __call__
    response = self.process_request(request)
  File "/usr/local/lib/python3.10/dist-packages/django/middleware/common.py", line 48, in process_request
    host = request.get_host()
  File "/usr/local/lib/python3.10/dist-packages/django/http/request.py", line 186, in get_host
    raise DisallowedHost(msg)
django.core.exceptions.DisallowedHost: Invalid HTTP_HOST header: 'meiyrm.losdesign.ru'. You may need to add 'meiyrm.losdesign.ru' to ALLOWED_HOSTS.
2025-09-15 14:10:02,268 WARNING log Bad Request: /api/.env
2025-09-15 14:10:02,586 ERROR exception Invalid HTTP_HOST header: 'meiyrm.losdesign.ru'. You may need to add 'meiyrm.losdesign.ru' to ALLOWED_HOSTS.
Traceback (most recent call last):
  File "/usr/local/lib/python3.10/dist-packages/django/core/handlers/exception.py", line 55, in inner
    response = get_response(request)
  File "/usr/local/lib/python3.10/dist-packages/django/utils/deprecation.py", line 119, in __call__
    response = self.process_request(request)
  File "/usr/local/lib/python3.10/dist-packages/django/middleware/common.py", line 48, in process_request
    host = request.get_host()
  File "/usr/local/lib/python3.10/dist-packages/django/http/request.py", line 186, in get_host
    raise DisallowedHost(msg)
django.core.exceptions.DisallowedHost: Invalid HTTP_HOST header: 'meiyrm.losdesign.ru'. You may need to add 'meiyrm.losdesign.ru' to ALLOWED_HOSTS.
2025-09-15 14:10:02,586 WARNING log Bad Request: /dev/.env
2025-09-15 14:10:02,867 ERROR exception Invalid HTTP_HOST header: 'meiyrm.losdesign.ru'. You may need to add 'meiyrm.losdesign.ru' to ALLOWED_HOSTS.
Traceback (most recent call last):
  File "/usr/local/lib/python3.10/dist-packages/django/core/handlers/exception.py", line 55, in inner
    response = get_response(request)
  File "/usr/local/lib/python3.10/dist-packages/django/utils/deprecation.py", line 119, in __call__
    response = self.process_request(request)
  File "/usr/local/lib/python3.10/dist-packages/django/middleware/common.py", line 48, in process_request
    host = request.get_host()
  File "/usr/local/lib/python3.10/dist-packages/django/http/request.py", line 186, in get_host
    raise DisallowedHost(msg)
django.core.exceptions.DisallowedHost: Invalid HTTP_HOST header: 'meiyrm.losdesign.ru'. You may need to add 'meiyrm.losdesign.ru' to ALLOWED_HOSTS.
2025-09-15 14:10:02,868 WARNING log Bad Request: /application/.env
2025-09-15 14:10:03,101 ERROR exception Invalid HTTP_HOST header: 'meiyrm.losdesign.ru'. You may need to add 'meiyrm.losdesign.ru' to ALLOWED_HOSTS.
Traceback (most recent call last):
  File "/usr/local/lib/python3.10/dist-packages/django/core/handlers/exception.py", line 55, in inner
    response = get_response(request)
  File "/usr/local/lib/python3.10/dist-packages/django/utils/deprecation.py", line 119, in __call__
    response = self.process_request(request)
  File "/usr/local/lib/python3.10/dist-packages/django/middleware/common.py", line 48, in process_request
    host = request.get_host()
  File "/usr/local/lib/python3.10/dist-packages/django/http/request.py", line 186, in get_host
    raise DisallowedHost(msg)
django.core.exceptions.DisallowedHost: Invalid HTTP_HOST header: 'meiyrm.losdesign.ru'. You may need to add 'meiyrm.losdesign.ru' to ALLOWED_HOSTS.
2025-09-15 14:10:03,102 WARNING log Bad Request: /phpinfo.php
2025-09-15 14:10:03,372 ERROR exception Invalid HTTP_HOST header: 'meiyrm.losdesign.ru'. You may need to add 'meiyrm.losdesign.ru' to ALLOWED_HOSTS.
Traceback (most recent call last):
  File "/usr/local/lib/python3.10/dist-packages/django/core/handlers/exception.py", line 55, in inner
    response = get_response(request)
  File "/usr/local/lib/python3.10/dist-packages/django/utils/deprecation.py", line 119, in __call__
    response = self.process_request(request)
  File "/usr/local/lib/python3.10/dist-packages/django/middleware/common.py", line 48, in process_request
    host = request.get_host()
  File "/usr/local/lib/python3.10/dist-packages/django/http/request.py", line 186, in get_host
    raise DisallowedHost(msg)
django.core.exceptions.DisallowedHost: Invalid HTTP_HOST header: 'meiyrm.losdesign.ru'. You may need to add 'meiyrm.losdesign.ru' to ALLOWED_HOSTS.
2025-09-15 14:10:03,373 WARNING log Bad Request: /phpinfo
2025-09-15 14:10:04,700 ERROR exception Invalid HTTP_HOST header: 'meiyrm.losdesign.ru'. You may need to add 'meiyrm.losdesign.ru' to ALLOWED_HOSTS.
Traceback (most recent call last):
  File "/usr/local/lib/python3.10/dist-packages/django/core/handlers/exception.py", line 55, in inner
    response = get_response(request)
  File "/usr/local/lib/python3.10/dist-packages/django/utils/deprecation.py", line 119, in __call__
    response = self.process_request(request)
  File "/usr/local/lib/python3.10/dist-packages/django/middleware/common.py", line 48, in process_request
    host = request.get_host()
  File "/usr/local/lib/python3.10/dist-packages/django/http/request.py", line 186, in get_host
    raise DisallowedHost(msg)
django.core.exceptions.DisallowedHost: Invalid HTTP_HOST header: 'meiyrm.losdesign.ru'. You may need to add 'meiyrm.losdesign.ru' to ALLOWED_HOSTS.
2025-09-15 14:10:04,700 WARNING log Bad Request: /php_info.php
2025-09-15 14:10:04,929 ERROR exception Invalid HTTP_HOST header: 'meiyrm.losdesign.ru'. You may need to add 'meiyrm.losdesign.ru' to ALLOWED_HOSTS.
Traceback (most recent call last):
  File "/usr/local/lib/python3.10/dist-packages/django/core/handlers/exception.py", line 55, in inner
    response = get_response(request)
  File "/usr/local/lib/python3.10/dist-packages/django/utils/deprecation.py", line 119, in __call__
    response = self.process_request(request)
  File "/usr/local/lib/python3.10/dist-packages/django/middleware/common.py", line 48, in process_request
    host = request.get_host()
  File "/usr/local/lib/python3.10/dist-packages/django/http/request.py", line 186, in get_host
    raise DisallowedHost(msg)
django.core.exceptions.DisallowedHost: Invalid HTTP_HOST header: 'meiyrm.losdesign.ru'. You may need to add 'meiyrm.losdesign.ru' to ALLOWED_HOSTS.
2025-09-15 14:10:04,930 WARNING log Bad Request: /_profiler/phpinfo
2025-09-15 14:10:05,109 ERROR exception Invalid HTTP_HOST header: 'meiyrm.losdesign.ru'. You may need to add 'meiyrm.losdesign.ru' to ALLOWED_HOSTS.
Traceback (most recent call last):
  File "/usr/local/lib/python3.10/dist-packages/django/core/handlers/exception.py", line 55, in inner
    response = get_response(request)
  File "/usr/local/lib/python3.10/dist-packages/django/utils/deprecation.py", line 119, in __call__
    response = self.process_request(request)
  File "/usr/local/lib/python3.10/dist-packages/django/middleware/common.py", line 48, in process_request
    host = request.get_host()
  File "/usr/local/lib/python3.10/dist-packages/django/http/request.py", line 186, in get_host
    raise DisallowedHost(msg)
django.core.exceptions.DisallowedHost: Invalid HTTP_HOST header: 'meiyrm.losdesign.ru'. You may need to add 'meiyrm.losdesign.ru' to ALLOWED_HOSTS.
2025-09-15 14:10:05,110 WARNING log Bad Request: /backend/.env
2025-09-15 14:10:05,380 ERROR exception Invalid HTTP_HOST header: 'meiyrm.losdesign.ru'. You may need to add 'meiyrm.losdesign.ru' to ALLOWED_HOSTS.
Traceback (most recent call last):
  File "/usr/local/lib/python3.10/dist-packages/django/core/handlers/exception.py", line 55, in inner
    response = get_response(request)
  File "/usr/local/lib/python3.10/dist-packages/django/utils/deprecation.py", line 119, in __call__
    response = self.process_request(request)
  File "/usr/local/lib/python3.10/dist-packages/django/middleware/common.py", line 48, in process_request
    host = request.get_host()
  File "/usr/local/lib/python3.10/dist-packages/django/http/request.py", line 186, in get_host
    raise DisallowedHost(msg)
django.core.exceptions.DisallowedHost: Invalid HTTP_HOST header: 'meiyrm.losdesign.ru'. You may need to add 'meiyrm.losdesign.ru' to ALLOWED_HOSTS.
2025-09-15 14:10:05,380 WARNING log Bad Request: /.env.example
2025-09-15 14:10:05,589 ERROR exception Invalid HTTP_HOST header: 'meiyrm.losdesign.ru'. You may need to add 'meiyrm.losdesign.ru' to ALLOWED_HOSTS.
Traceback (most recent call last):
  File "/usr/local/lib/python3.10/dist-packages/django/core/handlers/exception.py", line 55, in inner
    response = get_response(request)
  File "/usr/local/lib/python3.10/dist-packages/django/utils/deprecation.py", line 119, in __call__
    response = self.process_request(request)
  File "/usr/local/lib/python3.10/dist-packages/django/middleware/common.py", line 48, in process_request
    host = request.get_host()
  File "/usr/local/lib/python3.10/dist-packages/django/http/request.py", line 186, in get_host
    raise DisallowedHost(msg)
django.core.exceptions.DisallowedHost: Invalid HTTP_HOST header: 'meiyrm.losdesign.ru'. You may need to add 'meiyrm.losdesign.ru' to ALLOWED_HOSTS.
2025-09-15 14:10:05,590 WARNING log Bad Request: /admin/.env
2025-09-15 14:10:05,805 ERROR exception Invalid HTTP_HOST header: 'meiyrm.losdesign.ru'. You may need to add 'meiyrm.losdesign.ru' to ALLOWED_HOSTS.
Traceback (most recent call last):
  File "/usr/local/lib/python3.10/dist-packages/django/core/handlers/exception.py", line 55, in inner
    response = get_response(request)
  File "/usr/local/lib/python3.10/dist-packages/django/utils/deprecation.py", line 119, in __call__
    response = self.process_request(request)
  File "/usr/local/lib/python3.10/dist-packages/django/middleware/common.py", line 48, in process_request
    host = request.get_host()
  File "/usr/local/lib/python3.10/dist-packages/django/http/request.py", line 186, in get_host
    raise DisallowedHost(msg)
django.core.exceptions.DisallowedHost: Invalid HTTP_HOST header: 'meiyrm.losdesign.ru'. You may need to add 'meiyrm.losdesign.ru' to ALLOWED_HOSTS.
2025-09-15 14:10:05,805 WARNING log Bad Request: /info
2025-09-15 14:10:06,083 ERROR exception Invalid HTTP_HOST header: 'meiyrm.losdesign.ru'. You may need to add 'meiyrm.losdesign.ru' to ALLOWED_HOSTS.
Traceback (most recent call last):
  File "/usr/local/lib/python3.10/dist-packages/django/core/handlers/exception.py", line 55, in inner
    response = get_response(request)
  File "/usr/local/lib/python3.10/dist-packages/django/utils/deprecation.py", line 119, in __call__
    response = self.process_request(request)
  File "/usr/local/lib/python3.10/dist-packages/django/middleware/common.py", line 48, in process_request
    host = request.get_host()
  File "/usr/local/lib/python3.10/dist-packages/django/http/request.py", line 186, in get_host
    raise DisallowedHost(msg)
django.core.exceptions.DisallowedHost: Invalid HTTP_HOST header: 'meiyrm.losdesign.ru'. You may need to add 'meiyrm.losdesign.ru' to ALLOWED_HOSTS.
2025-09-15 14:10:06,084 WARNING log Bad Request: /
2025-09-15 14:39:07,333 ERROR exception Invalid HTTP_HOST header: 'm.losdesign.ru'. You may need to add 'm.losdesign.ru' to ALLOWED_HOSTS.
Traceback (most recent call last):
  File "/usr/local/lib/python3.10/dist-packages/django/core/handlers/exception.py", line 55, in inner
    response = get_response(request)
  File "/usr/local/lib/python3.10/dist-packages/django/utils/deprecation.py", line 119, in __call__
    response = self.process_request(request)
  File "/usr/local/lib/python3.10/dist-packages/django/middleware/common.py", line 48, in process_request
    host = request.get_host()
  File "/usr/local/lib/python3.10/dist-packages/django/http/request.py", line 186, in get_host
    raise DisallowedHost(msg)
django.core.exceptions.DisallowedHost: Invalid HTTP_HOST header: 'm.losdesign.ru'. You may need to add 'm.losdesign.ru' to ALLOWED_HOSTS.
2025-09-15 14:39:07,334 WARNING log Bad Request: /robots.txt
2025-09-15 14:53:02,098 WARNING log Not Found: /favicon.ico
